# JRE version: Java(TM) SE Runtime Environment (8.0_121-b13) (build 1.8.0_121-b13)
# Java VM: Java HotSpot(TM) 64-Bit Server VM (25.121-b13 mixed mode windows-amd64 compressed oops)
Heap:
 PSYoungGen      total 417792K, used 195506K [0x00000000e0000000, 0x00000000ff900000, 0x0000000100000000)
  eden space 320512K, 55% used [0x00000000e0000000,0x00000000ead36830,0x00000000f3900000)
  from space 97280K, 18% used [0x00000000f9a00000,0x00000000fabb6118,0x00000000ff900000)
  to   space 98304K, 0% used [0x00000000f3900000,0x00000000f3900000,0x00000000f9900000)
 ParOldGen       total 300032K, used 259577K [0x00000000a0000000, 0x00000000b2500000, 0x00000000e0000000)
  object space 300032K, 86% used [0x00000000a0000000,0x00000000afd7e668,0x00000000b2500000)
 Metaspace       used 100305K, capacity 107696K, committed 107904K, reserved 1142784K
  class space    used 13110K, capacity 14369K, committed 14464K, reserved 1048576K
GC Heap History (10 events):
Event: 10670.153 GC heap before
{Heap before GC invocations=53 (full 7):
 PSYoungGen      total 406528K, used 406043K [0x00000000e0000000, 0x0000000100000000, 0x0000000100000000)
  eden space 324608K, 100% used [0x00000000e0000000,0x00000000f3d00000,0x00000000f3d00000)
  from space 81920K, 99% used [0x00000000f3d00000,0x00000000f8c86fd8,0x00000000f8d00000)
  to   space 106496K, 0% used [0x00000000f9800000,0x00000000f9800000,0x0000000100000000)
 ParOldGen       total 300032K, used 241290K [0x00000000a0000000, 0x00000000b2500000, 0x00000000e0000000)
  object space 300032K, 80% used [0x00000000a0000000,0x00000000aeba28e0,0x00000000b2500000)
 Metaspace       used 99317K, capacity 105494K, committed 105728K, reserved 1140736K
  class space    used 12935K, capacity 14056K, committed 14080K, reserved 1048576K
Event: 10670.225 GC heap after
Heap after GC invocations=53 (full 7):
 PSYoungGen      total 420864K, used 35889K [0x00000000e0000000, 0x0000000100000000, 0x0000000100000000)
  eden space 314368K, 0% used [0x00000000e0000000,0x00000000e0000000,0x00000000f3300000)
  from space 106496K, 33% used [0x00000000f9800000,0x00000000fbb0c4e0,0x0000000100000000)
  to   space 103424K, 0% used [0x00000000f3300000,0x00000000f3300000,0x00000000f9800000)
 ParOldGen       total 300032K, used 241970K [0x00000000a0000000, 0x00000000b2500000, 0x00000000e0000000)
  object space 300032K, 80% used [0x00000000a0000000,0x00000000aec4ca60,0x00000000b2500000)
 Metaspace       used 99317K, capacity 105494K, committed 105728K, reserved 1140736K
  class space    used 12935K, capacity 14056K, committed 14080K, reserved 1048576K
}
Event: 10829.234 GC heap before
{Heap before GC invocations=54 (full 7):
 PSYoungGen      total 420864K, used 350257K [0x00000000e0000000, 0x0000000100000000, 0x0000000100000000)
  eden space 314368K, 100% used [0x00000000e0000000,0x00000000f3300000,0x00000000f3300000)
  from space 106496K, 33% used [0x00000000f9800000,0x00000000fbb0c4e0,0x0000000100000000)
  to   space 103424K, 0% used [0x00000000f3300000,0x00000000f3300000,0x00000000f9800000)
 ParOldGen       total 300032K, used 241970K [0x00000000a0000000, 0x00000000b2500000, 0x00000000e0000000)
  object space 300032K, 80% used [0x00000000a0000000,0x00000000aec4ca60,0x00000000b2500000)
 Metaspace       used 100079K, capacity 107410K, committed 107648K, reserved 1142784K
  class space    used 13100K, capacity 14354K, committed 14464K, reserved 1048576K
Event: 10829.319 GC heap after
Heap after GC invocations=54 (full 7):
 PSYoungGen      total 417792K, used 64589K [0x00000000e0000000, 0x00000000ffe00000, 0x0000000100000000)
  eden space 314368K, 0% used [0x00000000e0000000,0x00000000e0000000,0x00000000f3300000)
  from space 103424K, 62% used [0x00000000f3300000,0x00000000f7213590,0x00000000f9800000)
  to   space 103936K, 0% used [0x00000000f9880000,0x00000000f9880000,0x00000000ffe00000)
 ParOldGen       total 300032K, used 243058K [0x00000000a0000000, 0x00000000b2500000, 0x00000000e0000000)
  object space 300032K, 81% used [0x00000000a0000000,0x00000000aed5ca90,0x00000000b2500000)
 Metaspace       used 100079K, capacity 107410K, committed 107648K, reserved 1142784K
  class space    used 13100K, capacity 14354K, committed 14464K, reserved 1048576K
}
Event: 10835.556 GC heap before
{Heap before GC invocations=55 (full 7):
 PSYoungGen      total 417792K, used 378957K [0x00000000e0000000, 0x00000000ffe00000, 0x0000000100000000)
  eden space 314368K, 100% used [0x00000000e0000000,0x00000000f3300000,0x00000000f3300000)
  from space 103424K, 62% used [0x00000000f3300000,0x00000000f7213590,0x00000000f9800000)
  to   space 103936K, 0% used [0x00000000f9880000,0x00000000f9880000,0x00000000ffe00000)
 ParOldGen       total 300032K, used 243058K [0x00000000a0000000, 0x00000000b2500000, 0x00000000e0000000)
  object space 300032K, 81% used [0x00000000a0000000,0x00000000aed5ca90,0x00000000b2500000)
 Metaspace       used 100096K, capacity 107410K, committed 107648K, reserved 1142784K
  class space    used 13100K, capacity 14354K, committed 14464K, reserved 1048576K
Event: 10835.662 GC heap after
Heap after GC invocations=55 (full 7):
 PSYoungGen      total 417280K, used 36572K [0x00000000e0000000, 0x00000000ffa80000, 0x0000000100000000)
  eden space 316928K, 0% used [0x00000000e0000000,0x00000000e0000000,0x00000000f3580000)
  from space 100352K, 36% used [0x00000000f9880000,0x00000000fbc37000,0x00000000ffa80000)
  to   space 100864K, 0% used [0x00000000f3580000,0x00000000f3580000,0x00000000f9800000)
 ParOldGen       total 300032K, used 255839K [0x00000000a0000000, 0x00000000b2500000, 0x00000000e0000000)
  object space 300032K, 85% used [0x00000000a0000000,0x00000000af9d7c98,0x00000000b2500000)
 Metaspace       used 100096K, capacity 107410K, committed 107648K, reserved 1142784K
  class space    used 13100K, capacity 14354K, committed 14464K, reserved 1048576K
}
Event: 11606.952 GC heap before
{Heap before GC invocations=56 (full 7):
 PSYoungGen      total 417280K, used 349994K [0x00000000e0000000, 0x00000000ffa80000, 0x0000000100000000)
  eden space 316928K, 98% used [0x00000000e0000000,0x00000000f3213ba8,0x00000000f3580000)
  from space 100352K, 36% used [0x00000000f9880000,0x00000000fbc37000,0x00000000ffa80000)
  to   space 100864K, 0% used [0x00000000f3580000,0x00000000f3580000,0x00000000f9800000)
 ParOldGen       total 300032K, used 255839K [0x00000000a0000000, 0x00000000b2500000, 0x00000000e0000000)
  object space 300032K, 85% used [0x00000000a0000000,0x00000000af9d7c98,0x00000000b2500000)
 Metaspace       used 100180K, capacity 107486K, committed 107648K, reserved 1142784K
  class space    used 13101K, capacity 14356K, committed 14464K, reserved 1048576K
Event: 11607.200 GC heap after
Heap after GC invocations=56 (full 7):
 PSYoungGen      total 417792K, used 35557K [0x00000000e0000000, 0x00000000ffa00000, 0x0000000100000000)
  eden space 316928K, 0% used [0x00000000e0000000,0x00000000e0000000,0x00000000f3580000)
  from space 100864K, 35% used [0x00000000f3580000,0x00000000f58394d0,0x00000000f9800000)
  to   space 98304K, 0% used [0x00000000f9a00000,0x00000000f9a00000,0x00000000ffa00000)
 ParOldGen       total 300032K, used 259537K [0x00000000a0000000, 0x00000000b2500000, 0x00000000e0000000)
  object space 300032K, 86% used [0x00000000a0000000,0x00000000afd74668,0x00000000b2500000)
 Metaspace       used 100180K, capacity 107486K, committed 107648K, reserved 1142784K
  class space    used 13101K, capacity 14356K, committed 14464K, reserved 1048576K
}
Event: 11674.486 GC heap before
{Heap before GC invocations=57 (full 7):
 PSYoungGen      total 417792K, used 352485K [0x00000000e0000000, 0x00000000ffa00000, 0x0000000100000000)
  eden space 316928K, 100% used [0x00000000e0000000,0x00000000f3580000,0x00000000f3580000)
  from space 100864K, 35% used [0x00000000f3580000,0x00000000f58394d0,0x00000000f9800000)
  to   space 98304K, 0% used [0x00000000f9a00000,0x00000000f9a00000,0x00000000ffa00000)
 ParOldGen       total 300032K, used 259537K [0x00000000a0000000, 0x00000000b2500000, 0x00000000e0000000)
  object space 300032K, 86% used [0x00000000a0000000,0x00000000afd74668,0x00000000b2500000)
 Metaspace       used 100226K, capacity 107622K, committed 107904K, reserved 1142784K
  class space    used 13108K, capacity 14368K, committed 14464K, reserved 1048576K
Event: 11674.577 GC heap after
Heap after GC invocations=57 (full 7):
 PSYoungGen      total 417792K, used 18136K [0x00000000e0000000, 0x00000000ff900000, 0x0000000100000000)
  eden space 320512K, 0% used [0x00000000e0000000,0x00000000e0000000,0x00000000f3900000)
  from space 97280K, 18% used [0x00000000f9a00000,0x00000000fabb6118,0x00000000ff900000)
  to   space 98304K, 0% used [0x00000000f3900000,0x00000000f3900000,0x00000000f9900000)
 ParOldGen       total 300032K, used 259577K [0x00000000a0000000, 0x00000000b2500000, 0x00000000e0000000)
  object space 300032K, 86% used [0x00000000a0000000,0x00000000afd7e668,0x00000000b2500000)
 Metaspace       used 100226K, capacity 107622K, committed 107904K, reserved 1142784K
  class space    used 13108K, capacity 14368K, committed 14464K, reserved 1048576K
}

