# JRE version: OpenJDK Runtime Environment (8.0_202-b03) (build 1.8.0_202-release-1483-b03)
# Java VM: OpenJDK 64-Bit Server VM (25.202-b03 mixed mode windows-amd64 compressed oops)
Heap:
 PSYoungGen      total 436224K, used 162468K [0x00000000e0000000, 0x00000000ff780000, 0x0000000100000000)
  eden space 364032K, 29% used [0x00000000e0000000,0x00000000e6843d90,0x00000000f6380000)
  from space 72192K, 77% used [0x00000000fae00000,0x00000000fe465608,0x00000000ff480000)
  to   space 75776K, 0% used [0x00000000f6380000,0x00000000f6380000,0x00000000fad80000)
 ParOldGen       total 198144K, used 130746K [0x00000000a0000000, 0x00000000ac180000, 0x00000000e0000000)
  object space 198144K, 65% used [0x00000000a0000000,0x00000000a7faebe0,0x00000000ac180000)
 Metaspace       used 132322K, capacity 139766K, committed 139944K, reserved 1171456K
  class space    used 16734K, capacity 18204K, committed 18344K, reserved 1048576K
GC Heap History (10 events):
Event: 2014.727 GC heap before
{Heap before GC invocations=45 (full 5):
 PSYoungGen      total 350720K, used 324982K [0x00000000e0000000, 0x00000000fa900000, 0x0000000100000000)
  eden space 289792K, 100% used [0x00000000e0000000,0x00000000f1b00000,0x00000000f1b00000)
  from space 60928K, 57% used [0x00000000f1b00000,0x00000000f3d5d8b0,0x00000000f5680000)
  to   space 59904K, 0% used [0x00000000f6e80000,0x00000000f6e80000,0x00000000fa900000)
 ParOldGen       total 198144K, used 124011K [0x00000000a0000000, 0x00000000ac180000, 0x00000000e0000000)
  object space 198144K, 62% used [0x00000000a0000000,0x00000000a791ad28,0x00000000ac180000)
 Metaspace       used 119975K, capacity 126358K, committed 126504K, reserved 1159168K
  class space    used 15327K, capacity 16579K, committed 16680K, reserved 1048576K
Event: 2014.815 GC heap after
Heap after GC invocations=45 (full 5):
 PSYoungGen      total 375808K, used 35963K [0x00000000e0000000, 0x00000000fad80000, 0x0000000100000000)
  eden space 315904K, 0% used [0x00000000e0000000,0x00000000e0000000,0x00000000f3480000)
  from space 59904K, 60% used [0x00000000f6e80000,0x00000000f919edb0,0x00000000fa900000)
  to   space 59392K, 0% used [0x00000000f3480000,0x00000000f3480000,0x00000000f6e80000)
 ParOldGen       total 198144K, used 124011K [0x00000000a0000000, 0x00000000ac180000, 0x00000000e0000000)
  object space 198144K, 62% used [0x00000000a0000000,0x00000000a791ad28,0x00000000ac180000)
 Metaspace       used 119975K, capacity 126358K, committed 126504K, reserved 1159168K
  class space    used 15327K, capacity 16579K, committed 16680K, reserved 1048576K
}
Event: 2019.928 GC heap before
{Heap before GC invocations=46 (full 5):
 PSYoungGen      total 375808K, used 351867K [0x00000000e0000000, 0x00000000fad80000, 0x0000000100000000)
  eden space 315904K, 100% used [0x00000000e0000000,0x00000000f3480000,0x00000000f3480000)
  from space 59904K, 60% used [0x00000000f6e80000,0x00000000f919edb0,0x00000000fa900000)
  to   space 59392K, 0% used [0x00000000f3480000,0x00000000f3480000,0x00000000f6e80000)
 ParOldGen       total 198144K, used 124011K [0x00000000a0000000, 0x00000000ac180000, 0x00000000e0000000)
  object space 198144K, 62% used [0x00000000a0000000,0x00000000a791ad28,0x00000000ac180000)
 Metaspace       used 120007K, capacity 126358K, committed 126504K, reserved 1159168K
  class space    used 15329K, capacity 16579K, committed 16680K, reserved 1048576K
Event: 2020.001 GC heap after
Heap after GC invocations=46 (full 5):
 PSYoungGen      total 375296K, used 32554K [0x00000000e0000000, 0x00000000fc280000, 0x0000000100000000)
  eden space 315904K, 0% used [0x00000000e0000000,0x00000000e0000000,0x00000000f3480000)
  from space 59392K, 54% used [0x00000000f3480000,0x00000000f544abb8,0x00000000f6e80000)
  to   space 57344K, 0% used [0x00000000f8a80000,0x00000000f8a80000,0x00000000fc280000)
 ParOldGen       total 198144K, used 124019K [0x00000000a0000000, 0x00000000ac180000, 0x00000000e0000000)
  object space 198144K, 62% used [0x00000000a0000000,0x00000000a791cd28,0x00000000ac180000)
 Metaspace       used 120007K, capacity 126358K, committed 126504K, reserved 1159168K
  class space    used 15329K, capacity 16579K, committed 16680K, reserved 1048576K
}
Event: 2036.468 GC heap before
{Heap before GC invocations=47 (full 5):
 PSYoungGen      total 375296K, used 348458K [0x00000000e0000000, 0x00000000fc280000, 0x0000000100000000)
  eden space 315904K, 100% used [0x00000000e0000000,0x00000000f3480000,0x00000000f3480000)
  from space 59392K, 54% used [0x00000000f3480000,0x00000000f544abb8,0x00000000f6e80000)
  to   space 57344K, 0% used [0x00000000f8a80000,0x00000000f8a80000,0x00000000fc280000)
 ParOldGen       total 198144K, used 124019K [0x00000000a0000000, 0x00000000ac180000, 0x00000000e0000000)
  object space 198144K, 62% used [0x00000000a0000000,0x00000000a791cd28,0x00000000ac180000)
 Metaspace       used 123554K, capacity 130401K, committed 130728K, reserved 1163264K
  class space    used 15843K, capacity 17203K, committed 17320K, reserved 1048576K
Event: 2036.587 GC heap after
Heap after GC invocations=47 (full 5):
 PSYoungGen      total 399360K, used 50151K [0x00000000e0000000, 0x00000000fc980000, 0x0000000100000000)
  eden space 342016K, 0% used [0x00000000e0000000,0x00000000e0000000,0x00000000f4e00000)
  from space 57344K, 87% used [0x00000000f8a80000,0x00000000fbb79fe8,0x00000000fc280000)
  to   space 61952K, 0% used [0x00000000f4e00000,0x00000000f4e00000,0x00000000f8a80000)
 ParOldGen       total 198144K, used 124027K [0x00000000a0000000, 0x00000000ac180000, 0x00000000e0000000)
  object space 198144K, 62% used [0x00000000a0000000,0x00000000a791ed28,0x00000000ac180000)
 Metaspace       used 123554K, capacity 130401K, committed 130728K, reserved 1163264K
  class space    used 15843K, capacity 17203K, committed 17320K, reserved 1048576K
}
Event: 3268.868 GC heap before
{Heap before GC invocations=48 (full 5):
 PSYoungGen      total 399360K, used 392167K [0x00000000e0000000, 0x00000000fc980000, 0x0000000100000000)
  eden space 342016K, 100% used [0x00000000e0000000,0x00000000f4e00000,0x00000000f4e00000)
  from space 57344K, 87% used [0x00000000f8a80000,0x00000000fbb79fe8,0x00000000fc280000)
  to   space 61952K, 0% used [0x00000000f4e00000,0x00000000f4e00000,0x00000000f8a80000)
 ParOldGen       total 198144K, used 124027K [0x00000000a0000000, 0x00000000ac180000, 0x00000000e0000000)
  object space 198144K, 62% used [0x00000000a0000000,0x00000000a791ed28,0x00000000ac180000)
 Metaspace       used 127671K, capacity 134937K, committed 135208K, reserved 1167360K
  class space    used 16186K, capacity 17633K, committed 17704K, reserved 1048576K
Event: 3269.265 GC heap after
Heap after GC invocations=48 (full 5):
 PSYoungGen      total 403968K, used 61926K [0x00000000e0000000, 0x00000000ff480000, 0x0000000100000000)
  eden space 342016K, 0% used [0x00000000e0000000,0x00000000e0000000,0x00000000f4e00000)
  from space 61952K, 99% used [0x00000000f4e00000,0x00000000f8a79af8,0x00000000f8a80000)
  to   space 72192K, 0% used [0x00000000fae00000,0x00000000fae00000,0x00000000ff480000)
 ParOldGen       total 198144K, used 130738K [0x00000000a0000000, 0x00000000ac180000, 0x00000000e0000000)
  object space 198144K, 65% used [0x00000000a0000000,0x00000000a7facbe0,0x00000000ac180000)
 Metaspace       used 127671K, capacity 134937K, committed 135208K, reserved 1167360K
  class space    used 16186K, capacity 17633K, committed 17704K, reserved 1048576K
}
Event: 3378.454 GC heap before
{Heap before GC invocations=49 (full 5):
 PSYoungGen      total 403968K, used 403942K [0x00000000e0000000, 0x00000000ff480000, 0x0000000100000000)
  eden space 342016K, 100% used [0x00000000e0000000,0x00000000f4e00000,0x00000000f4e00000)
  from space 61952K, 99% used [0x00000000f4e00000,0x00000000f8a79af8,0x00000000f8a80000)
  to   space 72192K, 0% used [0x00000000fae00000,0x00000000fae00000,0x00000000ff480000)
 ParOldGen       total 198144K, used 130738K [0x00000000a0000000, 0x00000000ac180000, 0x00000000e0000000)
  object space 198144K, 65% used [0x00000000a0000000,0x00000000a7facbe0,0x00000000ac180000)
 Metaspace       used 130301K, capacity 137777K, committed 138152K, reserved 1169408K
  class space    used 16457K, capacity 17935K, committed 18088K, reserved 1048576K
Event: 3378.545 GC heap after
Heap after GC invocations=49 (full 5):
 PSYoungGen      total 436224K, used 55701K [0x00000000e0000000, 0x00000000ff780000, 0x0000000100000000)
  eden space 364032K, 0% used [0x00000000e0000000,0x00000000e0000000,0x00000000f6380000)
  from space 72192K, 77% used [0x00000000fae00000,0x00000000fe465608,0x00000000ff480000)
  to   space 75776K, 0% used [0x00000000f6380000,0x00000000f6380000,0x00000000fad80000)
 ParOldGen       total 198144K, used 130746K [0x00000000a0000000, 0x00000000ac180000, 0x00000000e0000000)
  object space 198144K, 65% used [0x00000000a0000000,0x00000000a7faebe0,0x00000000ac180000)
 Metaspace       used 130301K, capacity 137777K, committed 138152K, reserved 1169408K
  class space    used 16457K, capacity 17935K, committed 18088K, reserved 1048576K
}

