# JRE version: Java(TM) SE Runtime Environment (8.0_121-b13) (build 1.8.0_121-b13)
# Java VM: Java HotSpot(TM) 64-Bit Server VM (25.121-b13 mixed mode windows-amd64 compressed oops)
Heap:
 PSYoungGen      total 108032K, used 107521K [0x00000000e0000000, 0x00000000e7880000, 0x0000000100000000)
  eden space 95744K, 100% used [0x00000000e0000000,0x00000000e5d80000,0x00000000e5d80000)
  from space 12288K, 95% used [0x00000000e6b00000,0x00000000e76804b8,0x00000000e7700000)
  to   space 13824K, 31% used [0x00000000e5d80000,0x00000000e61c0010,0x00000000e6b00000)
 ParOldGen       total 87040K, used 33686K [0x00000000a0000000, 0x00000000a5500000, 0x00000000e0000000)
  object space 87040K, 38% used [0x00000000a0000000,0x00000000a20e59b0,0x00000000a5500000)
 Metaspace       used 64361K, capacity 66928K, committed 67072K, reserved 1107968K
  class space    used 8916K, capacity 9467K, committed 9472K, reserved 1048576K
GC Heap History (10 events):
Event: 34.641 GC heap before
{Heap before GC invocations=23 (full 2):
 PSYoungGen      total 83968K, used 81123K [0x00000000e0000000, 0x00000000e6080000, 0x0000000100000000)
  eden space 73728K, 100% used [0x00000000e0000000,0x00000000e4800000,0x00000000e4800000)
  from space 10240K, 72% used [0x00000000e5280000,0x00000000e59b8e90,0x00000000e5c80000)
  to   space 10752K, 0% used [0x00000000e4800000,0x00000000e4800000,0x00000000e5280000)
 ParOldGen       total 52224K, used 29835K [0x00000000a0000000, 0x00000000a3300000, 0x00000000e0000000)
  object space 52224K, 57% used [0x00000000a0000000,0x00000000a1d22d18,0x00000000a3300000)
 Metaspace       used 54837K, capacity 56822K, committed 57088K, reserved 1097728K
  class space    used 7621K, capacity 8087K, committed 8192K, reserved 1048576K
Event: 34.658 GC heap after
Heap after GC invocations=23 (full 2):
 PSYoungGen      total 84480K, used 10736K [0x00000000e0000000, 0x00000000e6c80000, 0x0000000100000000)
  eden space 73728K, 0% used [0x00000000e0000000,0x00000000e0000000,0x00000000e4800000)
  from space 10752K, 99% used [0x00000000e4800000,0x00000000e527c0a0,0x00000000e5280000)
  to   space 12288K, 0% used [0x00000000e6080000,0x00000000e6080000,0x00000000e6c80000)
 ParOldGen       total 52224K, used 30696K [0x00000000a0000000, 0x00000000a3300000, 0x00000000e0000000)
  object space 52224K, 58% used [0x00000000a0000000,0x00000000a1dfa390,0x00000000a3300000)
 Metaspace       used 54837K, capacity 56822K, committed 57088K, reserved 1097728K
  class space    used 7621K, capacity 8087K, committed 8192K, reserved 1048576K
}
Event: 36.091 GC heap before
{Heap before GC invocations=24 (full 2):
 PSYoungGen      total 84480K, used 50491K [0x00000000e0000000, 0x00000000e6c80000, 0x0000000100000000)
  eden space 73728K, 53% used [0x00000000e0000000,0x00000000e26d2cf8,0x00000000e4800000)
  from space 10752K, 99% used [0x00000000e4800000,0x00000000e527c0a0,0x00000000e5280000)
  to   space 12288K, 0% used [0x00000000e6080000,0x00000000e6080000,0x00000000e6c80000)
 ParOldGen       total 52224K, used 30696K [0x00000000a0000000, 0x00000000a3300000, 0x00000000e0000000)
  object space 52224K, 58% used [0x00000000a0000000,0x00000000a1dfa390,0x00000000a3300000)
 Metaspace       used 56863K, capacity 59006K, committed 59028K, reserved 1099776K
  class space    used 7952K, capacity 8434K, committed 8448K, reserved 1048576K
Event: 36.119 GC heap after
Heap after GC invocations=24 (full 2):
 PSYoungGen      total 98816K, used 3288K [0x00000000e0000000, 0x00000000e6e00000, 0x0000000100000000)
  eden space 86528K, 0% used [0x00000000e0000000,0x00000000e0000000,0x00000000e5480000)
  from space 12288K, 26% used [0x00000000e6080000,0x00000000e63b6230,0x00000000e6c80000)
  to   space 12288K, 0% used [0x00000000e5480000,0x00000000e5480000,0x00000000e6080000)
 ParOldGen       total 52224K, used 38190K [0x00000000a0000000, 0x00000000a3300000, 0x00000000e0000000)
  object space 52224K, 73% used [0x00000000a0000000,0x00000000a254b8a8,0x00000000a3300000)
 Metaspace       used 56863K, capacity 59006K, committed 59028K, reserved 1099776K
  class space    used 7952K, capacity 8434K, committed 8448K, reserved 1048576K
}
Event: 36.119 GC heap before
{Heap before GC invocations=25 (full 3):
 PSYoungGen      total 98816K, used 3288K [0x00000000e0000000, 0x00000000e6e00000, 0x0000000100000000)
  eden space 86528K, 0% used [0x00000000e0000000,0x00000000e0000000,0x00000000e5480000)
  from space 12288K, 26% used [0x00000000e6080000,0x00000000e63b6230,0x00000000e6c80000)
  to   space 12288K, 0% used [0x00000000e5480000,0x00000000e5480000,0x00000000e6080000)
 ParOldGen       total 52224K, used 38190K [0x00000000a0000000, 0x00000000a3300000, 0x00000000e0000000)
  object space 52224K, 73% used [0x00000000a0000000,0x00000000a254b8a8,0x00000000a3300000)
 Metaspace       used 56863K, capacity 59006K, committed 59028K, reserved 1099776K
  class space    used 7952K, capacity 8434K, committed 8448K, reserved 1048576K
Event: 36.593 GC heap after
Heap after GC invocations=25 (full 3):
 PSYoungGen      total 98816K, used 0K [0x00000000e0000000, 0x00000000e6e00000, 0x0000000100000000)
  eden space 86528K, 0% used [0x00000000e0000000,0x00000000e0000000,0x00000000e5480000)
  from space 12288K, 0% used [0x00000000e6080000,0x00000000e6080000,0x00000000e6c80000)
  to   space 12288K, 0% used [0x00000000e5480000,0x00000000e5480000,0x00000000e6080000)
 ParOldGen       total 87040K, used 33670K [0x00000000a0000000, 0x00000000a5500000, 0x00000000e0000000)
  object space 87040K, 38% used [0x00000000a0000000,0x00000000a20e19b0,0x00000000a5500000)
 Metaspace       used 56848K, capacity 58958K, committed 59028K, reserved 1099776K
  class space    used 7948K, capacity 8426K, committed 8448K, reserved 1048576K
}
Event: 40.645 GC heap before
{Heap before GC invocations=26 (full 3):
 PSYoungGen      total 98816K, used 86528K [0x00000000e0000000, 0x00000000e6e00000, 0x0000000100000000)
  eden space 86528K, 100% used [0x00000000e0000000,0x00000000e5480000,0x00000000e5480000)
  from space 12288K, 0% used [0x00000000e6080000,0x00000000e6080000,0x00000000e6c80000)
  to   space 12288K, 0% used [0x00000000e5480000,0x00000000e5480000,0x00000000e6080000)
 ParOldGen       total 87040K, used 33670K [0x00000000a0000000, 0x00000000a5500000, 0x00000000e0000000)
  object space 87040K, 38% used [0x00000000a0000000,0x00000000a20e19b0,0x00000000a5500000)
 Metaspace       used 61586K, capacity 63762K, committed 64000K, reserved 1103872K
  class space    used 8623K, capacity 9146K, committed 9216K, reserved 1048576K
Event: 40.660 GC heap after
Heap after GC invocations=26 (full 3):
 PSYoungGen      total 98816K, used 6973K [0x00000000e0000000, 0x00000000e7700000, 0x0000000100000000)
  eden space 86528K, 0% used [0x00000000e0000000,0x00000000e0000000,0x00000000e5480000)
  from space 12288K, 56% used [0x00000000e5480000,0x00000000e5b4f420,0x00000000e6080000)
  to   space 12288K, 0% used [0x00000000e6b00000,0x00000000e6b00000,0x00000000e7700000)
 ParOldGen       total 87040K, used 33678K [0x00000000a0000000, 0x00000000a5500000, 0x00000000e0000000)
  object space 87040K, 38% used [0x00000000a0000000,0x00000000a20e39b0,0x00000000a5500000)
 Metaspace       used 61586K, capacity 63762K, committed 64000K, reserved 1103872K
  class space    used 8623K, capacity 9146K, committed 9216K, reserved 1048576K
}
Event: 49.480 GC heap before
{Heap before GC invocations=27 (full 3):
 PSYoungGen      total 98816K, used 93501K [0x00000000e0000000, 0x00000000e7700000, 0x0000000100000000)
  eden space 86528K, 100% used [0x00000000e0000000,0x00000000e5480000,0x00000000e5480000)
  from space 12288K, 56% used [0x00000000e5480000,0x00000000e5b4f420,0x00000000e6080000)
  to   space 12288K, 0% used [0x00000000e6b00000,0x00000000e6b00000,0x00000000e7700000)
 ParOldGen       total 87040K, used 33678K [0x00000000a0000000, 0x00000000a5500000, 0x00000000e0000000)
  object space 87040K, 38% used [0x00000000a0000000,0x00000000a20e39b0,0x00000000a5500000)
 Metaspace       used 62417K, capacity 64614K, committed 64896K, reserved 1105920K
  class space    used 8719K, capacity 9236K, committed 9344K, reserved 1048576K
Event: 49.499 GC heap after
Heap after GC invocations=27 (full 3):
 PSYoungGen      total 108032K, used 11777K [0x00000000e0000000, 0x00000000e7880000, 0x0000000100000000)
  eden space 95744K, 0% used [0x00000000e0000000,0x00000000e0000000,0x00000000e5d80000)
  from space 12288K, 95% used [0x00000000e6b00000,0x00000000e76804b8,0x00000000e7700000)
  to   space 13824K, 0% used [0x00000000e5d80000,0x00000000e5d80000,0x00000000e6b00000)
 ParOldGen       total 87040K, used 33686K [0x00000000a0000000, 0x00000000a5500000, 0x00000000e0000000)
  object space 87040K, 38% used [0x00000000a0000000,0x00000000a20e59b0,0x00000000a5500000)
 Metaspace       used 62417K, capacity 64614K, committed 64896K, reserved 1105920K
  class space    used 8719K, capacity 9236K, committed 9344K, reserved 1048576K
}

