# JRE version: Java(TM) SE Runtime Environment (8.0_121-b13) (build 1.8.0_121-b13)
# Java VM: Java HotSpot(TM) 64-Bit Server VM (25.121-b13 mixed mode windows-amd64 compressed oops)
Heap:
 PSYoungGen      total 647680K, used 383338K [0x000000078b300000, 0x00000007bbf00000, 0x00000007c0000000)
  eden space 509952K, 61% used [0x000000078b300000,0x000000079e4193e0,0x00000007aa500000)
  from space 137728K, 51% used [0x00000007b3880000,0x00000007b7dc16d8,0x00000007bbf00000)
  to   space 144384K, 0% used [0x00000007aa500000,0x00000007aa500000,0x00000007b3200000)
 ParOldGen       total 347136K, used 225284K [0x0000000721800000, 0x0000000736b00000, 0x000000078b300000)
  object space 347136K, 64% used [0x0000000721800000,0x000000072f4013a8,0x0000000736b00000)
 Metaspace       used 96969K, capacity 101898K, committed 102144K, reserved 1138688K
  class space    used 12532K, capacity 13436K, committed 13568K, reserved 1048576K
GC Heap History (10 events):
Event: 3580.179 GC heap before
{Heap before GC invocations=61 (full 8):
 PSYoungGen      total 551424K, used 466662K [0x000000078b300000, 0x00000007b4400000, 0x00000007c0000000)
  eden space 448512K, 100% used [0x000000078b300000,0x00000007a6900000,0x00000007a6900000)
  from space 102912K, 17% used [0x00000007adf80000,0x00000007af1398d8,0x00000007b4400000)
  to   space 112128K, 0% used [0x00000007a6900000,0x00000007a6900000,0x00000007ad680000)
 ParOldGen       total 329216K, used 234895K [0x0000000721800000, 0x0000000735980000, 0x000000078b300000)
  object space 329216K, 71% used [0x0000000721800000,0x000000072fd63ee8,0x0000000735980000)
 Metaspace       used 96723K, capacity 101532K, committed 101888K, reserved 1138688K
  class space    used 12523K, capacity 13421K, committed 13568K, reserved 1048576K
Event: 3580.264 GC heap after
Heap after GC invocations=61 (full 8):
 PSYoungGen      total 560640K, used 54599K [0x000000078b300000, 0x00000007b6a00000, 0x00000007c0000000)
  eden space 448512K, 0% used [0x000000078b300000,0x000000078b300000,0x00000007a6900000)
  from space 112128K, 48% used [0x00000007a6900000,0x00000007a9e51fe8,0x00000007ad680000)
  to   space 110080K, 0% used [0x00000007afe80000,0x00000007afe80000,0x00000007b6a00000)
 ParOldGen       total 329216K, used 234903K [0x0000000721800000, 0x0000000735980000, 0x000000078b300000)
  object space 329216K, 71% used [0x0000000721800000,0x000000072fd65ee8,0x0000000735980000)
 Metaspace       used 96723K, capacity 101532K, committed 101888K, reserved 1138688K
  class space    used 12523K, capacity 13421K, committed 13568K, reserved 1048576K
}
Event: 3583.419 GC heap before
{Heap before GC invocations=62 (full 8):
 PSYoungGen      total 560640K, used 503111K [0x000000078b300000, 0x00000007b6a00000, 0x00000007c0000000)
  eden space 448512K, 100% used [0x000000078b300000,0x00000007a6900000,0x00000007a6900000)
  from space 112128K, 48% used [0x00000007a6900000,0x00000007a9e51fe8,0x00000007ad680000)
  to   space 110080K, 0% used [0x00000007afe80000,0x00000007afe80000,0x00000007b6a00000)
 ParOldGen       total 329216K, used 234903K [0x0000000721800000, 0x0000000735980000, 0x000000078b300000)
  object space 329216K, 71% used [0x0000000721800000,0x000000072fd65ee8,0x0000000735980000)
 Metaspace       used 96745K, capacity 101600K, committed 101888K, reserved 1138688K
  class space    used 12523K, capacity 13421K, committed 13568K, reserved 1048576K
Event: 3583.677 GC heap after
Heap after GC invocations=62 (full 8):
 PSYoungGen      total 565248K, used 110059K [0x000000078b300000, 0x00000007bc300000, 0x00000007c0000000)
  eden space 455168K, 0% used [0x000000078b300000,0x000000078b300000,0x00000007a6f80000)
  from space 110080K, 99% used [0x00000007afe80000,0x00000007b69fafc0,0x00000007b6a00000)
  to   space 146432K, 0% used [0x00000007a6f80000,0x00000007a6f80000,0x00000007afe80000)
 ParOldGen       total 329216K, used 283223K [0x0000000721800000, 0x0000000735980000, 0x000000078b300000)
  object space 329216K, 86% used [0x0000000721800000,0x0000000732c95ce8,0x0000000735980000)
 Metaspace       used 96745K, capacity 101600K, committed 101888K, reserved 1138688K
  class space    used 12523K, capacity 13421K, committed 13568K, reserved 1048576K
}
Event: 3583.677 GC heap before
{Heap before GC invocations=63 (full 9):
 PSYoungGen      total 565248K, used 110059K [0x000000078b300000, 0x00000007bc300000, 0x00000007c0000000)
  eden space 455168K, 0% used [0x000000078b300000,0x000000078b300000,0x00000007a6f80000)
  from space 110080K, 99% used [0x00000007afe80000,0x00000007b69fafc0,0x00000007b6a00000)
  to   space 146432K, 0% used [0x00000007a6f80000,0x00000007a6f80000,0x00000007afe80000)
 ParOldGen       total 329216K, used 283223K [0x0000000721800000, 0x0000000735980000, 0x000000078b300000)
  object space 329216K, 86% used [0x0000000721800000,0x0000000732c95ce8,0x0000000735980000)
 Metaspace       used 96745K, capacity 101600K, committed 101888K, reserved 1138688K
  class space    used 12523K, capacity 13421K, committed 13568K, reserved 1048576K
Event: 3585.179 GC heap after
Heap after GC invocations=63 (full 9):
 PSYoungGen      total 565248K, used 0K [0x000000078b300000, 0x00000007bc300000, 0x00000007c0000000)
  eden space 455168K, 0% used [0x000000078b300000,0x000000078b300000,0x00000007a6f80000)
  from space 110080K, 0% used [0x00000007afe80000,0x00000007afe80000,0x00000007b6a00000)
  to   space 146432K, 0% used [0x00000007a6f80000,0x00000007a6f80000,0x00000007afe80000)
 ParOldGen       total 347136K, used 220437K [0x0000000721800000, 0x0000000736b00000, 0x000000078b300000)
  object space 347136K, 63% used [0x0000000721800000,0x000000072ef457b8,0x0000000736b00000)
 Metaspace       used 96745K, capacity 101600K, committed 101888K, reserved 1138688K
  class space    used 12523K, capacity 13421K, committed 13568K, reserved 1048576K
}
Event: 3588.411 GC heap before
{Heap before GC invocations=64 (full 9):
 PSYoungGen      total 565248K, used 455168K [0x000000078b300000, 0x00000007bc300000, 0x00000007c0000000)
  eden space 455168K, 100% used [0x000000078b300000,0x00000007a6f80000,0x00000007a6f80000)
  from space 110080K, 0% used [0x00000007afe80000,0x00000007afe80000,0x00000007b6a00000)
  to   space 146432K, 0% used [0x00000007a6f80000,0x00000007a6f80000,0x00000007afe80000)
 ParOldGen       total 347136K, used 220437K [0x0000000721800000, 0x0000000736b00000, 0x000000078b300000)
  object space 347136K, 63% used [0x0000000721800000,0x000000072ef457b8,0x0000000736b00000)
 Metaspace       used 96758K, capacity 101600K, committed 101888K, reserved 1138688K
  class space    used 12523K, capacity 13421K, committed 13568K, reserved 1048576K
Event: 3588.425 GC heap after
Heap after GC invocations=64 (full 9):
 PSYoungGen      total 601600K, used 5110K [0x000000078b300000, 0x00000007bc680000, 0x00000007c0000000)
  eden space 455168K, 0% used [0x000000078b300000,0x000000078b300000,0x00000007a6f80000)
  from space 146432K, 3% used [0x00000007a6f80000,0x00000007a747d828,0x00000007afe80000)
  to   space 145408K, 0% used [0x00000007b3880000,0x00000007b3880000,0x00000007bc680000)
 ParOldGen       total 347136K, used 220437K [0x0000000721800000, 0x0000000736b00000, 0x000000078b300000)
  object space 347136K, 63% used [0x0000000721800000,0x000000072ef457b8,0x0000000736b00000)
 Metaspace       used 96758K, capacity 101600K, committed 101888K, reserved 1138688K
  class space    used 12523K, capacity 13421K, committed 13568K, reserved 1048576K
}
Event: 3603.273 GC heap before
{Heap before GC invocations=65 (full 9):
 PSYoungGen      total 601600K, used 459900K [0x000000078b300000, 0x00000007bc680000, 0x00000007c0000000)
  eden space 455168K, 99% used [0x000000078b300000,0x00000007a6f21990,0x00000007a6f80000)
  from space 146432K, 3% used [0x00000007a6f80000,0x00000007a747d828,0x00000007afe80000)
  to   space 145408K, 0% used [0x00000007b3880000,0x00000007b3880000,0x00000007bc680000)
 ParOldGen       total 347136K, used 220437K [0x0000000721800000, 0x0000000736b00000, 0x000000078b300000)
  object space 347136K, 63% used [0x0000000721800000,0x000000072ef457b8,0x0000000736b00000)
 Metaspace       used 96791K, capacity 101672K, committed 102144K, reserved 1138688K
  class space    used 12523K, capacity 13421K, committed 13568K, reserved 1048576K
Event: 3603.314 GC heap after
Heap after GC invocations=65 (full 9):
 PSYoungGen      total 647680K, used 70917K [0x000000078b300000, 0x00000007bbf00000, 0x00000007c0000000)
  eden space 509952K, 0% used [0x000000078b300000,0x000000078b300000,0x00000007aa500000)
  from space 137728K, 51% used [0x00000007b3880000,0x00000007b7dc16d8,0x00000007bbf00000)
  to   space 144384K, 0% used [0x00000007aa500000,0x00000007aa500000,0x00000007b3200000)
 ParOldGen       total 347136K, used 225284K [0x0000000721800000, 0x0000000736b00000, 0x000000078b300000)
  object space 347136K, 64% used [0x0000000721800000,0x000000072f4013a8,0x0000000736b00000)
 Metaspace       used 96791K, capacity 101672K, committed 102144K, reserved 1138688K
  class space    used 12523K, capacity 13421K, committed 13568K, reserved 1048576K
}

