# JRE version: OpenJDK Runtime Environment (8.0_202-b03) (build 1.8.0_202-release-1483-b03)
# Java VM: OpenJDK 64-Bit Server VM (25.202-b03 mixed mode windows-amd64 compressed oops)
Heap:
 PSYoungGen      total 456192K, used 89254K [0x00000000e0000000, 0x00000000ff780000, 0x0000000100000000)
  eden space 396800K, 14% used [0x00000000e0000000,0x00000000e387a9b8,0x00000000f8380000)
  from space 59392K, 52% used [0x00000000f8380000,0x00000000fa22f028,0x00000000fbd80000)
  to   space 57344K, 0% used [0x00000000fbf80000,0x00000000fbf80000,0x00000000ff780000)
 ParOldGen       total 272896K, used 160136K [0x00000000a0000000, 0x00000000b0a80000, 0x00000000e0000000)
  object space 272896K, 58% used [0x00000000a0000000,0x00000000a9c62008,0x00000000b0a80000)
 Metaspace       used 103932K, capacity 109890K, committed 110208K, reserved 1144832K
  class space    used 12984K, capacity 14121K, committed 14208K, reserved 1048576K
GC Heap History (10 events):
Event: 1402.735 GC heap before
{Heap before GC invocations=44 (full 5):
 PSYoungGen      total 448000K, used 418756K [0x00000000e0000000, 0x00000000ffe80000, 0x0000000100000000)
  eden space 378368K, 100% used [0x00000000e0000000,0x00000000f7180000,0x00000000f7180000)
  from space 69632K, 58% used [0x00000000fba80000,0x00000000fe1f1288,0x00000000ffe80000)
  to   space 72192K, 0% used [0x00000000f7180000,0x00000000f7180000,0x00000000fb800000)
 ParOldGen       total 272896K, used 160112K [0x00000000a0000000, 0x00000000b0a80000, 0x00000000e0000000)
  object space 272896K, 58% used [0x00000000a0000000,0x00000000a9c5c008,0x00000000b0a80000)
 Metaspace       used 102376K, capacity 107636K, committed 107776K, reserved 1142784K
  class space    used 12814K, capacity 13807K, committed 13824K, reserved 1048576K
Event: 1402.949 GC heap after
Heap after GC invocations=44 (full 5):
 PSYoungGen      total 450560K, used 23309K [0x00000000e0000000, 0x00000000ffa80000, 0x0000000100000000)
  eden space 378368K, 0% used [0x00000000e0000000,0x00000000e0000000,0x00000000f7180000)
  from space 72192K, 32% used [0x00000000f7180000,0x00000000f88437f8,0x00000000fb800000)
  to   space 68096K, 0% used [0x00000000fb800000,0x00000000fb800000,0x00000000ffa80000)
 ParOldGen       total 272896K, used 160120K [0x00000000a0000000, 0x00000000b0a80000, 0x00000000e0000000)
  object space 272896K, 58% used [0x00000000a0000000,0x00000000a9c5e008,0x00000000b0a80000)
 Metaspace       used 102376K, capacity 107636K, committed 107776K, reserved 1142784K
  class space    used 12814K, capacity 13807K, committed 13824K, reserved 1048576K
}
Event: 1803.395 GC heap before
{Heap before GC invocations=45 (full 5):
 PSYoungGen      total 450560K, used 401677K [0x00000000e0000000, 0x00000000ffa80000, 0x0000000100000000)
  eden space 378368K, 100% used [0x00000000e0000000,0x00000000f7180000,0x00000000f7180000)
  from space 72192K, 32% used [0x00000000f7180000,0x00000000f88437f8,0x00000000fb800000)
  to   space 68096K, 0% used [0x00000000fb800000,0x00000000fb800000,0x00000000ffa80000)
 ParOldGen       total 272896K, used 160120K [0x00000000a0000000, 0x00000000b0a80000, 0x00000000e0000000)
  object space 272896K, 58% used [0x00000000a0000000,0x00000000a9c5e008,0x00000000b0a80000)
 Metaspace       used 103461K, capacity 109298K, committed 109568K, reserved 1144832K
  class space    used 12940K, capacity 14045K, committed 14080K, reserved 1048576K
Event: 1803.514 GC heap after
Heap after GC invocations=45 (full 5):
 PSYoungGen      total 447488K, used 19954K [0x00000000e0000000, 0x00000000ff600000, 0x0000000100000000)
  eden space 384000K, 0% used [0x00000000e0000000,0x00000000e0000000,0x00000000f7700000)
  from space 63488K, 31% used [0x00000000fb800000,0x00000000fcb7c8c0,0x00000000ff600000)
  to   space 65024K, 0% used [0x00000000f7700000,0x00000000f7700000,0x00000000fb680000)
 ParOldGen       total 272896K, used 160128K [0x00000000a0000000, 0x00000000b0a80000, 0x00000000e0000000)
  object space 272896K, 58% used [0x00000000a0000000,0x00000000a9c60008,0x00000000b0a80000)
 Metaspace       used 103461K, capacity 109298K, committed 109568K, reserved 1144832K
  class space    used 12940K, capacity 14045K, committed 14080K, reserved 1048576K
}
Event: 1846.029 GC heap before
{Heap before GC invocations=46 (full 5):
 PSYoungGen      total 447488K, used 403954K [0x00000000e0000000, 0x00000000ff600000, 0x0000000100000000)
  eden space 384000K, 100% used [0x00000000e0000000,0x00000000f7700000,0x00000000f7700000)
  from space 63488K, 31% used [0x00000000fb800000,0x00000000fcb7c8c0,0x00000000ff600000)
  to   space 65024K, 0% used [0x00000000f7700000,0x00000000f7700000,0x00000000fb680000)
 ParOldGen       total 272896K, used 160128K [0x00000000a0000000, 0x00000000b0a80000, 0x00000000e0000000)
  object space 272896K, 58% used [0x00000000a0000000,0x00000000a9c60008,0x00000000b0a80000)
 Metaspace       used 103798K, capacity 109778K, committed 109952K, reserved 1144832K
  class space    used 12973K, capacity 14103K, committed 14208K, reserved 1048576K
Event: 1846.073 GC heap after
Heap after GC invocations=46 (full 5):
 PSYoungGen      total 449024K, used 18989K [0x00000000e0000000, 0x00000000ffc80000, 0x0000000100000000)
  eden space 384000K, 0% used [0x00000000e0000000,0x00000000e0000000,0x00000000f7700000)
  from space 65024K, 29% used [0x00000000f7700000,0x00000000f898b4b0,0x00000000fb680000)
  to   space 62464K, 0% used [0x00000000fbf80000,0x00000000fbf80000,0x00000000ffc80000)
 ParOldGen       total 272896K, used 160128K [0x00000000a0000000, 0x00000000b0a80000, 0x00000000e0000000)
  object space 272896K, 58% used [0x00000000a0000000,0x00000000a9c60008,0x00000000b0a80000)
 Metaspace       used 103798K, capacity 109778K, committed 109952K, reserved 1144832K
  class space    used 12973K, capacity 14103K, committed 14208K, reserved 1048576K
}
Event: 1908.676 GC heap before
{Heap before GC invocations=47 (full 5):
 PSYoungGen      total 449024K, used 402989K [0x00000000e0000000, 0x00000000ffc80000, 0x0000000100000000)
  eden space 384000K, 100% used [0x00000000e0000000,0x00000000f7700000,0x00000000f7700000)
  from space 65024K, 29% used [0x00000000f7700000,0x00000000f898b4b0,0x00000000fb680000)
  to   space 62464K, 0% used [0x00000000fbf80000,0x00000000fbf80000,0x00000000ffc80000)
 ParOldGen       total 272896K, used 160128K [0x00000000a0000000, 0x00000000b0a80000, 0x00000000e0000000)
  object space 272896K, 58% used [0x00000000a0000000,0x00000000a9c60008,0x00000000b0a80000)
 Metaspace       used 103911K, capacity 109880K, committed 110208K, reserved 1144832K
  class space    used 12983K, capacity 14120K, committed 14208K, reserved 1048576K
Event: 1908.738 GC heap after
Heap after GC invocations=47 (full 5):
 PSYoungGen      total 454144K, used 27626K [0x00000000e0000000, 0x00000000ff780000, 0x0000000100000000)
  eden space 396800K, 0% used [0x00000000e0000000,0x00000000e0000000,0x00000000f8380000)
  from space 57344K, 48% used [0x00000000fbf80000,0x00000000fda7aa48,0x00000000ff780000)
  to   space 59392K, 0% used [0x00000000f8380000,0x00000000f8380000,0x00000000fbd80000)
 ParOldGen       total 272896K, used 160136K [0x00000000a0000000, 0x00000000b0a80000, 0x00000000e0000000)
  object space 272896K, 58% used [0x00000000a0000000,0x00000000a9c62008,0x00000000b0a80000)
 Metaspace       used 103911K, capacity 109880K, committed 110208K, reserved 1144832K
  class space    used 12983K, capacity 14120K, committed 14208K, reserved 1048576K
}
Event: 1910.592 GC heap before
{Heap before GC invocations=48 (full 5):
 PSYoungGen      total 454144K, used 424426K [0x00000000e0000000, 0x00000000ff780000, 0x0000000100000000)
  eden space 396800K, 100% used [0x00000000e0000000,0x00000000f8380000,0x00000000f8380000)
  from space 57344K, 48% used [0x00000000fbf80000,0x00000000fda7aa48,0x00000000ff780000)
  to   space 59392K, 0% used [0x00000000f8380000,0x00000000f8380000,0x00000000fbd80000)
 ParOldGen       total 272896K, used 160136K [0x00000000a0000000, 0x00000000b0a80000, 0x00000000e0000000)
  object space 272896K, 58% used [0x00000000a0000000,0x00000000a9c62008,0x00000000b0a80000)
 Metaspace       used 103926K, capacity 109890K, committed 110208K, reserved 1144832K
  class space    used 12984K, capacity 14121K, committed 14208K, reserved 1048576K
Event: 1910.704 GC heap after
Heap after GC invocations=48 (full 5):
 PSYoungGen      total 456192K, used 31420K [0x00000000e0000000, 0x00000000ff780000, 0x0000000100000000)
  eden space 396800K, 0% used [0x00000000e0000000,0x00000000e0000000,0x00000000f8380000)
  from space 59392K, 52% used [0x00000000f8380000,0x00000000fa22f028,0x00000000fbd80000)
  to   space 57344K, 0% used [0x00000000fbf80000,0x00000000fbf80000,0x00000000ff780000)
 ParOldGen       total 272896K, used 160136K [0x00000000a0000000, 0x00000000b0a80000, 0x00000000e0000000)
  object space 272896K, 58% used [0x00000000a0000000,0x00000000a9c62008,0x00000000b0a80000)
 Metaspace       used 103926K, capacity 109890K, committed 110208K, reserved 1144832K
  class space    used 12984K, capacity 14121K, committed 14208K, reserved 1048576K
}

