# JRE version: Java(TM) SE Runtime Environment (8.0_121-b13) (build 1.8.0_121-b13)
# Java VM: Java HotSpot(TM) 64-Bit Server VM (25.121-b13 mixed mode windows-amd64 compressed oops)
Heap:
 PSYoungGen      total 670208K, used 622531K [0x000000078b300000, 0x00000007c0000000, 0x00000007c0000000)
  eden space 501248K, 97% used [0x000000078b300000,0x00000007a8f642a8,0x00000007a9c80000)
  from space 168960K, 79% used [0x00000007a9c80000,0x00000007b200cc28,0x00000007b4180000)
  to   space 181248K, 0% used [0x00000007b4f00000,0x00000007b4f00000,0x00000007c0000000)
 ParOldGen       total 335872K, used 240839K [0x0000000721800000, 0x0000000736000000, 0x000000078b300000)
  object space 335872K, 71% used [0x0000000721800000,0x0000000730331d78,0x0000000736000000)
 Metaspace       used 94882K, capacity 100580K, committed 100608K, reserved 1136640K
  class space    used 12249K, capacity 13290K, committed 13312K, reserved 1048576K
GC Heap History (10 events):
Event: 2307.949 GC heap before
{Heap before GC invocations=103 (full 8):
 PSYoungGen      total 623616K, used 521260K [0x000000078b300000, 0x00000007bd880000, 0x00000007c0000000)
  eden space 449024K, 100% used [0x000000078b300000,0x00000007a6980000,0x00000007a6980000)
  from space 174592K, 41% used [0x00000007b2e00000,0x00000007b748b2c0,0x00000007bd880000)
  to   space 187904K, 0% used [0x00000007a6980000,0x00000007a6980000,0x00000007b2100000)
 ParOldGen       total 335872K, used 240767K [0x0000000721800000, 0x0000000736000000, 0x000000078b300000)
  object space 335872K, 71% used [0x0000000721800000,0x000000073031fd78,0x0000000736000000)
 Metaspace       used 93671K, capacity 98574K, committed 98816K, reserved 1134592K
  class space    used 12115K, capacity 13055K, committed 13056K, reserved 1048576K
Event: 2308.054 GC heap after
Heap after GC invocations=103 (full 8):
 PSYoungGen      total 636928K, used 64982K [0x000000078b300000, 0x00000007beb00000, 0x00000007c0000000)
  eden space 449024K, 0% used [0x000000078b300000,0x000000078b300000,0x00000007a6980000)
  from space 187904K, 34% used [0x00000007a6980000,0x00000007aa8f5b18,0x00000007b2100000)
  to   space 180736K, 0% used [0x00000007b3a80000,0x00000007b3a80000,0x00000007beb00000)
 ParOldGen       total 335872K, used 240767K [0x0000000721800000, 0x0000000736000000, 0x000000078b300000)
  object space 335872K, 71% used [0x0000000721800000,0x000000073031fd78,0x0000000736000000)
 Metaspace       used 93671K, capacity 98574K, committed 98816K, reserved 1134592K
  class space    used 12115K, capacity 13055K, committed 13056K, reserved 1048576K
}
Event: 2321.149 GC heap before
{Heap before GC invocations=104 (full 8):
 PSYoungGen      total 636928K, used 514006K [0x000000078b300000, 0x00000007beb00000, 0x00000007c0000000)
  eden space 449024K, 100% used [0x000000078b300000,0x00000007a6980000,0x00000007a6980000)
  from space 187904K, 34% used [0x00000007a6980000,0x00000007aa8f5b18,0x00000007b2100000)
  to   space 180736K, 0% used [0x00000007b3a80000,0x00000007b3a80000,0x00000007beb00000)
 ParOldGen       total 335872K, used 240767K [0x0000000721800000, 0x0000000736000000, 0x000000078b300000)
  object space 335872K, 71% used [0x0000000721800000,0x000000073031fd78,0x0000000736000000)
 Metaspace       used 93692K, capacity 98582K, committed 98816K, reserved 1134592K
  class space    used 12116K, capacity 13055K, committed 13056K, reserved 1048576K
Event: 2321.272 GC heap after
Heap after GC invocations=104 (full 8):
 PSYoungGen      total 649728K, used 98769K [0x000000078b300000, 0x00000007be100000, 0x00000007c0000000)
  eden space 479232K, 0% used [0x000000078b300000,0x000000078b300000,0x00000007a8700000)
  from space 170496K, 57% used [0x00000007b3a80000,0x00000007b9af47f8,0x00000007be100000)
  to   space 177152K, 0% used [0x00000007a8700000,0x00000007a8700000,0x00000007b3400000)
 ParOldGen       total 335872K, used 240767K [0x0000000721800000, 0x0000000736000000, 0x000000078b300000)
  object space 335872K, 71% used [0x0000000721800000,0x000000073031fd78,0x0000000736000000)
 Metaspace       used 93692K, capacity 98582K, committed 98816K, reserved 1134592K
  class space    used 12116K, capacity 13055K, committed 13056K, reserved 1048576K
}
Event: 2535.417 GC heap before
{Heap before GC invocations=105 (full 8):
 PSYoungGen      total 649728K, used 578001K [0x000000078b300000, 0x00000007be100000, 0x00000007c0000000)
  eden space 479232K, 100% used [0x000000078b300000,0x00000007a8700000,0x00000007a8700000)
  from space 170496K, 57% used [0x00000007b3a80000,0x00000007b9af47f8,0x00000007be100000)
  to   space 177152K, 0% used [0x00000007a8700000,0x00000007a8700000,0x00000007b3400000)
 ParOldGen       total 335872K, used 240767K [0x0000000721800000, 0x0000000736000000, 0x000000078b300000)
  object space 335872K, 71% used [0x0000000721800000,0x000000073031fd78,0x0000000736000000)
 Metaspace       used 94570K, capacity 100168K, committed 100352K, reserved 1136640K
  class space    used 12247K, capacity 13286K, committed 13312K, reserved 1048576K
Event: 2535.753 GC heap after
Heap after GC invocations=105 (full 8):
 PSYoungGen      total 656384K, used 39769K [0x000000078b300000, 0x00000007bf780000, 0x00000007c0000000)
  eden space 479232K, 0% used [0x000000078b300000,0x000000078b300000,0x00000007a8700000)
  from space 177152K, 22% used [0x00000007a8700000,0x00000007aadd64b0,0x00000007b3400000)
  to   space 175104K, 0% used [0x00000007b4c80000,0x00000007b4c80000,0x00000007bf780000)
 ParOldGen       total 335872K, used 240775K [0x0000000721800000, 0x0000000736000000, 0x000000078b300000)
  object space 335872K, 71% used [0x0000000721800000,0x0000000730321d78,0x0000000736000000)
 Metaspace       used 94570K, capacity 100168K, committed 100352K, reserved 1136640K
  class space    used 12247K, capacity 13286K, committed 13312K, reserved 1048576K
}
Event: 2657.466 GC heap before
{Heap before GC invocations=106 (full 8):
 PSYoungGen      total 656384K, used 519001K [0x000000078b300000, 0x00000007bf780000, 0x00000007c0000000)
  eden space 479232K, 100% used [0x000000078b300000,0x00000007a8700000,0x00000007a8700000)
  from space 177152K, 22% used [0x00000007a8700000,0x00000007aadd64b0,0x00000007b3400000)
  to   space 175104K, 0% used [0x00000007b4c80000,0x00000007b4c80000,0x00000007bf780000)
 ParOldGen       total 335872K, used 240775K [0x0000000721800000, 0x0000000736000000, 0x000000078b300000)
  object space 335872K, 71% used [0x0000000721800000,0x0000000730321d78,0x0000000736000000)
 Metaspace       used 94701K, capacity 100236K, committed 100352K, reserved 1136640K
  class space    used 12247K, capacity 13286K, committed 13312K, reserved 1048576K
Event: 2657.617 GC heap after
Heap after GC invocations=106 (full 8):
 PSYoungGen      total 658944K, used 57707K [0x000000078b300000, 0x00000007be680000, 0x00000007c0000000)
  eden space 501248K, 0% used [0x000000078b300000,0x000000078b300000,0x00000007a9c80000)
  from space 157696K, 36% used [0x00000007b4c80000,0x00000007b84dadb0,0x00000007be680000)
  to   space 168960K, 0% used [0x00000007a9c80000,0x00000007a9c80000,0x00000007b4180000)
 ParOldGen       total 335872K, used 240783K [0x0000000721800000, 0x0000000736000000, 0x000000078b300000)
  object space 335872K, 71% used [0x0000000721800000,0x0000000730323d78,0x0000000736000000)
 Metaspace       used 94701K, capacity 100236K, committed 100352K, reserved 1136640K
  class space    used 12247K, capacity 13286K, committed 13312K, reserved 1048576K
}
Event: 2706.197 GC heap before
{Heap before GC invocations=107 (full 8):
 PSYoungGen      total 658944K, used 558492K [0x000000078b300000, 0x00000007be680000, 0x00000007c0000000)
  eden space 501248K, 99% used [0x000000078b300000,0x00000007a9c0c500,0x00000007a9c80000)
  from space 157696K, 36% used [0x00000007b4c80000,0x00000007b84dadb0,0x00000007be680000)
  to   space 168960K, 0% used [0x00000007a9c80000,0x00000007a9c80000,0x00000007b4180000)
 ParOldGen       total 335872K, used 240783K [0x0000000721800000, 0x0000000736000000, 0x000000078b300000)
  object space 335872K, 71% used [0x0000000721800000,0x0000000730323d78,0x0000000736000000)
 Metaspace       used 94774K, capacity 100306K, committed 100352K, reserved 1136640K
  class space    used 12247K, capacity 13287K, committed 13312K, reserved 1048576K
Event: 2706.457 GC heap after
Heap after GC invocations=107 (full 8):
 PSYoungGen      total 670208K, used 134707K [0x000000078b300000, 0x00000007c0000000, 0x00000007c0000000)
  eden space 501248K, 0% used [0x000000078b300000,0x000000078b300000,0x00000007a9c80000)
  from space 168960K, 79% used [0x00000007a9c80000,0x00000007b200cc28,0x00000007b4180000)
  to   space 181248K, 0% used [0x00000007b4f00000,0x00000007b4f00000,0x00000007c0000000)
 ParOldGen       total 335872K, used 240839K [0x0000000721800000, 0x0000000736000000, 0x000000078b300000)
  object space 335872K, 71% used [0x0000000721800000,0x0000000730331d78,0x0000000736000000)
 Metaspace       used 94774K, capacity 100306K, committed 100352K, reserved 1136640K
  class space    used 12247K, capacity 13287K, committed 13312K, reserved 1048576K
}

