# JRE version: OpenJDK Runtime Environment (8.0_202-b03) (build 1.8.0_202-release-1483-b03)
# Java VM: OpenJDK 64-Bit Server VM (25.202-b03 mixed mode windows-amd64 compressed oops)
Heap:
 PSYoungGen      total 228352K, used 51814K [0x00000000e0000000, 0x00000000f1c80000, 0x0000000100000000)
  eden space 221696K, 23% used [0x00000000e0000000,0x00000000e3299ae0,0x00000000ed880000)
  from space 6656K, 0% used [0x00000000f0280000,0x00000000f0280000,0x00000000f0900000)
  to   space 34816K, 0% used [0x00000000ed880000,0x00000000ed880000,0x00000000efa80000)
 ParOldGen       total 161280K, used 50780K [0x00000000a0000000, 0x00000000a9d80000, 0x00000000e0000000)
  object space 161280K, 31% used [0x00000000a0000000,0x00000000a31972b0,0x00000000a9d80000)
 Metaspace       used 88167K, capacity 91726K, committed 92160K, reserved 1128448K
  class space    used 11497K, capacity 12203K, committed 12288K, reserved 1048576K
GC Heap History (10 events):
Event: 3233.574 GC heap before
{Heap before GC invocations=21 (full 3):
 PSYoungGen      total 219648K, used 219641K [0x00000000e0000000, 0x00000000f0900000, 0x0000000100000000)
  eden space 195072K, 100% used [0x00000000e0000000,0x00000000ebe80000,0x00000000ebe80000)
  from space 24576K, 99% used [0x00000000eea80000,0x00000000f027e730,0x00000000f0280000)
  to   space 6656K, 0% used [0x00000000f0280000,0x00000000f0280000,0x00000000f0900000)
 ParOldGen       total 88576K, used 61773K [0x00000000a0000000, 0x00000000a5680000, 0x00000000e0000000)
  object space 88576K, 69% used [0x00000000a0000000,0x00000000a3c537a8,0x00000000a5680000)
 Metaspace       used 85705K, capacity 89406K, committed 89600K, reserved 1126400K
  class space    used 11211K, capacity 11964K, committed 12032K, reserved 1048576K
Event: 3233.671 GC heap after
Heap after GC invocations=21 (full 3):
 PSYoungGen      total 228352K, used 6650K [0x00000000e0000000, 0x00000000f1c80000, 0x0000000100000000)
  eden space 221696K, 0% used [0x00000000e0000000,0x00000000e0000000,0x00000000ed880000)
  from space 6656K, 99% used [0x00000000f0280000,0x00000000f08fe910,0x00000000f0900000)
  to   space 34816K, 0% used [0x00000000ed880000,0x00000000ed880000,0x00000000efa80000)
 ParOldGen       total 88576K, used 82545K [0x00000000a0000000, 0x00000000a5680000, 0x00000000e0000000)
  object space 88576K, 93% used [0x00000000a0000000,0x00000000a509c678,0x00000000a5680000)
 Metaspace       used 85705K, capacity 89406K, committed 89600K, reserved 1126400K
  class space    used 11211K, capacity 11964K, committed 12032K, reserved 1048576K
}
Event: 3233.671 GC heap before
{Heap before GC invocations=22 (full 4):
 PSYoungGen      total 228352K, used 6650K [0x00000000e0000000, 0x00000000f1c80000, 0x0000000100000000)
  eden space 221696K, 0% used [0x00000000e0000000,0x00000000e0000000,0x00000000ed880000)
  from space 6656K, 99% used [0x00000000f0280000,0x00000000f08fe910,0x00000000f0900000)
  to   space 34816K, 0% used [0x00000000ed880000,0x00000000ed880000,0x00000000efa80000)
 ParOldGen       total 88576K, used 82545K [0x00000000a0000000, 0x00000000a5680000, 0x00000000e0000000)
  object space 88576K, 93% used [0x00000000a0000000,0x00000000a509c678,0x00000000a5680000)
 Metaspace       used 85705K, capacity 89406K, committed 89600K, reserved 1126400K
  class space    used 11211K, capacity 11964K, committed 12032K, reserved 1048576K
Event: 3235.068 GC heap after
Heap after GC invocations=22 (full 4):
 PSYoungGen      total 228352K, used 0K [0x00000000e0000000, 0x00000000f1c80000, 0x0000000100000000)
  eden space 221696K, 0% used [0x00000000e0000000,0x00000000e0000000,0x00000000ed880000)
  from space 6656K, 0% used [0x00000000f0280000,0x00000000f0280000,0x00000000f0900000)
  to   space 34816K, 0% used [0x00000000ed880000,0x00000000ed880000,0x00000000efa80000)
 ParOldGen       total 143872K, used 61719K [0x00000000a0000000, 0x00000000a8c80000, 0x00000000e0000000)
  object space 143872K, 42% used [0x00000000a0000000,0x00000000a3c45f88,0x00000000a8c80000)
 Metaspace       used 84938K, capacity 87968K, committed 89600K, reserved 1126400K
  class space    used 11050K, capacity 11674K, committed 12032K, reserved 1048576K
}
Event: 3240.967 GC heap before
{Heap before GC invocations=23 (full 4):
 PSYoungGen      total 228352K, used 221696K [0x00000000e0000000, 0x00000000f1c80000, 0x0000000100000000)
  eden space 221696K, 100% used [0x00000000e0000000,0x00000000ed880000,0x00000000ed880000)
  from space 6656K, 0% used [0x00000000f0280000,0x00000000f0280000,0x00000000f0900000)
  to   space 34816K, 0% used [0x00000000ed880000,0x00000000ed880000,0x00000000efa80000)
 ParOldGen       total 143872K, used 61719K [0x00000000a0000000, 0x00000000a8c80000, 0x00000000e0000000)
  object space 143872K, 42% used [0x00000000a0000000,0x00000000a3c45f88,0x00000000a8c80000)
 Metaspace       used 85269K, capacity 88402K, committed 90112K, reserved 1128448K
  class space    used 11082K, capacity 11707K, committed 12032K, reserved 1048576K
Event: 3241.163 GC heap after
Heap after GC invocations=23 (full 4):
 PSYoungGen      total 256512K, used 34801K [0x00000000e0000000, 0x00000000f1c80000, 0x0000000100000000)
  eden space 221696K, 0% used [0x00000000e0000000,0x00000000e0000000,0x00000000ed880000)
  from space 34816K, 99% used [0x00000000ed880000,0x00000000efa7c5e0,0x00000000efa80000)
  to   space 6656K, 0% used [0x00000000f0280000,0x00000000f0280000,0x00000000f0900000)
 ParOldGen       total 143872K, used 99626K [0x00000000a0000000, 0x00000000a8c80000, 0x00000000e0000000)
  object space 143872K, 69% used [0x00000000a0000000,0x00000000a614a890,0x00000000a8c80000)
 Metaspace       used 85269K, capacity 88402K, committed 90112K, reserved 1128448K
  class space    used 11082K, capacity 11707K, committed 12032K, reserved 1048576K
}
Event: 3253.809 GC heap before
{Heap before GC invocations=24 (full 4):
 PSYoungGen      total 256512K, used 256497K [0x00000000e0000000, 0x00000000f1c80000, 0x0000000100000000)
  eden space 221696K, 100% used [0x00000000e0000000,0x00000000ed880000,0x00000000ed880000)
  from space 34816K, 99% used [0x00000000ed880000,0x00000000efa7c5e0,0x00000000efa80000)
  to   space 6656K, 0% used [0x00000000f0280000,0x00000000f0280000,0x00000000f0900000)
 ParOldGen       total 143872K, used 99626K [0x00000000a0000000, 0x00000000a8c80000, 0x00000000e0000000)
  object space 143872K, 69% used [0x00000000a0000000,0x00000000a614a890,0x00000000a8c80000)
 Metaspace       used 87772K, capacity 91186K, committed 92160K, reserved 1128448K
  class space    used 11460K, capacity 12139K, committed 12288K, reserved 1048576K
Event: 3253.914 GC heap after
Heap after GC invocations=24 (full 4):
 PSYoungGen      total 228352K, used 3905K [0x00000000e0000000, 0x00000000f1c80000, 0x0000000100000000)
  eden space 221696K, 0% used [0x00000000e0000000,0x00000000e0000000,0x00000000ed880000)
  from space 6656K, 58% used [0x00000000f0280000,0x00000000f0650790,0x00000000f0900000)
  to   space 34816K, 0% used [0x00000000ed880000,0x00000000ed880000,0x00000000efa80000)
 ParOldGen       total 143872K, used 123659K [0x00000000a0000000, 0x00000000a8c80000, 0x00000000e0000000)
  object space 143872K, 85% used [0x00000000a0000000,0x00000000a78c2c60,0x00000000a8c80000)
 Metaspace       used 87772K, capacity 91186K, committed 92160K, reserved 1128448K
  class space    used 11460K, capacity 12139K, committed 12288K, reserved 1048576K
}
Event: 3253.914 GC heap before
{Heap before GC invocations=25 (full 5):
 PSYoungGen      total 228352K, used 3905K [0x00000000e0000000, 0x00000000f1c80000, 0x0000000100000000)
  eden space 221696K, 0% used [0x00000000e0000000,0x00000000e0000000,0x00000000ed880000)
  from space 6656K, 58% used [0x00000000f0280000,0x00000000f0650790,0x00000000f0900000)
  to   space 34816K, 0% used [0x00000000ed880000,0x00000000ed880000,0x00000000efa80000)
 ParOldGen       total 143872K, used 123659K [0x00000000a0000000, 0x00000000a8c80000, 0x00000000e0000000)
  object space 143872K, 85% used [0x00000000a0000000,0x00000000a78c2c60,0x00000000a8c80000)
 Metaspace       used 87772K, capacity 91186K, committed 92160K, reserved 1128448K
  class space    used 11460K, capacity 12139K, committed 12288K, reserved 1048576K
Event: 3254.117 GC heap after
Heap after GC invocations=25 (full 5):
 PSYoungGen      total 228352K, used 0K [0x00000000e0000000, 0x00000000f1c80000, 0x0000000100000000)
  eden space 221696K, 0% used [0x00000000e0000000,0x00000000e0000000,0x00000000ed880000)
  from space 6656K, 0% used [0x00000000f0280000,0x00000000f0280000,0x00000000f0900000)
  to   space 34816K, 0% used [0x00000000ed880000,0x00000000ed880000,0x00000000efa80000)
 ParOldGen       total 161280K, used 50780K [0x00000000a0000000, 0x00000000a9d80000, 0x00000000e0000000)
  object space 161280K, 31% used [0x00000000a0000000,0x00000000a31972b0,0x00000000a9d80000)
 Metaspace       used 87772K, capacity 91186K, committed 92160K, reserved 1128448K
  class space    used 11460K, capacity 12139K, committed 12288K, reserved 1048576K
}

