# JRE version: OpenJDK Runtime Environment (8.0_202-b03) (build 1.8.0_202-release-1483-b03)
# Java VM: OpenJDK 64-Bit Server VM (25.202-b03 mixed mode windows-amd64 compressed oops)
Heap:
 PSYoungGen      total 202752K, used 62884K [0x00000000e0000000, 0x00000000ef680000, 0x0000000100000000)
  eden space 168448K, 17% used [0x00000000e0000000,0x00000000e1c5b0f8,0x00000000ea480000)
  from space 34304K, 98% used [0x00000000eaa80000,0x00000000ecb8e150,0x00000000ecc00000)
  to   space 41984K, 0% used [0x00000000ecd80000,0x00000000ecd80000,0x00000000ef680000)
 ParOldGen       total 99328K, used 77734K [0x00000000a0000000, 0x00000000a6100000, 0x00000000e0000000)
  object space 99328K, 78% used [0x00000000a0000000,0x00000000a4be9868,0x00000000a6100000)
 Metaspace       used 81353K, capacity 85536K, committed 85784K, reserved 1124352K
  class space    used 10380K, capacity 11214K, committed 11304K, reserved 1048576K
GC Heap History (10 events):
Event: 4419.316 GC heap before
{Heap before GC invocations=20 (full 3):
 PSYoungGen      total 226304K, used 218932K [0x00000000e0000000, 0x00000000ef900000, 0x0000000100000000)
  eden space 207872K, 100% used [0x00000000e0000000,0x00000000ecb00000,0x00000000ecb00000)
  from space 18432K, 60% used [0x00000000ee700000,0x00000000ef1cd198,0x00000000ef900000)
  to   space 23552K, 0% used [0x00000000ecb00000,0x00000000ecb00000,0x00000000ee200000)
 ParOldGen       total 99328K, used 41578K [0x00000000a0000000, 0x00000000a6100000, 0x00000000e0000000)
  object space 99328K, 41% used [0x00000000a0000000,0x00000000a289ab50,0x00000000a6100000)
 Metaspace       used 76743K, capacity 80336K, committed 80536K, reserved 1120256K
  class space    used 9940K, capacity 10657K, committed 10664K, reserved 1048576K
Event: 4419.449 GC heap after
Heap after GC invocations=20 (full 3):
 PSYoungGen      total 223232K, used 23530K [0x00000000e0000000, 0x00000000efb00000, 0x0000000100000000)
  eden space 199680K, 0% used [0x00000000e0000000,0x00000000e0000000,0x00000000ec300000)
  from space 23552K, 99% used [0x00000000ecb00000,0x00000000ee1faac8,0x00000000ee200000)
  to   space 25600K, 0% used [0x00000000ee200000,0x00000000ee200000,0x00000000efb00000)
 ParOldGen       total 99328K, used 44940K [0x00000000a0000000, 0x00000000a6100000, 0x00000000e0000000)
  object space 99328K, 45% used [0x00000000a0000000,0x00000000a2be3080,0x00000000a6100000)
 Metaspace       used 76743K, capacity 80336K, committed 80536K, reserved 1120256K
  class space    used 9940K, capacity 10657K, committed 10664K, reserved 1048576K
}
Event: 4873.259 GC heap before
{Heap before GC invocations=21 (full 3):
 PSYoungGen      total 223232K, used 223210K [0x00000000e0000000, 0x00000000efb00000, 0x0000000100000000)
  eden space 199680K, 100% used [0x00000000e0000000,0x00000000ec300000,0x00000000ec300000)
  from space 23552K, 99% used [0x00000000ecb00000,0x00000000ee1faac8,0x00000000ee200000)
  to   space 25600K, 0% used [0x00000000ee200000,0x00000000ee200000,0x00000000efb00000)
 ParOldGen       total 99328K, used 44940K [0x00000000a0000000, 0x00000000a6100000, 0x00000000e0000000)
  object space 99328K, 45% used [0x00000000a0000000,0x00000000a2be3080,0x00000000a6100000)
 Metaspace       used 78821K, capacity 82764K, committed 82840K, reserved 1122304K
  class space    used 10152K, capacity 10910K, committed 10920K, reserved 1048576K
Event: 4873.363 GC heap after
Heap after GC invocations=21 (full 3):
 PSYoungGen      total 207872K, used 13700K [0x00000000e0000000, 0x00000000ef180000, 0x0000000100000000)
  eden space 192000K, 0% used [0x00000000e0000000,0x00000000e0000000,0x00000000ebb80000)
  from space 15872K, 86% used [0x00000000ee200000,0x00000000eef61290,0x00000000ef180000)
  to   space 27648K, 0% used [0x00000000ebb80000,0x00000000ebb80000,0x00000000ed680000)
 ParOldGen       total 99328K, used 54816K [0x00000000a0000000, 0x00000000a6100000, 0x00000000e0000000)
  object space 99328K, 55% used [0x00000000a0000000,0x00000000a3588200,0x00000000a6100000)
 Metaspace       used 78821K, capacity 82764K, committed 82840K, reserved 1122304K
  class space    used 10152K, capacity 10910K, committed 10920K, reserved 1048576K
}
Event: 5114.713 GC heap before
{Heap before GC invocations=22 (full 3):
 PSYoungGen      total 207872K, used 205700K [0x00000000e0000000, 0x00000000ef180000, 0x0000000100000000)
  eden space 192000K, 100% used [0x00000000e0000000,0x00000000ebb80000,0x00000000ebb80000)
  from space 15872K, 86% used [0x00000000ee200000,0x00000000eef61290,0x00000000ef180000)
  to   space 27648K, 0% used [0x00000000ebb80000,0x00000000ebb80000,0x00000000ed680000)
 ParOldGen       total 99328K, used 54816K [0x00000000a0000000, 0x00000000a6100000, 0x00000000e0000000)
  object space 99328K, 55% used [0x00000000a0000000,0x00000000a3588200,0x00000000a6100000)
 Metaspace       used 79529K, capacity 83588K, committed 83736K, reserved 1122304K
  class space    used 10211K, capacity 10990K, committed 11048K, reserved 1048576K
Event: 5114.821 GC heap after
Heap after GC invocations=22 (full 3):
 PSYoungGen      total 200192K, used 14982K [0x00000000e0000000, 0x00000000ee980000, 0x0000000100000000)
  eden space 184832K, 0% used [0x00000000e0000000,0x00000000e0000000,0x00000000eb480000)
  from space 15360K, 97% used [0x00000000ebb80000,0x00000000eca21820,0x00000000eca80000)
  to   space 27136K, 0% used [0x00000000ecf00000,0x00000000ecf00000,0x00000000ee980000)
 ParOldGen       total 99328K, used 54824K [0x00000000a0000000, 0x00000000a6100000, 0x00000000e0000000)
  object space 99328K, 55% used [0x00000000a0000000,0x00000000a358a200,0x00000000a6100000)
 Metaspace       used 79529K, capacity 83588K, committed 83736K, reserved 1122304K
  class space    used 10211K, capacity 10990K, committed 11048K, reserved 1048576K
}
Event: 5151.424 GC heap before
{Heap before GC invocations=23 (full 3):
 PSYoungGen      total 200192K, used 199814K [0x00000000e0000000, 0x00000000ee980000, 0x0000000100000000)
  eden space 184832K, 100% used [0x00000000e0000000,0x00000000eb480000,0x00000000eb480000)
  from space 15360K, 97% used [0x00000000ebb80000,0x00000000eca21820,0x00000000eca80000)
  to   space 27136K, 0% used [0x00000000ecf00000,0x00000000ecf00000,0x00000000ee980000)
 ParOldGen       total 99328K, used 54824K [0x00000000a0000000, 0x00000000a6100000, 0x00000000e0000000)
  object space 99328K, 55% used [0x00000000a0000000,0x00000000a358a200,0x00000000a6100000)
 Metaspace       used 80681K, capacity 84812K, committed 84888K, reserved 1122304K
  class space    used 10329K, capacity 11136K, committed 11176K, reserved 1048576K
Event: 5151.532 GC heap after
Heap after GC invocations=23 (full 3):
 PSYoungGen      total 201728K, used 27114K [0x00000000e0000000, 0x00000000ef700000, 0x0000000100000000)
  eden space 174592K, 0% used [0x00000000e0000000,0x00000000e0000000,0x00000000eaa80000)
  from space 27136K, 99% used [0x00000000ecf00000,0x00000000ee97abb0,0x00000000ee980000)
  to   space 37376K, 0% used [0x00000000eaa80000,0x00000000eaa80000,0x00000000ecf00000)
 ParOldGen       total 99328K, used 71525K [0x00000000a0000000, 0x00000000a6100000, 0x00000000e0000000)
  object space 99328K, 72% used [0x00000000a0000000,0x00000000a45d9620,0x00000000a6100000)
 Metaspace       used 80681K, capacity 84812K, committed 84888K, reserved 1122304K
  class space    used 10329K, capacity 11136K, committed 11176K, reserved 1048576K
}
Event: 5242.833 GC heap before
{Heap before GC invocations=24 (full 3):
 PSYoungGen      total 201728K, used 201089K [0x00000000e0000000, 0x00000000ef700000, 0x0000000100000000)
  eden space 174592K, 99% used [0x00000000e0000000,0x00000000ea9e5c40,0x00000000eaa80000)
  from space 27136K, 99% used [0x00000000ecf00000,0x00000000ee97abb0,0x00000000ee980000)
  to   space 37376K, 0% used [0x00000000eaa80000,0x00000000eaa80000,0x00000000ecf00000)
 ParOldGen       total 99328K, used 71525K [0x00000000a0000000, 0x00000000a6100000, 0x00000000e0000000)
  object space 99328K, 72% used [0x00000000a0000000,0x00000000a45d9620,0x00000000a6100000)
 Metaspace       used 81281K, capacity 85530K, committed 85784K, reserved 1124352K
  class space    used 10377K, capacity 11213K, committed 11304K, reserved 1048576K
Event: 5242.959 GC heap after
Heap after GC invocations=24 (full 3):
 PSYoungGen      total 202752K, used 33848K [0x00000000e0000000, 0x00000000ef680000, 0x0000000100000000)
  eden space 168448K, 0% used [0x00000000e0000000,0x00000000e0000000,0x00000000ea480000)
  from space 34304K, 98% used [0x00000000eaa80000,0x00000000ecb8e150,0x00000000ecc00000)
  to   space 41984K, 0% used [0x00000000ecd80000,0x00000000ecd80000,0x00000000ef680000)
 ParOldGen       total 99328K, used 77734K [0x00000000a0000000, 0x00000000a6100000, 0x00000000e0000000)
  object space 99328K, 78% used [0x00000000a0000000,0x00000000a4be9868,0x00000000a6100000)
 Metaspace       used 81281K, capacity 85530K, committed 85784K, reserved 1124352K
  class space    used 10377K, capacity 11213K, committed 11304K, reserved 1048576K
}

