# JRE version: OpenJDK Runtime Environment (8.0_202-b03) (build 1.8.0_202-release-1483-b03)
# Java VM: OpenJDK 64-Bit Server VM (25.202-b03 mixed mode windows-amd64 compressed oops)
Heap:
 PSYoungGen      total 201216K, used 154309K [0x00000000e0000000, 0x00000000f0100000, 0x0000000100000000)
  eden space 176128K, 73% used [0x00000000e0000000,0x00000000e7e39448,0x00000000eac00000)
  from space 25088K, 99% used [0x00000000ee200000,0x00000000efa782c0,0x00000000efa80000)
  to   space 43520K, 0% used [0x00000000eac00000,0x00000000eac00000,0x00000000ed680000)
 ParOldGen       total 102912K, used 46808K [0x00000000a0000000, 0x00000000a6480000, 0x00000000e0000000)
  object space 102912K, 45% used [0x00000000a0000000,0x00000000a2db60b8,0x00000000a6480000)
 Metaspace       used 82863K, capacity 87820K, committed 88064K, reserved 1126400K
  class space    used 10616K, capacity 11496K, committed 11520K, reserved 1048576K
GC Heap History (10 events):
Event: 443.961 GC heap before
{Heap before GC invocations=19 (full 3):
 PSYoungGen      total 192512K, used 191422K [0x00000000e0000000, 0x00000000ef400000, 0x0000000100000000)
  eden space 171520K, 100% used [0x00000000e0000000,0x00000000ea780000,0x00000000ea780000)
  from space 20992K, 94% used [0x00000000ea780000,0x00000000ebaefbd8,0x00000000ebc00000)
  to   space 24064K, 0% used [0x00000000edc80000,0x00000000edc80000,0x00000000ef400000)
 ParOldGen       total 102912K, used 32516K [0x00000000a0000000, 0x00000000a6480000, 0x00000000e0000000)
  object space 102912K, 31% used [0x00000000a0000000,0x00000000a1fc1220,0x00000000a6480000)
 Metaspace       used 76551K, capacity 79796K, committed 80128K, reserved 1118208K
  class space    used 10002K, capacity 10631K, committed 10752K, reserved 1048576K
Event: 444.159 GC heap after
Heap after GC invocations=19 (full 3):
 PSYoungGen      total 221184K, used 20933K [0x00000000e0000000, 0x00000000ef480000, 0x0000000100000000)
  eden space 197120K, 0% used [0x00000000e0000000,0x00000000e0000000,0x00000000ec080000)
  from space 24064K, 86% used [0x00000000edc80000,0x00000000ef0f14e8,0x00000000ef400000)
  to   space 26624K, 0% used [0x00000000ec080000,0x00000000ec080000,0x00000000eda80000)
 ParOldGen       total 102912K, used 32524K [0x00000000a0000000, 0x00000000a6480000, 0x00000000e0000000)
  object space 102912K, 31% used [0x00000000a0000000,0x00000000a1fc3220,0x00000000a6480000)
 Metaspace       used 76551K, capacity 79796K, committed 80128K, reserved 1118208K
  class space    used 10002K, capacity 10631K, committed 10752K, reserved 1048576K
}
Event: 513.500 GC heap before
{Heap before GC invocations=20 (full 3):
 PSYoungGen      total 221184K, used 218053K [0x00000000e0000000, 0x00000000ef480000, 0x0000000100000000)
  eden space 197120K, 100% used [0x00000000e0000000,0x00000000ec080000,0x00000000ec080000)
  from space 24064K, 86% used [0x00000000edc80000,0x00000000ef0f14e8,0x00000000ef400000)
  to   space 26624K, 0% used [0x00000000ec080000,0x00000000ec080000,0x00000000eda80000)
 ParOldGen       total 102912K, used 32524K [0x00000000a0000000, 0x00000000a6480000, 0x00000000e0000000)
  object space 102912K, 31% used [0x00000000a0000000,0x00000000a1fc3220,0x00000000a6480000)
 Metaspace       used 78348K, capacity 82220K, committed 82432K, reserved 1120256K
  class space    used 10162K, capacity 10886K, committed 11008K, reserved 1048576K
Event: 513.555 GC heap after
Heap after GC invocations=20 (full 3):
 PSYoungGen      total 223744K, used 24985K [0x00000000e0000000, 0x00000000f0b80000, 0x0000000100000000)
  eden space 197120K, 0% used [0x00000000e0000000,0x00000000e0000000,0x00000000ec080000)
  from space 26624K, 93% used [0x00000000ec080000,0x00000000ed8e6438,0x00000000eda80000)
  to   space 30208K, 0% used [0x00000000eee00000,0x00000000eee00000,0x00000000f0b80000)
 ParOldGen       total 102912K, used 32532K [0x00000000a0000000, 0x00000000a6480000, 0x00000000e0000000)
  object space 102912K, 31% used [0x00000000a0000000,0x00000000a1fc5220,0x00000000a6480000)
 Metaspace       used 78348K, capacity 82220K, committed 82432K, reserved 1120256K
  class space    used 10162K, capacity 10886K, committed 11008K, reserved 1048576K
}
Event: 690.213 GC heap before
{Heap before GC invocations=21 (full 3):
 PSYoungGen      total 223744K, used 222105K [0x00000000e0000000, 0x00000000f0b80000, 0x0000000100000000)
  eden space 197120K, 100% used [0x00000000e0000000,0x00000000ec080000,0x00000000ec080000)
  from space 26624K, 93% used [0x00000000ec080000,0x00000000ed8e6438,0x00000000eda80000)
  to   space 30208K, 0% used [0x00000000eee00000,0x00000000eee00000,0x00000000f0b80000)
 ParOldGen       total 102912K, used 32532K [0x00000000a0000000, 0x00000000a6480000, 0x00000000e0000000)
  object space 102912K, 31% used [0x00000000a0000000,0x00000000a1fc5220,0x00000000a6480000)
 Metaspace       used 80083K, capacity 84252K, committed 84352K, reserved 1122304K
  class space    used 10305K, capacity 11053K, committed 11136K, reserved 1048576K
Event: 690.321 GC heap after
Heap after GC invocations=21 (full 3):
 PSYoungGen      total 215552K, used 25211K [0x00000000e0000000, 0x00000000f0700000, 0x0000000100000000)
  eden space 189952K, 0% used [0x00000000e0000000,0x00000000e0000000,0x00000000eb980000)
  from space 25600K, 98% used [0x00000000eee00000,0x00000000f069ed18,0x00000000f0700000)
  to   space 33280K, 0% used [0x00000000ec600000,0x00000000ec600000,0x00000000ee680000)
 ParOldGen       total 102912K, used 32540K [0x00000000a0000000, 0x00000000a6480000, 0x00000000e0000000)
  object space 102912K, 31% used [0x00000000a0000000,0x00000000a1fc7220,0x00000000a6480000)
 Metaspace       used 80083K, capacity 84252K, committed 84352K, reserved 1122304K
  class space    used 10305K, capacity 11053K, committed 11136K, reserved 1048576K
}
Event: 832.273 GC heap before
{Heap before GC invocations=22 (full 3):
 PSYoungGen      total 215552K, used 215163K [0x00000000e0000000, 0x00000000f0700000, 0x0000000100000000)
  eden space 189952K, 100% used [0x00000000e0000000,0x00000000eb980000,0x00000000eb980000)
  from space 25600K, 98% used [0x00000000eee00000,0x00000000f069ed18,0x00000000f0700000)
  to   space 33280K, 0% used [0x00000000ec600000,0x00000000ec600000,0x00000000ee680000)
 ParOldGen       total 102912K, used 32540K [0x00000000a0000000, 0x00000000a6480000, 0x00000000e0000000)
  object space 102912K, 31% used [0x00000000a0000000,0x00000000a1fc7220,0x00000000a6480000)
 Metaspace       used 80860K, capacity 85592K, committed 85760K, reserved 1124352K
  class space    used 10403K, capacity 11214K, committed 11264K, reserved 1048576K
Event: 832.333 GC heap after
Heap after GC invocations=22 (full 3):
 PSYoungGen      total 211456K, used 28182K [0x00000000e0000000, 0x00000000efa80000, 0x0000000100000000)
  eden space 182784K, 0% used [0x00000000e0000000,0x00000000e0000000,0x00000000eb280000)
  from space 28672K, 98% used [0x00000000ec600000,0x00000000ee185850,0x00000000ee200000)
  to   space 25088K, 0% used [0x00000000ee200000,0x00000000ee200000,0x00000000efa80000)
 ParOldGen       total 102912K, used 32548K [0x00000000a0000000, 0x00000000a6480000, 0x00000000e0000000)
  object space 102912K, 31% used [0x00000000a0000000,0x00000000a1fc9220,0x00000000a6480000)
 Metaspace       used 80860K, capacity 85592K, committed 85760K, reserved 1124352K
  class space    used 10403K, capacity 11214K, committed 11264K, reserved 1048576K
}
Event: 1080.953 GC heap before
{Heap before GC invocations=23 (full 3):
 PSYoungGen      total 211456K, used 210966K [0x00000000e0000000, 0x00000000efa80000, 0x0000000100000000)
  eden space 182784K, 100% used [0x00000000e0000000,0x00000000eb280000,0x00000000eb280000)
  from space 28672K, 98% used [0x00000000ec600000,0x00000000ee185850,0x00000000ee200000)
  to   space 25088K, 0% used [0x00000000ee200000,0x00000000ee200000,0x00000000efa80000)
 ParOldGen       total 102912K, used 32548K [0x00000000a0000000, 0x00000000a6480000, 0x00000000e0000000)
  object space 102912K, 31% used [0x00000000a0000000,0x00000000a1fc9220,0x00000000a6480000)
 Metaspace       used 82090K, capacity 87034K, committed 87296K, reserved 1124352K
  class space    used 10555K, capacity 11419K, committed 11520K, reserved 1048576K
Event: 1081.045 GC heap after
Heap after GC invocations=23 (full 3):
 PSYoungGen      total 201216K, used 25056K [0x00000000e0000000, 0x00000000f0100000, 0x0000000100000000)
  eden space 176128K, 0% used [0x00000000e0000000,0x00000000e0000000,0x00000000eac00000)
  from space 25088K, 99% used [0x00000000ee200000,0x00000000efa782c0,0x00000000efa80000)
  to   space 43520K, 0% used [0x00000000eac00000,0x00000000eac00000,0x00000000ed680000)
 ParOldGen       total 102912K, used 46808K [0x00000000a0000000, 0x00000000a6480000, 0x00000000e0000000)
  object space 102912K, 45% used [0x00000000a0000000,0x00000000a2db60b8,0x00000000a6480000)
 Metaspace       used 82090K, capacity 87034K, committed 87296K, reserved 1124352K
  class space    used 10555K, capacity 11419K, committed 11520K, reserved 1048576K
}

