# JRE version: OpenJDK Runtime Environment (8.0_202-b03) (build 1.8.0_202-release-1483-b03)
# Java VM: OpenJDK 64-Bit Server VM (25.202-b03 mixed mode windows-amd64 compressed oops)
Heap:
 PSYoungGen      total 263168K, used 176350K [0x00000000e0000000, 0x00000000f2380000, 0x0000000100000000)
  eden space 227840K, 69% used [0x00000000e0000000,0x00000000e9acb6b0,0x00000000ede80000)
  from space 35328K, 50% used [0x00000000f0100000,0x00000000f126c4f0,0x00000000f2380000)
  to   space 23552K, 0% used [0x00000000ee800000,0x00000000ee800000,0x00000000eff00000)
 ParOldGen       total 130560K, used 61785K [0x00000000a0000000, 0x00000000a7f80000, 0x00000000e0000000)
  object space 130560K, 47% used [0x00000000a0000000,0x00000000a3c567c8,0x00000000a7f80000)
 Metaspace       used 81055K, capacity 83786K, committed 85208K, reserved 1124352K
  class space    used 10322K, capacity 10936K, committed 11264K, reserved 1048576K
GC Heap History (10 events):
Event: 49.210 GC heap before
{Heap before GC invocations=20 (full 3):
 PSYoungGen      total 218624K, used 218605K [0x00000000e0000000, 0x00000000eeb80000, 0x0000000100000000)
  eden space 203776K, 100% used [0x00000000e0000000,0x00000000ec700000,0x00000000ec700000)
  from space 14848K, 99% used [0x00000000edd00000,0x00000000eeb7b670,0x00000000eeb80000)
  to   space 17408K, 0% used [0x00000000ec980000,0x00000000ec980000,0x00000000eda80000)
 ParOldGen       total 80896K, used 34383K [0x00000000a0000000, 0x00000000a4f00000, 0x00000000e0000000)
  object space 80896K, 42% used [0x00000000a0000000,0x00000000a2193f20,0x00000000a4f00000)
 Metaspace       used 68387K, capacity 71184K, committed 71512K, reserved 1112064K
  class space    used 9162K, capacity 9771K, committed 9856K, reserved 1048576K
Event: 49.259 GC heap after
Heap after GC invocations=20 (full 3):
 PSYoungGen      total 223744K, used 14029K [0x00000000e0000000, 0x00000000f1180000, 0x0000000100000000)
  eden space 206336K, 0% used [0x00000000e0000000,0x00000000e0000000,0x00000000ec980000)
  from space 17408K, 80% used [0x00000000ec980000,0x00000000ed7336c8,0x00000000eda80000)
  to   space 18944K, 0% used [0x00000000eff00000,0x00000000eff00000,0x00000000f1180000)
 ParOldGen       total 80896K, used 42785K [0x00000000a0000000, 0x00000000a4f00000, 0x00000000e0000000)
  object space 80896K, 52% used [0x00000000a0000000,0x00000000a29c8478,0x00000000a4f00000)
 Metaspace       used 68387K, capacity 71184K, committed 71512K, reserved 1112064K
  class space    used 9162K, capacity 9771K, committed 9856K, reserved 1048576K
}
Event: 447.118 GC heap before
{Heap before GC invocations=21 (full 3):
 PSYoungGen      total 223744K, used 220365K [0x00000000e0000000, 0x00000000f1180000, 0x0000000100000000)
  eden space 206336K, 100% used [0x00000000e0000000,0x00000000ec980000,0x00000000ec980000)
  from space 17408K, 80% used [0x00000000ec980000,0x00000000ed7336c8,0x00000000eda80000)
  to   space 18944K, 0% used [0x00000000eff00000,0x00000000eff00000,0x00000000f1180000)
 ParOldGen       total 80896K, used 42785K [0x00000000a0000000, 0x00000000a4f00000, 0x00000000e0000000)
  object space 80896K, 52% used [0x00000000a0000000,0x00000000a29c8478,0x00000000a4f00000)
 Metaspace       used 72267K, capacity 75294K, committed 75608K, reserved 1114112K
  class space    used 9401K, capacity 10035K, committed 10112K, reserved 1048576K
Event: 447.216 GC heap after
Heap after GC invocations=21 (full 3):
 PSYoungGen      total 256512K, used 18928K [0x00000000e0000000, 0x00000000f1800000, 0x0000000100000000)
  eden space 237568K, 0% used [0x00000000e0000000,0x00000000e0000000,0x00000000ee800000)
  from space 18944K, 99% used [0x00000000eff00000,0x00000000f117c050,0x00000000f1180000)
  to   space 23552K, 0% used [0x00000000ee800000,0x00000000ee800000,0x00000000eff00000)
 ParOldGen       total 80896K, used 47031K [0x00000000a0000000, 0x00000000a4f00000, 0x00000000e0000000)
  object space 80896K, 58% used [0x00000000a0000000,0x00000000a2dedc88,0x00000000a4f00000)
 Metaspace       used 72267K, capacity 75294K, committed 75608K, reserved 1114112K
  class space    used 9401K, capacity 10035K, committed 10112K, reserved 1048576K
}
Event: 3392.562 GC heap before
{Heap before GC invocations=22 (full 3):
 PSYoungGen      total 256512K, used 256496K [0x00000000e0000000, 0x00000000f1800000, 0x0000000100000000)
  eden space 237568K, 100% used [0x00000000e0000000,0x00000000ee800000,0x00000000ee800000)
  from space 18944K, 99% used [0x00000000eff00000,0x00000000f117c050,0x00000000f1180000)
  to   space 23552K, 0% used [0x00000000ee800000,0x00000000ee800000,0x00000000eff00000)
 ParOldGen       total 80896K, used 47031K [0x00000000a0000000, 0x00000000a4f00000, 0x00000000e0000000)
  object space 80896K, 58% used [0x00000000a0000000,0x00000000a2dedc88,0x00000000a4f00000)
 Metaspace       used 74440K, capacity 77834K, committed 78040K, reserved 1116160K
  class space    used 9642K, capacity 10377K, committed 10496K, reserved 1048576K
Event: 3392.788 GC heap after
Heap after GC invocations=22 (full 3):
 PSYoungGen      total 251392K, used 23536K [0x00000000e0000000, 0x00000000f2380000, 0x0000000100000000)
  eden space 227840K, 0% used [0x00000000e0000000,0x00000000e0000000,0x00000000ede80000)
  from space 23552K, 99% used [0x00000000ee800000,0x00000000efefc158,0x00000000eff00000)
  to   space 35328K, 0% used [0x00000000f0100000,0x00000000f0100000,0x00000000f2380000)
 ParOldGen       total 80896K, used 68930K [0x00000000a0000000, 0x00000000a4f00000, 0x00000000e0000000)
  object space 80896K, 85% used [0x00000000a0000000,0x00000000a4350838,0x00000000a4f00000)
 Metaspace       used 74440K, capacity 77834K, committed 78040K, reserved 1116160K
  class space    used 9642K, capacity 10377K, committed 10496K, reserved 1048576K
}
Event: 3392.788 GC heap before
{Heap before GC invocations=23 (full 4):
 PSYoungGen      total 251392K, used 23536K [0x00000000e0000000, 0x00000000f2380000, 0x0000000100000000)
  eden space 227840K, 0% used [0x00000000e0000000,0x00000000e0000000,0x00000000ede80000)
  from space 23552K, 99% used [0x00000000ee800000,0x00000000efefc158,0x00000000eff00000)
  to   space 35328K, 0% used [0x00000000f0100000,0x00000000f0100000,0x00000000f2380000)
 ParOldGen       total 80896K, used 68930K [0x00000000a0000000, 0x00000000a4f00000, 0x00000000e0000000)
  object space 80896K, 85% used [0x00000000a0000000,0x00000000a4350838,0x00000000a4f00000)
 Metaspace       used 74440K, capacity 77834K, committed 78040K, reserved 1116160K
  class space    used 9642K, capacity 10377K, committed 10496K, reserved 1048576K
Event: 3393.568 GC heap after
Heap after GC invocations=23 (full 4):
 PSYoungGen      total 251392K, used 0K [0x00000000e0000000, 0x00000000f2380000, 0x0000000100000000)
  eden space 227840K, 0% used [0x00000000e0000000,0x00000000e0000000,0x00000000ede80000)
  from space 23552K, 0% used [0x00000000ee800000,0x00000000ee800000,0x00000000eff00000)
  to   space 35328K, 0% used [0x00000000f0100000,0x00000000f0100000,0x00000000f2380000)
 ParOldGen       total 130560K, used 61777K [0x00000000a0000000, 0x00000000a7f80000, 0x00000000e0000000)
  object space 130560K, 47% used [0x00000000a0000000,0x00000000a3c547c8,0x00000000a7f80000)
 Metaspace       used 73413K, capacity 75920K, committed 78040K, reserved 1116160K
  class space    used 9448K, capacity 10023K, committed 10496K, reserved 1048576K
}
Event: 3494.535 GC heap before
{Heap before GC invocations=24 (full 4):
 PSYoungGen      total 251392K, used 227840K [0x00000000e0000000, 0x00000000f2380000, 0x0000000100000000)
  eden space 227840K, 100% used [0x00000000e0000000,0x00000000ede80000,0x00000000ede80000)
  from space 23552K, 0% used [0x00000000ee800000,0x00000000ee800000,0x00000000eff00000)
  to   space 35328K, 0% used [0x00000000f0100000,0x00000000f0100000,0x00000000f2380000)
 ParOldGen       total 130560K, used 61777K [0x00000000a0000000, 0x00000000a7f80000, 0x00000000e0000000)
  object space 130560K, 47% used [0x00000000a0000000,0x00000000a3c547c8,0x00000000a7f80000)
 Metaspace       used 79802K, capacity 82474K, committed 83800K, reserved 1122304K
  class space    used 10227K, capacity 10840K, committed 11136K, reserved 1048576K
Event: 3494.605 GC heap after
Heap after GC invocations=24 (full 4):
 PSYoungGen      total 263168K, used 17841K [0x00000000e0000000, 0x00000000f2380000, 0x0000000100000000)
  eden space 227840K, 0% used [0x00000000e0000000,0x00000000e0000000,0x00000000ede80000)
  from space 35328K, 50% used [0x00000000f0100000,0x00000000f126c4f0,0x00000000f2380000)
  to   space 23552K, 0% used [0x00000000ee800000,0x00000000ee800000,0x00000000eff00000)
 ParOldGen       total 130560K, used 61785K [0x00000000a0000000, 0x00000000a7f80000, 0x00000000e0000000)
  object space 130560K, 47% used [0x00000000a0000000,0x00000000a3c567c8,0x00000000a7f80000)
 Metaspace       used 79802K, capacity 82474K, committed 83800K, reserved 1122304K
  class space    used 10227K, capacity 10840K, committed 11136K, reserved 1048576K
}

