# JRE version: Java(TM) SE Runtime Environment (8.0_121-b13) (build 1.8.0_121-b13)
# Java VM: Java HotSpot(TM) 64-Bit Server VM (25.121-b13 mixed mode windows-amd64 compressed oops)
Heap:
 PSYoungGen      total 123904K, used 113892K [0x00000000e0000000, 0x00000000ee080000, 0x0000000100000000)
  eden space 71168K, 85% used [0x00000000e0000000,0x00000000e3bc07b0,0x00000000e4580000)
  from space 52736K, 99% used [0x00000000e8a00000,0x00000000ebd78a50,0x00000000ebd80000)
  to   space 70144K, 0% used [0x00000000e4580000,0x00000000e4580000,0x00000000e8a00000)
 ParOldGen       total 146432K, used 92188K [0x00000000a0000000, 0x00000000a8f00000, 0x00000000e0000000)
  object space 146432K, 62% used [0x00000000a0000000,0x00000000a5a07360,0x00000000a8f00000)
 Metaspace       used 84746K, capacity 88270K, committed 90112K, reserved 1128448K
  class space    used 10889K, capacity 11569K, committed 12032K, reserved 1048576K
GC Heap History (10 events):
Event: 4410.960 GC heap before
{Heap before GC invocations=50 (full 4):
 PSYoungGen      total 119808K, used 91982K [0x00000000e0000000, 0x00000000e9c80000, 0x0000000100000000)
  eden space 81408K, 100% used [0x00000000e0000000,0x00000000e4f80000,0x00000000e4f80000)
  from space 38400K, 27% used [0x00000000e4f80000,0x00000000e59d39c8,0x00000000e7500000)
  to   space 37376K, 0% used [0x00000000e7800000,0x00000000e7800000,0x00000000e9c80000)
 ParOldGen       total 146432K, used 58661K [0x00000000a0000000, 0x00000000a8f00000, 0x00000000e0000000)
  object space 146432K, 40% used [0x00000000a0000000,0x00000000a3949570,0x00000000a8f00000)
 Metaspace       used 78019K, capacity 81466K, committed 83200K, reserved 1122304K
  class space    used 10180K, capacity 10857K, committed 11264K, reserved 1048576K
Event: 4410.973 GC heap after
Heap after GC invocations=50 (full 4):
 PSYoungGen      total 122880K, used 3178K [0x00000000e0000000, 0x00000000e9c80000, 0x0000000100000000)
  eden space 85504K, 0% used [0x00000000e0000000,0x00000000e0000000,0x00000000e5380000)
  from space 37376K, 8% used [0x00000000e7800000,0x00000000e7b1a8a8,0x00000000e9c80000)
  to   space 37376K, 0% used [0x00000000e5380000,0x00000000e5380000,0x00000000e7800000)
 ParOldGen       total 146432K, used 58669K [0x00000000a0000000, 0x00000000a8f00000, 0x00000000e0000000)
  object space 146432K, 40% used [0x00000000a0000000,0x00000000a394b570,0x00000000a8f00000)
 Metaspace       used 78019K, capacity 81466K, committed 83200K, reserved 1122304K
  class space    used 10180K, capacity 10857K, committed 11264K, reserved 1048576K
}
Event: 4437.832 GC heap before
{Heap before GC invocations=51 (full 4):
 PSYoungGen      total 122880K, used 88682K [0x00000000e0000000, 0x00000000e9c80000, 0x0000000100000000)
  eden space 85504K, 100% used [0x00000000e0000000,0x00000000e5380000,0x00000000e5380000)
  from space 37376K, 8% used [0x00000000e7800000,0x00000000e7b1a8a8,0x00000000e9c80000)
  to   space 37376K, 0% used [0x00000000e5380000,0x00000000e5380000,0x00000000e7800000)
 ParOldGen       total 146432K, used 58669K [0x00000000a0000000, 0x00000000a8f00000, 0x00000000e0000000)
  object space 146432K, 40% used [0x00000000a0000000,0x00000000a394b570,0x00000000a8f00000)
 Metaspace       used 82304K, capacity 85742K, committed 87552K, reserved 1124352K
  class space    used 10736K, capacity 11409K, committed 11776K, reserved 1048576K
Event: 4437.882 GC heap after
Heap after GC invocations=51 (full 4):
 PSYoungGen      total 122880K, used 17765K [0x00000000e0000000, 0x00000000e9e00000, 0x0000000100000000)
  eden space 85504K, 0% used [0x00000000e0000000,0x00000000e0000000,0x00000000e5380000)
  from space 37376K, 47% used [0x00000000e5380000,0x00000000e64d94a0,0x00000000e7800000)
  to   space 36352K, 0% used [0x00000000e7a80000,0x00000000e7a80000,0x00000000e9e00000)
 ParOldGen       total 146432K, used 58677K [0x00000000a0000000, 0x00000000a8f00000, 0x00000000e0000000)
  object space 146432K, 40% used [0x00000000a0000000,0x00000000a394d570,0x00000000a8f00000)
 Metaspace       used 82304K, capacity 85742K, committed 87552K, reserved 1124352K
  class space    used 10736K, capacity 11409K, committed 11776K, reserved 1048576K
}
Event: 4439.707 GC heap before
{Heap before GC invocations=52 (full 4):
 PSYoungGen      total 122880K, used 103269K [0x00000000e0000000, 0x00000000e9e00000, 0x0000000100000000)
  eden space 85504K, 100% used [0x00000000e0000000,0x00000000e5380000,0x00000000e5380000)
  from space 37376K, 47% used [0x00000000e5380000,0x00000000e64d94a0,0x00000000e7800000)
  to   space 36352K, 0% used [0x00000000e7a80000,0x00000000e7a80000,0x00000000e9e00000)
 ParOldGen       total 146432K, used 58677K [0x00000000a0000000, 0x00000000a8f00000, 0x00000000e0000000)
  object space 146432K, 40% used [0x00000000a0000000,0x00000000a394d570,0x00000000a8f00000)
 Metaspace       used 82349K, capacity 85806K, committed 87552K, reserved 1124352K
  class space    used 10738K, capacity 11409K, committed 11776K, reserved 1048576K
Event: 4439.760 GC heap after
Heap after GC invocations=52 (full 4):
 PSYoungGen      total 117760K, used 36344K [0x00000000e0000000, 0x00000000eb080000, 0x0000000100000000)
  eden space 81408K, 0% used [0x00000000e0000000,0x00000000e0000000,0x00000000e4f80000)
  from space 36352K, 99% used [0x00000000e7a80000,0x00000000e9dfe180,0x00000000e9e00000)
  to   space 44032K, 0% used [0x00000000e4f80000,0x00000000e4f80000,0x00000000e7a80000)
 ParOldGen       total 146432K, used 63865K [0x00000000a0000000, 0x00000000a8f00000, 0x00000000e0000000)
  object space 146432K, 43% used [0x00000000a0000000,0x00000000a3e5e5b0,0x00000000a8f00000)
 Metaspace       used 82349K, capacity 85806K, committed 87552K, reserved 1124352K
  class space    used 10738K, capacity 11409K, committed 11776K, reserved 1048576K
}
Event: 4443.463 GC heap before
{Heap before GC invocations=53 (full 4):
 PSYoungGen      total 117760K, used 117752K [0x00000000e0000000, 0x00000000eb080000, 0x0000000100000000)
  eden space 81408K, 100% used [0x00000000e0000000,0x00000000e4f80000,0x00000000e4f80000)
  from space 36352K, 99% used [0x00000000e7a80000,0x00000000e9dfe180,0x00000000e9e00000)
  to   space 44032K, 0% used [0x00000000e4f80000,0x00000000e4f80000,0x00000000e7a80000)
 ParOldGen       total 146432K, used 63865K [0x00000000a0000000, 0x00000000a8f00000, 0x00000000e0000000)
  object space 146432K, 43% used [0x00000000a0000000,0x00000000a3e5e5b0,0x00000000a8f00000)
 Metaspace       used 82536K, capacity 86094K, committed 87936K, reserved 1126400K
  class space    used 10748K, capacity 11441K, committed 11904K, reserved 1048576K
Event: 4443.524 GC heap after
Heap after GC invocations=53 (full 4):
 PSYoungGen      total 125440K, used 44030K [0x00000000e0000000, 0x00000000ebd80000, 0x0000000100000000)
  eden space 81408K, 0% used [0x00000000e0000000,0x00000000e0000000,0x00000000e4f80000)
  from space 44032K, 99% used [0x00000000e4f80000,0x00000000e7a7f840,0x00000000e7a80000)
  to   space 52736K, 0% used [0x00000000e8a00000,0x00000000e8a00000,0x00000000ebd80000)
 ParOldGen       total 146432K, used 68861K [0x00000000a0000000, 0x00000000a8f00000, 0x00000000e0000000)
  object space 146432K, 47% used [0x00000000a0000000,0x00000000a433f440,0x00000000a8f00000)
 Metaspace       used 82536K, capacity 86094K, committed 87936K, reserved 1126400K
  class space    used 10748K, capacity 11441K, committed 11904K, reserved 1048576K
}
Event: 4447.375 GC heap before
{Heap before GC invocations=54 (full 4):
 PSYoungGen      total 125440K, used 125438K [0x00000000e0000000, 0x00000000ebd80000, 0x0000000100000000)
  eden space 81408K, 100% used [0x00000000e0000000,0x00000000e4f80000,0x00000000e4f80000)
  from space 44032K, 99% used [0x00000000e4f80000,0x00000000e7a7f840,0x00000000e7a80000)
  to   space 52736K, 0% used [0x00000000e8a00000,0x00000000e8a00000,0x00000000ebd80000)
 ParOldGen       total 146432K, used 68861K [0x00000000a0000000, 0x00000000a8f00000, 0x00000000e0000000)
  object space 146432K, 47% used [0x00000000a0000000,0x00000000a433f440,0x00000000a8f00000)
 Metaspace       used 82976K, capacity 86478K, committed 88448K, reserved 1126400K
  class space    used 10765K, capacity 11441K, committed 11904K, reserved 1048576K
Event: 4447.462 GC heap after
Heap after GC invocations=54 (full 4):
 PSYoungGen      total 123904K, used 52706K [0x00000000e0000000, 0x00000000ee080000, 0x0000000100000000)
  eden space 71168K, 0% used [0x00000000e0000000,0x00000000e0000000,0x00000000e4580000)
  from space 52736K, 99% used [0x00000000e8a00000,0x00000000ebd78a50,0x00000000ebd80000)
  to   space 70144K, 0% used [0x00000000e4580000,0x00000000e4580000,0x00000000e8a00000)
 ParOldGen       total 146432K, used 92188K [0x00000000a0000000, 0x00000000a8f00000, 0x00000000e0000000)
  object space 146432K, 62% used [0x00000000a0000000,0x00000000a5a07360,0x00000000a8f00000)
 Metaspace       used 82976K, capacity 86478K, committed 88448K, reserved 1126400K
  class space    used 10765K, capacity 11441K, committed 11904K, reserved 1048576K
}

