# JRE version: OpenJDK Runtime Environment (8.0_202-b03) (build 1.8.0_202-release-1483-b03)
# Java VM: OpenJDK 64-Bit Server VM (25.202-b03 mixed mode windows-amd64 compressed oops)
Heap:
 PSYoungGen      total 577536K, used 350670K [0x000000078b300000, 0x00000007b9a80000, 0x00000007c0000000)
  eden space 499712K, 54% used [0x000000078b300000,0x000000079bd73c58,0x00000007a9b00000)
  from space 77824K, 99% used [0x00000007a9b00000,0x00000007ae6ffee8,0x00000007ae700000)
  to   space 100864K, 0% used [0x00000007b3800000,0x00000007b3800000,0x00000007b9a80000)
 ParOldGen       total 304640K, used 253686K [0x0000000721800000, 0x0000000734180000, 0x000000078b300000)
  object space 304640K, 83% used [0x0000000721800000,0x0000000730fbd8a0,0x0000000734180000)
 Metaspace       used 99843K, capacity 105680K, committed 105880K, reserved 1140736K
  class space    used 12523K, capacity 13617K, committed 13736K, reserved 1048576K
GC Heap History (10 events):
Event: 7826.549 GC heap before
{Heap before GC invocations=68 (full 8):
 PSYoungGen      total 473088K, used 396448K [0x000000078b300000, 0x00000007adb80000, 0x00000007c0000000)
  eden space 385536K, 100% used [0x000000078b300000,0x00000007a2b80000,0x00000007a2b80000)
  from space 87552K, 12% used [0x00000007a8600000,0x00000007a90a81b8,0x00000007adb80000)
  to   space 90112K, 0% used [0x00000007a2b80000,0x00000007a2b80000,0x00000007a8380000)
 ParOldGen       total 304640K, used 223538K [0x0000000721800000, 0x0000000734180000, 0x000000078b300000)
  object space 304640K, 73% used [0x0000000721800000,0x000000072f24cb40,0x0000000734180000)
 Metaspace       used 99374K, capacity 105208K, committed 105368K, reserved 1140736K
  class space    used 12494K, capacity 13593K, committed 13736K, reserved 1048576K
Event: 7826.570 GC heap after
Heap after GC invocations=68 (full 8):
 PSYoungGen      total 475648K, used 16387K [0x000000078b300000, 0x00000007b1080000, 0x00000007c0000000)
  eden space 385536K, 0% used [0x000000078b300000,0x000000078b300000,0x00000007a2b80000)
  from space 90112K, 18% used [0x00000007a2b80000,0x00000007a3b80dc8,0x00000007a8380000)
  to   space 86528K, 0% used [0x00000007abc00000,0x00000007abc00000,0x00000007b1080000)
 ParOldGen       total 304640K, used 224459K [0x0000000721800000, 0x0000000734180000, 0x000000078b300000)
  object space 304640K, 73% used [0x0000000721800000,0x000000072f332df0,0x0000000734180000)
 Metaspace       used 99374K, capacity 105208K, committed 105368K, reserved 1140736K
  class space    used 12494K, capacity 13593K, committed 13736K, reserved 1048576K
}
Event: 9407.702 GC heap before
{Heap before GC invocations=69 (full 8):
 PSYoungGen      total 475648K, used 401923K [0x000000078b300000, 0x00000007b1080000, 0x00000007c0000000)
  eden space 385536K, 100% used [0x000000078b300000,0x00000007a2b80000,0x00000007a2b80000)
  from space 90112K, 18% used [0x00000007a2b80000,0x00000007a3b80dc8,0x00000007a8380000)
  to   space 86528K, 0% used [0x00000007abc00000,0x00000007abc00000,0x00000007b1080000)
 ParOldGen       total 304640K, used 224485K [0x0000000721800000, 0x0000000734180000, 0x000000078b300000)
  object space 304640K, 73% used [0x0000000721800000,0x000000072f339608,0x0000000734180000)
 Metaspace       used 99456K, capacity 105288K, committed 105624K, reserved 1140736K
  class space    used 12495K, capacity 13595K, committed 13736K, reserved 1048576K
Event: 9407.877 GC heap after
Heap after GC invocations=69 (full 8):
 PSYoungGen      total 520192K, used 12160K [0x000000078b300000, 0x00000007b0780000, 0x00000007c0000000)
  eden space 442880K, 0% used [0x000000078b300000,0x000000078b300000,0x00000007a6380000)
  from space 77312K, 15% used [0x00000007abc00000,0x00000007ac7e0050,0x00000007b0780000)
  to   space 83968K, 0% used [0x00000007a6380000,0x00000007a6380000,0x00000007ab580000)
 ParOldGen       total 304640K, used 225325K [0x0000000721800000, 0x0000000734180000, 0x000000078b300000)
  object space 304640K, 73% used [0x0000000721800000,0x000000072f40b670,0x0000000734180000)
 Metaspace       used 99456K, capacity 105288K, committed 105624K, reserved 1140736K
  class space    used 12495K, capacity 13595K, committed 13736K, reserved 1048576K
}
Event: 9485.068 GC heap before
{Heap before GC invocations=70 (full 8):
 PSYoungGen      total 520192K, used 455040K [0x000000078b300000, 0x00000007b0780000, 0x00000007c0000000)
  eden space 442880K, 100% used [0x000000078b300000,0x00000007a6380000,0x00000007a6380000)
  from space 77312K, 15% used [0x00000007abc00000,0x00000007ac7e0050,0x00000007b0780000)
  to   space 83968K, 0% used [0x00000007a6380000,0x00000007a6380000,0x00000007ab580000)
 ParOldGen       total 304640K, used 225325K [0x0000000721800000, 0x0000000734180000, 0x000000078b300000)
  object space 304640K, 73% used [0x0000000721800000,0x000000072f40b670,0x0000000734180000)
 Metaspace       used 99691K, capacity 105612K, committed 105880K, reserved 1140736K
  class space    used 12522K, capacity 13617K, committed 13736K, reserved 1048576K
Event: 9485.183 GC heap after
Heap after GC invocations=70 (full 8):
 PSYoungGen      total 526848K, used 19819K [0x000000078b300000, 0x00000007b3b80000, 0x00000007c0000000)
  eden space 442880K, 0% used [0x000000078b300000,0x000000078b300000,0x00000007a6380000)
  from space 83968K, 23% used [0x00000007a6380000,0x00000007a76dac70,0x00000007ab580000)
  to   space 79872K, 0% used [0x00000007aed80000,0x00000007aed80000,0x00000007b3b80000)
 ParOldGen       total 304640K, used 227195K [0x0000000721800000, 0x0000000734180000, 0x000000078b300000)
  object space 304640K, 74% used [0x0000000721800000,0x000000072f5ded88,0x0000000734180000)
 Metaspace       used 99691K, capacity 105612K, committed 105880K, reserved 1140736K
  class space    used 12522K, capacity 13617K, committed 13736K, reserved 1048576K
}
Event: 9555.310 GC heap before
{Heap before GC invocations=71 (full 8):
 PSYoungGen      total 526848K, used 462699K [0x000000078b300000, 0x00000007b3b80000, 0x00000007c0000000)
  eden space 442880K, 100% used [0x000000078b300000,0x00000007a6380000,0x00000007a6380000)
  from space 83968K, 23% used [0x00000007a6380000,0x00000007a76dac70,0x00000007ab580000)
  to   space 79872K, 0% used [0x00000007aed80000,0x00000007aed80000,0x00000007b3b80000)
 ParOldGen       total 304640K, used 227195K [0x0000000721800000, 0x0000000734180000, 0x000000078b300000)
  object space 304640K, 74% used [0x0000000721800000,0x000000072f5ded88,0x0000000734180000)
 Metaspace       used 99779K, capacity 105676K, committed 105880K, reserved 1140736K
  class space    used 12522K, capacity 13617K, committed 13736K, reserved 1048576K
Event: 9555.529 GC heap after
Heap after GC invocations=71 (full 8):
 PSYoungGen      total 570880K, used 10401K [0x000000078b300000, 0x00000007b3300000, 0x00000007c0000000)
  eden space 499712K, 0% used [0x000000078b300000,0x000000078b300000,0x00000007a9b00000)
  from space 71168K, 14% used [0x00000007aed80000,0x00000007af7a8678,0x00000007b3300000)
  to   space 77824K, 0% used [0x00000007a9b00000,0x00000007a9b00000,0x00000007ae700000)
 ParOldGen       total 304640K, used 228492K [0x0000000721800000, 0x0000000734180000, 0x000000078b300000)
  object space 304640K, 75% used [0x0000000721800000,0x000000072f7230e8,0x0000000734180000)
 Metaspace       used 99779K, capacity 105676K, committed 105880K, reserved 1140736K
  class space    used 12522K, capacity 13617K, committed 13736K, reserved 1048576K
}
Event: 9620.207 GC heap before
{Heap before GC invocations=72 (full 8):
 PSYoungGen      total 570880K, used 510113K [0x000000078b300000, 0x00000007b3300000, 0x00000007c0000000)
  eden space 499712K, 100% used [0x000000078b300000,0x00000007a9b00000,0x00000007a9b00000)
  from space 71168K, 14% used [0x00000007aed80000,0x00000007af7a8678,0x00000007b3300000)
  to   space 77824K, 0% used [0x00000007a9b00000,0x00000007a9b00000,0x00000007ae700000)
 ParOldGen       total 304640K, used 228492K [0x0000000721800000, 0x0000000734180000, 0x000000078b300000)
  object space 304640K, 75% used [0x0000000721800000,0x000000072f7230e8,0x0000000734180000)
 Metaspace       used 99835K, capacity 105680K, committed 105880K, reserved 1140736K
  class space    used 12523K, capacity 13617K, committed 13736K, reserved 1048576K
Event: 9620.499 GC heap after
Heap after GC invocations=72 (full 8):
 PSYoungGen      total 577536K, used 77823K [0x000000078b300000, 0x00000007b9a80000, 0x00000007c0000000)
  eden space 499712K, 0% used [0x000000078b300000,0x000000078b300000,0x00000007a9b00000)
  from space 77824K, 99% used [0x00000007a9b00000,0x00000007ae6ffee8,0x00000007ae700000)
  to   space 100864K, 0% used [0x00000007b3800000,0x00000007b3800000,0x00000007b9a80000)
 ParOldGen       total 304640K, used 253686K [0x0000000721800000, 0x0000000734180000, 0x000000078b300000)
  object space 304640K, 83% used [0x0000000721800000,0x0000000730fbd8a0,0x0000000734180000)
 Metaspace       used 99835K, capacity 105680K, committed 105880K, reserved 1140736K
  class space    used 12523K, capacity 13617K, committed 13736K, reserved 1048576K
}

