# JRE version: Java(TM) SE Runtime Environment (8.0_121-b13) (build 1.8.0_121-b13)
# Java VM: Java HotSpot(TM) 64-Bit Server VM (25.121-b13 mixed mode windows-amd64 compressed oops)
Heap:
 PSYoungGen      total 235520K, used 89837K [0x00000000e0000000, 0x00000000f2f00000, 0x0000000100000000)
  eden space 203264K, 28% used [0x00000000e0000000,0x00000000e3842b18,0x00000000ec680000)
  from space 32256K, 99% used [0x00000000ef080000,0x00000000f0ff8b98,0x00000000f1000000)
  to   space 43008K, 0% used [0x00000000ec680000,0x00000000ec680000,0x00000000ef080000)
 ParOldGen       total 145408K, used 75930K [0x00000000a0000000, 0x00000000a8e00000, 0x00000000e0000000)
  object space 145408K, 52% used [0x00000000a0000000,0x00000000a4a26a90,0x00000000a8e00000)
 Metaspace       used 78369K, capacity 83826K, committed 84096K, reserved 1122304K
  class space    used 10301K, capacity 11258K, committed 11392K, reserved 1048576K
GC Heap History (10 events):
Event: 1364.402 GC heap before
{Heap before GC invocations=24 (full 3):
 PSYoungGen      total 242688K, used 242676K [0x00000000e0000000, 0x00000000f2980000, 0x0000000100000000)
  eden space 224256K, 100% used [0x00000000e0000000,0x00000000edb00000,0x00000000edb00000)
  from space 18432K, 99% used [0x00000000f1780000,0x00000000f297d020,0x00000000f2980000)
  to   space 27648K, 0% used [0x00000000ef380000,0x00000000ef380000,0x00000000f0e80000)
 ParOldGen       total 86528K, used 57526K [0x00000000a0000000, 0x00000000a5480000, 0x00000000e0000000)
  object space 86528K, 66% used [0x00000000a0000000,0x00000000a382d820,0x00000000a5480000)
 Metaspace       used 75946K, capacity 81406K, committed 81536K, reserved 1120256K
  class space    used 10067K, capacity 11019K, committed 11136K, reserved 1048576K
Event: 1364.454 GC heap after
Heap after GC invocations=24 (full 3):
 PSYoungGen      total 240128K, used 25024K [0x00000000e0000000, 0x00000000f1800000, 0x0000000100000000)
  eden space 215040K, 0% used [0x00000000e0000000,0x00000000e0000000,0x00000000ed200000)
  from space 25088K, 99% used [0x00000000ef380000,0x00000000f0bf0000,0x00000000f0c00000)
  to   space 12288K, 0% used [0x00000000f0c00000,0x00000000f0c00000,0x00000000f1800000)
 ParOldGen       total 86528K, used 60291K [0x00000000a0000000, 0x00000000a5480000, 0x00000000e0000000)
  object space 86528K, 69% used [0x00000000a0000000,0x00000000a3ae0e78,0x00000000a5480000)
 Metaspace       used 75946K, capacity 81406K, committed 81536K, reserved 1120256K
  class space    used 10067K, capacity 11019K, committed 11136K, reserved 1048576K
}
Event: 1415.908 GC heap before
{Heap before GC invocations=25 (full 3):
 PSYoungGen      total 240128K, used 240064K [0x00000000e0000000, 0x00000000f1800000, 0x0000000100000000)
  eden space 215040K, 100% used [0x00000000e0000000,0x00000000ed200000,0x00000000ed200000)
  from space 25088K, 99% used [0x00000000ef380000,0x00000000f0bf0000,0x00000000f0c00000)
  to   space 12288K, 0% used [0x00000000f0c00000,0x00000000f0c00000,0x00000000f1800000)
 ParOldGen       total 86528K, used 60291K [0x00000000a0000000, 0x00000000a5480000, 0x00000000e0000000)
  object space 86528K, 69% used [0x00000000a0000000,0x00000000a3ae0e78,0x00000000a5480000)
 Metaspace       used 76289K, capacity 81932K, committed 82048K, reserved 1120256K
  class space    used 10114K, capacity 11101K, committed 11136K, reserved 1048576K
Event: 1415.966 GC heap after
Heap after GC invocations=25 (full 3):
 PSYoungGen      total 218624K, used 12272K [0x00000000e0000000, 0x00000000f1800000, 0x0000000100000000)
  eden space 206336K, 0% used [0x00000000e0000000,0x00000000e0000000,0x00000000ec980000)
  from space 12288K, 99% used [0x00000000f0c00000,0x00000000f17fc010,0x00000000f1800000)
  to   space 33792K, 0% used [0x00000000ed600000,0x00000000ed600000,0x00000000ef700000)
 ParOldGen       total 86528K, used 75046K [0x00000000a0000000, 0x00000000a5480000, 0x00000000e0000000)
  object space 86528K, 86% used [0x00000000a0000000,0x00000000a4949a50,0x00000000a5480000)
 Metaspace       used 76289K, capacity 81932K, committed 82048K, reserved 1120256K
  class space    used 10114K, capacity 11101K, committed 11136K, reserved 1048576K
}
Event: 1415.966 GC heap before
{Heap before GC invocations=26 (full 4):
 PSYoungGen      total 218624K, used 12272K [0x00000000e0000000, 0x00000000f1800000, 0x0000000100000000)
  eden space 206336K, 0% used [0x00000000e0000000,0x00000000e0000000,0x00000000ec980000)
  from space 12288K, 99% used [0x00000000f0c00000,0x00000000f17fc010,0x00000000f1800000)
  to   space 33792K, 0% used [0x00000000ed600000,0x00000000ed600000,0x00000000ef700000)
 ParOldGen       total 86528K, used 75046K [0x00000000a0000000, 0x00000000a5480000, 0x00000000e0000000)
  object space 86528K, 86% used [0x00000000a0000000,0x00000000a4949a50,0x00000000a5480000)
 Metaspace       used 76289K, capacity 81932K, committed 82048K, reserved 1120256K
  class space    used 10114K, capacity 11101K, committed 11136K, reserved 1048576K
Event: 1416.941 GC heap after
Heap after GC invocations=26 (full 4):
 PSYoungGen      total 218624K, used 0K [0x00000000e0000000, 0x00000000f1800000, 0x0000000100000000)
  eden space 206336K, 0% used [0x00000000e0000000,0x00000000e0000000,0x00000000ec980000)
  from space 12288K, 0% used [0x00000000f0c00000,0x00000000f0c00000,0x00000000f1800000)
  to   space 33792K, 0% used [0x00000000ed600000,0x00000000ed600000,0x00000000ef700000)
 ParOldGen       total 145408K, used 60212K [0x00000000a0000000, 0x00000000a8e00000, 0x00000000e0000000)
  object space 145408K, 41% used [0x00000000a0000000,0x00000000a3acd098,0x00000000a8e00000)
 Metaspace       used 76096K, capacity 81328K, committed 82048K, reserved 1120256K
  class space    used 10062K, capacity 10973K, committed 11136K, reserved 1048576K
}
Event: 2458.551 GC heap before
{Heap before GC invocations=27 (full 4):
 PSYoungGen      total 218624K, used 206336K [0x00000000e0000000, 0x00000000f1800000, 0x0000000100000000)
  eden space 206336K, 100% used [0x00000000e0000000,0x00000000ec980000,0x00000000ec980000)
  from space 12288K, 0% used [0x00000000f0c00000,0x00000000f0c00000,0x00000000f1800000)
  to   space 33792K, 0% used [0x00000000ed600000,0x00000000ed600000,0x00000000ef700000)
 ParOldGen       total 145408K, used 60212K [0x00000000a0000000, 0x00000000a8e00000, 0x00000000e0000000)
  object space 145408K, 41% used [0x00000000a0000000,0x00000000a3acd098,0x00000000a8e00000)
 Metaspace       used 76630K, capacity 81994K, committed 82304K, reserved 1120256K
  class space    used 10138K, capacity 11070K, committed 11136K, reserved 1048576K
Event: 2458.628 GC heap after
Heap after GC invocations=27 (full 4):
 PSYoungGen      total 227840K, used 13651K [0x00000000e0000000, 0x00000000f1000000, 0x0000000100000000)
  eden space 214016K, 0% used [0x00000000e0000000,0x00000000e0000000,0x00000000ed100000)
  from space 13824K, 98% used [0x00000000ed600000,0x00000000ee354c28,0x00000000ee380000)
  to   space 32256K, 0% used [0x00000000ef080000,0x00000000ef080000,0x00000000f1000000)
 ParOldGen       total 145408K, used 60212K [0x00000000a0000000, 0x00000000a8e00000, 0x00000000e0000000)
  object space 145408K, 41% used [0x00000000a0000000,0x00000000a3acd098,0x00000000a8e00000)
 Metaspace       used 76630K, capacity 81994K, committed 82304K, reserved 1120256K
  class space    used 10138K, capacity 11070K, committed 11136K, reserved 1048576K
}
Event: 2482.149 GC heap before
{Heap before GC invocations=28 (full 4):
 PSYoungGen      total 227840K, used 223873K [0x00000000e0000000, 0x00000000f1000000, 0x0000000100000000)
  eden space 214016K, 98% used [0x00000000e0000000,0x00000000ecd4bab8,0x00000000ed100000)
  from space 13824K, 98% used [0x00000000ed600000,0x00000000ee354c28,0x00000000ee380000)
  to   space 32256K, 0% used [0x00000000ef080000,0x00000000ef080000,0x00000000f1000000)
 ParOldGen       total 145408K, used 60212K [0x00000000a0000000, 0x00000000a8e00000, 0x00000000e0000000)
  object space 145408K, 41% used [0x00000000a0000000,0x00000000a3acd098,0x00000000a8e00000)
 Metaspace       used 78197K, capacity 83612K, committed 83968K, reserved 1122304K
  class space    used 10277K, capacity 11217K, committed 11264K, reserved 1048576K
Event: 2482.284 GC heap after
Heap after GC invocations=28 (full 4):
 PSYoungGen      total 235520K, used 32226K [0x00000000e0000000, 0x00000000f2f00000, 0x0000000100000000)
  eden space 203264K, 0% used [0x00000000e0000000,0x00000000e0000000,0x00000000ec680000)
  from space 32256K, 99% used [0x00000000ef080000,0x00000000f0ff8b98,0x00000000f1000000)
  to   space 43008K, 0% used [0x00000000ec680000,0x00000000ec680000,0x00000000ef080000)
 ParOldGen       total 145408K, used 75930K [0x00000000a0000000, 0x00000000a8e00000, 0x00000000e0000000)
  object space 145408K, 52% used [0x00000000a0000000,0x00000000a4a26a90,0x00000000a8e00000)
 Metaspace       used 78197K, capacity 83612K, committed 83968K, reserved 1122304K
  class space    used 10277K, capacity 11217K, committed 11264K, reserved 1048576K
}

