# JRE version: OpenJDK Runtime Environment (8.0_202-b03) (build 1.8.0_202-release-1483-b03)
# Java VM: OpenJDK 64-Bit Server VM (25.202-b03 mixed mode windows-amd64 compressed oops)
Heap:
 PSYoungGen      total 183808K, used 96572K [0x00000000e0000000, 0x00000000f0600000, 0x0000000100000000)
  eden space 112640K, 85% used [0x00000000e0000000,0x00000000e5e4f2a0,0x00000000e6e00000)
  from space 71168K, 0% used [0x00000000e7180000,0x00000000e7180000,0x00000000eb700000)
  to   space 77824K, 0% used [0x00000000eba00000,0x00000000eba00000,0x00000000f0600000)
 ParOldGen       total 91136K, used 76980K [0x00000000a0000000, 0x00000000a5900000, 0x00000000e0000000)
  object space 91136K, 84% used [0x00000000a0000000,0x00000000a4b2d1b8,0x00000000a5900000)
 Metaspace       used 97114K, capacity 101342K, committed 102144K, reserved 1138688K
  class space    used 12241K, capacity 13083K, committed 13312K, reserved 1048576K
GC Heap History (10 events):
Event: 4045.251 GC heap before
{Heap before GC invocations=31 (full 3):
 PSYoungGen      total 174080K, used 173670K [0x00000000e0000000, 0x00000000ef880000, 0x0000000100000000)
  eden space 128512K, 100% used [0x00000000e0000000,0x00000000e7d80000,0x00000000e7d80000)
  from space 45568K, 99% used [0x00000000e8200000,0x00000000eae199e8,0x00000000eae80000)
  to   space 62976K, 0% used [0x00000000ebb00000,0x00000000ebb00000,0x00000000ef880000)
 ParOldGen       total 91136K, used 58079K [0x00000000a0000000, 0x00000000a5900000, 0x00000000e0000000)
  object space 91136K, 63% used [0x00000000a0000000,0x00000000a38b7c20,0x00000000a5900000)
 Metaspace       used 89635K, capacity 94370K, committed 94464K, reserved 1132544K
  class space    used 11324K, capacity 12230K, committed 12288K, reserved 1048576K
Event: 4045.365 GC heap after
Heap after GC invocations=31 (full 3):
 PSYoungGen      total 183296K, used 37959K [0x00000000e0000000, 0x00000000ef480000, 0x0000000100000000)
  eden space 124416K, 0% used [0x00000000e0000000,0x00000000e0000000,0x00000000e7980000)
  from space 58880K, 64% used [0x00000000ebb00000,0x00000000ee011c80,0x00000000ef480000)
  to   space 62976K, 0% used [0x00000000e7980000,0x00000000e7980000,0x00000000eb700000)
 ParOldGen       total 91136K, used 58087K [0x00000000a0000000, 0x00000000a5900000, 0x00000000e0000000)
  object space 91136K, 63% used [0x00000000a0000000,0x00000000a38b9c20,0x00000000a5900000)
 Metaspace       used 89635K, capacity 94370K, committed 94464K, reserved 1132544K
  class space    used 11324K, capacity 12230K, committed 12288K, reserved 1048576K
}
Event: 4069.992 GC heap before
{Heap before GC invocations=32 (full 3):
 PSYoungGen      total 183296K, used 162375K [0x00000000e0000000, 0x00000000ef480000, 0x0000000100000000)
  eden space 124416K, 100% used [0x00000000e0000000,0x00000000e7980000,0x00000000e7980000)
  from space 58880K, 64% used [0x00000000ebb00000,0x00000000ee011c80,0x00000000ef480000)
  to   space 62976K, 0% used [0x00000000e7980000,0x00000000e7980000,0x00000000eb700000)
 ParOldGen       total 91136K, used 58087K [0x00000000a0000000, 0x00000000a5900000, 0x00000000e0000000)
  object space 91136K, 63% used [0x00000000a0000000,0x00000000a38b9c20,0x00000000a5900000)
 Metaspace       used 89697K, capacity 94370K, committed 94464K, reserved 1132544K
  class space    used 11324K, capacity 12230K, committed 12288K, reserved 1048576K
Event: 4070.073 GC heap after
Heap after GC invocations=32 (full 3):
 PSYoungGen      total 183296K, used 52693K [0x00000000e0000000, 0x00000000efb80000, 0x0000000100000000)
  eden space 120320K, 0% used [0x00000000e0000000,0x00000000e0000000,0x00000000e7580000)
  from space 62976K, 83% used [0x00000000e7980000,0x00000000eacf5748,0x00000000eb700000)
  to   space 68608K, 0% used [0x00000000eb880000,0x00000000eb880000,0x00000000efb80000)
 ParOldGen       total 91136K, used 58095K [0x00000000a0000000, 0x00000000a5900000, 0x00000000e0000000)
  object space 91136K, 63% used [0x00000000a0000000,0x00000000a38bbc20,0x00000000a5900000)
 Metaspace       used 89697K, capacity 94370K, committed 94464K, reserved 1132544K
  class space    used 11324K, capacity 12230K, committed 12288K, reserved 1048576K
}
Event: 4077.589 GC heap before
{Heap before GC invocations=33 (full 3):
 PSYoungGen      total 183296K, used 173013K [0x00000000e0000000, 0x00000000efb80000, 0x0000000100000000)
  eden space 120320K, 100% used [0x00000000e0000000,0x00000000e7580000,0x00000000e7580000)
  from space 62976K, 83% used [0x00000000e7980000,0x00000000eacf5748,0x00000000eb700000)
  to   space 68608K, 0% used [0x00000000eb880000,0x00000000eb880000,0x00000000efb80000)
 ParOldGen       total 91136K, used 58095K [0x00000000a0000000, 0x00000000a5900000, 0x00000000e0000000)
  object space 91136K, 63% used [0x00000000a0000000,0x00000000a38bbc20,0x00000000a5900000)
 Metaspace       used 90912K, capacity 95644K, committed 95872K, reserved 1132544K
  class space    used 11462K, capacity 12367K, committed 12416K, reserved 1048576K
Event: 4077.661 GC heap after
Heap after GC invocations=33 (full 3):
 PSYoungGen      total 184832K, used 47653K [0x00000000e0000000, 0x00000000efc80000, 0x0000000100000000)
  eden space 116224K, 0% used [0x00000000e0000000,0x00000000e0000000,0x00000000e7180000)
  from space 68608K, 69% used [0x00000000eb880000,0x00000000ee709658,0x00000000efb80000)
  to   space 71168K, 0% used [0x00000000e7180000,0x00000000e7180000,0x00000000eb700000)
 ParOldGen       total 91136K, used 58103K [0x00000000a0000000, 0x00000000a5900000, 0x00000000e0000000)
  object space 91136K, 63% used [0x00000000a0000000,0x00000000a38bdc20,0x00000000a5900000)
 Metaspace       used 90912K, capacity 95644K, committed 95872K, reserved 1132544K
  class space    used 11462K, capacity 12367K, committed 12416K, reserved 1048576K
}
Event: 4081.805 GC heap before
{Heap before GC invocations=34 (full 3):
 PSYoungGen      total 184832K, used 131087K [0x00000000e0000000, 0x00000000efc80000, 0x0000000100000000)
  eden space 116224K, 71% used [0x00000000e0000000,0x00000000e517a968,0x00000000e7180000)
  from space 68608K, 69% used [0x00000000eb880000,0x00000000ee709658,0x00000000efb80000)
  to   space 71168K, 0% used [0x00000000e7180000,0x00000000e7180000,0x00000000eb700000)
 ParOldGen       total 91136K, used 58103K [0x00000000a0000000, 0x00000000a5900000, 0x00000000e0000000)
  object space 91136K, 63% used [0x00000000a0000000,0x00000000a38bdc20,0x00000000a5900000)
 Metaspace       used 93552K, capacity 98414K, committed 98496K, reserved 1134592K
  class space    used 11815K, capacity 12750K, committed 12800K, reserved 1048576K
Event: 4081.883 GC heap after
Heap after GC invocations=34 (full 3):
 PSYoungGen      total 183808K, used 60878K [0x00000000e0000000, 0x00000000f0600000, 0x0000000100000000)
  eden space 112640K, 0% used [0x00000000e0000000,0x00000000e0000000,0x00000000e6e00000)
  from space 71168K, 85% used [0x00000000e7180000,0x00000000eacf3958,0x00000000eb700000)
  to   space 77824K, 0% used [0x00000000eba00000,0x00000000eba00000,0x00000000f0600000)
 ParOldGen       total 91136K, used 58111K [0x00000000a0000000, 0x00000000a5900000, 0x00000000e0000000)
  object space 91136K, 63% used [0x00000000a0000000,0x00000000a38bfc20,0x00000000a5900000)
 Metaspace       used 93552K, capacity 98414K, committed 98496K, reserved 1134592K
  class space    used 11815K, capacity 12750K, committed 12800K, reserved 1048576K
}
Event: 4081.883 GC heap before
{Heap before GC invocations=35 (full 4):
 PSYoungGen      total 183808K, used 60878K [0x00000000e0000000, 0x00000000f0600000, 0x0000000100000000)
  eden space 112640K, 0% used [0x00000000e0000000,0x00000000e0000000,0x00000000e6e00000)
  from space 71168K, 85% used [0x00000000e7180000,0x00000000eacf3958,0x00000000eb700000)
  to   space 77824K, 0% used [0x00000000eba00000,0x00000000eba00000,0x00000000f0600000)
 ParOldGen       total 91136K, used 58111K [0x00000000a0000000, 0x00000000a5900000, 0x00000000e0000000)
  object space 91136K, 63% used [0x00000000a0000000,0x00000000a38bfc20,0x00000000a5900000)
 Metaspace       used 93552K, capacity 98414K, committed 98496K, reserved 1134592K
  class space    used 11815K, capacity 12750K, committed 12800K, reserved 1048576K
Event: 4082.711 GC heap after
Heap after GC invocations=35 (full 4):
 PSYoungGen      total 183808K, used 0K [0x00000000e0000000, 0x00000000f0600000, 0x0000000100000000)
  eden space 112640K, 0% used [0x00000000e0000000,0x00000000e0000000,0x00000000e6e00000)
  from space 71168K, 0% used [0x00000000e7180000,0x00000000e7180000,0x00000000eb700000)
  to   space 77824K, 0% used [0x00000000eba00000,0x00000000eba00000,0x00000000f0600000)
 ParOldGen       total 91136K, used 76980K [0x00000000a0000000, 0x00000000a5900000, 0x00000000e0000000)
  object space 91136K, 84% used [0x00000000a0000000,0x00000000a4b2d1b8,0x00000000a5900000)
 Metaspace       used 92085K, capacity 95612K, committed 98496K, reserved 1134592K
  class space    used 11529K, capacity 12290K, committed 12800K, reserved 1048576K
}

