# JRE version: OpenJDK Runtime Environment (8.0_202-b03) (build 1.8.0_202-release-1483-b03)
# Java VM: OpenJDK 64-Bit Server VM (25.202-b03 mixed mode windows-amd64 compressed oops)
Heap:
 PSYoungGen      total 477696K, used 361392K [0x00000000e0000000, 0x0000000100000000, 0x0000000100000000)
  eden space 454656K, 74% used [0x00000000e0000000,0x00000000f4a76e00,0x00000000fbc00000)
  from space 23040K, 99% used [0x00000000fbc00000,0x00000000fd275388,0x00000000fd280000)
  to   space 35840K, 0% used [0x00000000fdd00000,0x00000000fdd00000,0x0000000100000000)
 ParOldGen       total 157184K, used 83471K [0x00000000a0000000, 0x00000000a9980000, 0x00000000e0000000)
  object space 157184K, 53% used [0x00000000a0000000,0x00000000a5183de8,0x00000000a9980000)
 Metaspace       used 82810K, capacity 86010K, committed 86144K, reserved 1124352K
  class space    used 10646K, capacity 11320K, committed 11392K, reserved 1048576K
GC Heap History (10 events):
Event: 589.990 GC heap before
{Heap before GC invocations=32 (full 4):
 PSYoungGen      total 495616K, used 477096K [0x00000000e0000000, 0x00000000fff80000, 0x0000000100000000)
  eden space 468992K, 100% used [0x00000000e0000000,0x00000000fca00000,0x00000000fca00000)
  from space 26624K, 30% used [0x00000000fca00000,0x00000000fd1ea290,0x00000000fe400000)
  to   space 26112K, 0% used [0x00000000fe600000,0x00000000fe600000,0x00000000fff80000)
 ParOldGen       total 157184K, used 118008K [0x00000000a0000000, 0x00000000a9980000, 0x00000000e0000000)
  object space 157184K, 75% used [0x00000000a0000000,0x00000000a733e0e8,0x00000000a9980000)
 Metaspace       used 76615K, capacity 79596K, committed 79744K, reserved 1118208K
  class space    used 9881K, capacity 10509K, committed 10624K, reserved 1048576K
Event: 590.153 GC heap after
Heap after GC invocations=32 (full 4):
 PSYoungGen      total 494592K, used 12069K [0x00000000e0000000, 0x00000000ffc80000, 0x0000000100000000)
  eden space 471552K, 0% used [0x00000000e0000000,0x00000000e0000000,0x00000000fcc80000)
  from space 23040K, 52% used [0x00000000fe600000,0x00000000ff1c95e0,0x00000000ffc80000)
  to   space 24576K, 0% used [0x00000000fcc80000,0x00000000fcc80000,0x00000000fe480000)
 ParOldGen       total 157184K, used 118016K [0x00000000a0000000, 0x00000000a9980000, 0x00000000e0000000)
  object space 157184K, 75% used [0x00000000a0000000,0x00000000a73400e8,0x00000000a9980000)
 Metaspace       used 76615K, capacity 79596K, committed 79744K, reserved 1118208K
  class space    used 9881K, capacity 10509K, committed 10624K, reserved 1048576K
}
Event: 641.729 GC heap before
{Heap before GC invocations=33 (full 4):
 PSYoungGen      total 494592K, used 483621K [0x00000000e0000000, 0x00000000ffc80000, 0x0000000100000000)
  eden space 471552K, 100% used [0x00000000e0000000,0x00000000fcc80000,0x00000000fcc80000)
  from space 23040K, 52% used [0x00000000fe600000,0x00000000ff1c95e0,0x00000000ffc80000)
  to   space 24576K, 0% used [0x00000000fcc80000,0x00000000fcc80000,0x00000000fe480000)
 ParOldGen       total 157184K, used 118016K [0x00000000a0000000, 0x00000000a9980000, 0x00000000e0000000)
  object space 157184K, 75% used [0x00000000a0000000,0x00000000a73400e8,0x00000000a9980000)
 Metaspace       used 82746K, capacity 85942K, committed 86144K, reserved 1124352K
  class space    used 10646K, capacity 11320K, committed 11392K, reserved 1048576K
Event: 641.882 GC heap after
Heap after GC invocations=33 (full 4):
 PSYoungGen      total 496128K, used 24555K [0x00000000e0000000, 0x0000000100000000, 0x0000000100000000)
  eden space 471552K, 0% used [0x00000000e0000000,0x00000000e0000000,0x00000000fcc80000)
  from space 24576K, 99% used [0x00000000fcc80000,0x00000000fe47ac30,0x00000000fe480000)
  to   space 28160K, 0% used [0x00000000fe480000,0x00000000fe480000,0x0000000100000000)
 ParOldGen       total 157184K, used 138005K [0x00000000a0000000, 0x00000000a9980000, 0x00000000e0000000)
  object space 157184K, 87% used [0x00000000a0000000,0x00000000a86c55b8,0x00000000a9980000)
 Metaspace       used 82746K, capacity 85942K, committed 86144K, reserved 1124352K
  class space    used 10646K, capacity 11320K, committed 11392K, reserved 1048576K
}
Event: 641.882 GC heap before
{Heap before GC invocations=34 (full 5):
 PSYoungGen      total 496128K, used 24555K [0x00000000e0000000, 0x0000000100000000, 0x0000000100000000)
  eden space 471552K, 0% used [0x00000000e0000000,0x00000000e0000000,0x00000000fcc80000)
  from space 24576K, 99% used [0x00000000fcc80000,0x00000000fe47ac30,0x00000000fe480000)
  to   space 28160K, 0% used [0x00000000fe480000,0x00000000fe480000,0x0000000100000000)
 ParOldGen       total 157184K, used 138005K [0x00000000a0000000, 0x00000000a9980000, 0x00000000e0000000)
  object space 157184K, 87% used [0x00000000a0000000,0x00000000a86c55b8,0x00000000a9980000)
 Metaspace       used 82746K, capacity 85942K, committed 86144K, reserved 1124352K
  class space    used 10646K, capacity 11320K, committed 11392K, reserved 1048576K
Event: 642.439 GC heap after
Heap after GC invocations=34 (full 5):
 PSYoungGen      total 496128K, used 0K [0x00000000e0000000, 0x0000000100000000, 0x0000000100000000)
  eden space 471552K, 0% used [0x00000000e0000000,0x00000000e0000000,0x00000000fcc80000)
  from space 24576K, 0% used [0x00000000fcc80000,0x00000000fcc80000,0x00000000fe480000)
  to   space 28160K, 0% used [0x00000000fe480000,0x00000000fe480000,0x0000000100000000)
 ParOldGen       total 157184K, used 83455K [0x00000000a0000000, 0x00000000a9980000, 0x00000000e0000000)
  object space 157184K, 53% used [0x00000000a0000000,0x00000000a517fde8,0x00000000a9980000)
 Metaspace       used 82746K, capacity 85942K, committed 86144K, reserved 1124352K
  class space    used 10646K, capacity 11320K, committed 11392K, reserved 1048576K
}
Event: 645.548 GC heap before
{Heap before GC invocations=35 (full 5):
 PSYoungGen      total 496128K, used 471552K [0x00000000e0000000, 0x0000000100000000, 0x0000000100000000)
  eden space 471552K, 100% used [0x00000000e0000000,0x00000000fcc80000,0x00000000fcc80000)
  from space 24576K, 0% used [0x00000000fcc80000,0x00000000fcc80000,0x00000000fe480000)
  to   space 28160K, 0% used [0x00000000fe480000,0x00000000fe480000,0x0000000100000000)
 ParOldGen       total 157184K, used 83455K [0x00000000a0000000, 0x00000000a9980000, 0x00000000e0000000)
  object space 157184K, 53% used [0x00000000a0000000,0x00000000a517fde8,0x00000000a9980000)
 Metaspace       used 82770K, capacity 86010K, committed 86144K, reserved 1124352K
  class space    used 10646K, capacity 11320K, committed 11392K, reserved 1048576K
Event: 645.581 GC heap after
Heap after GC invocations=35 (full 5):
 PSYoungGen      total 482816K, used 8729K [0x00000000e0000000, 0x0000000100000000, 0x0000000100000000)
  eden space 454656K, 0% used [0x00000000e0000000,0x00000000e0000000,0x00000000fbc00000)
  from space 28160K, 30% used [0x00000000fe480000,0x00000000fed06540,0x0000000100000000)
  to   space 34816K, 0% used [0x00000000fbc00000,0x00000000fbc00000,0x00000000fde00000)
 ParOldGen       total 157184K, used 83463K [0x00000000a0000000, 0x00000000a9980000, 0x00000000e0000000)
  object space 157184K, 53% used [0x00000000a0000000,0x00000000a5181de8,0x00000000a9980000)
 Metaspace       used 82770K, capacity 86010K, committed 86144K, reserved 1124352K
  class space    used 10646K, capacity 11320K, committed 11392K, reserved 1048576K
}
Event: 648.480 GC heap before
{Heap before GC invocations=36 (full 5):
 PSYoungGen      total 482816K, used 463385K [0x00000000e0000000, 0x0000000100000000, 0x0000000100000000)
  eden space 454656K, 100% used [0x00000000e0000000,0x00000000fbc00000,0x00000000fbc00000)
  from space 28160K, 30% used [0x00000000fe480000,0x00000000fed06540,0x0000000100000000)
  to   space 34816K, 0% used [0x00000000fbc00000,0x00000000fbc00000,0x00000000fde00000)
 ParOldGen       total 157184K, used 83463K [0x00000000a0000000, 0x00000000a9980000, 0x00000000e0000000)
  object space 157184K, 53% used [0x00000000a0000000,0x00000000a5181de8,0x00000000a9980000)
 Metaspace       used 82789K, capacity 86010K, committed 86144K, reserved 1124352K
  class space    used 10646K, capacity 11320K, committed 11392K, reserved 1048576K
Event: 648.519 GC heap after
Heap after GC invocations=36 (full 5):
 PSYoungGen      total 477696K, used 22996K [0x00000000e0000000, 0x0000000100000000, 0x0000000100000000)
  eden space 454656K, 0% used [0x00000000e0000000,0x00000000e0000000,0x00000000fbc00000)
  from space 23040K, 99% used [0x00000000fbc00000,0x00000000fd275388,0x00000000fd280000)
  to   space 35840K, 0% used [0x00000000fdd00000,0x00000000fdd00000,0x0000000100000000)
 ParOldGen       total 157184K, used 83471K [0x00000000a0000000, 0x00000000a9980000, 0x00000000e0000000)
  object space 157184K, 53% used [0x00000000a0000000,0x00000000a5183de8,0x00000000a9980000)
 Metaspace       used 82789K, capacity 86010K, committed 86144K, reserved 1124352K
  class space    used 10646K, capacity 11320K, committed 11392K, reserved 1048576K
}

