# JRE version: Java(TM) SE Runtime Environment (8.0_121-b13) (build 1.8.0_121-b13)
# Java VM: Java HotSpot(TM) 64-Bit Server VM (25.121-b13 mixed mode windows-amd64 compressed oops)
Heap:
 PSYoungGen      total 246784K, used 174785K [0x00000000e0000000, 0x00000000f3500000, 0x0000000100000000)
  eden space 177152K, 90% used [0x00000000e0000000,0x00000000e9ca1da8,0x00000000ead00000)
  from space 69632K, 20% used [0x00000000ef100000,0x00000000eff0e6b8,0x00000000f3500000)
  to   space 59904K, 0% used [0x00000000eb400000,0x00000000eb400000,0x00000000eee80000)
 ParOldGen       total 186368K, used 72080K [0x00000000a0000000, 0x00000000ab600000, 0x00000000e0000000)
  object space 186368K, 38% used [0x00000000a0000000,0x00000000a4664148,0x00000000ab600000)
 Metaspace       used 89355K, capacity 92786K, committed 94552K, reserved 1130496K
  class space    used 11598K, capacity 12318K, committed 12672K, reserved 1048576K
GC Heap History (10 events):
Event: 3549.209 GC heap before
{Heap before GC invocations=25 (full 3):
 PSYoungGen      total 237056K, used 236154K [0x00000000e0000000, 0x00000000f3500000, 0x0000000100000000)
  eden space 177152K, 100% used [0x00000000e0000000,0x00000000ead00000,0x00000000ead00000)
  from space 59904K, 98% used [0x00000000eb400000,0x00000000eed9e870,0x00000000eee80000)
  to   space 69632K, 0% used [0x00000000ef100000,0x00000000ef100000,0x00000000f3500000)
 ParOldGen       total 95232K, used 77713K [0x00000000a0000000, 0x00000000a5d00000, 0x00000000e0000000)
  object space 95232K, 81% used [0x00000000a0000000,0x00000000a4be4640,0x00000000a5d00000)
 Metaspace       used 86507K, capacity 90506K, committed 90840K, reserved 1128448K
  class space    used 11335K, capacity 12201K, committed 12288K, reserved 1048576K
Event: 3549.380 GC heap after
Heap after GC invocations=25 (full 3):
 PSYoungGen      total 246784K, used 69602K [0x00000000e0000000, 0x00000000f3500000, 0x0000000100000000)
  eden space 177152K, 0% used [0x00000000e0000000,0x00000000e0000000,0x00000000ead00000)
  from space 69632K, 99% used [0x00000000ef100000,0x00000000f34f89a8,0x00000000f3500000)
  to   space 59904K, 0% used [0x00000000eb400000,0x00000000eb400000,0x00000000eee80000)
 ParOldGen       total 123392K, used 123067K [0x00000000a0000000, 0x00000000a7880000, 0x00000000e0000000)
  object space 123392K, 99% used [0x00000000a0000000,0x00000000a782ef30,0x00000000a7880000)
 Metaspace       used 86507K, capacity 90506K, committed 90840K, reserved 1128448K
  class space    used 11335K, capacity 12201K, committed 12288K, reserved 1048576K
}
Event: 3549.380 GC heap before
{Heap before GC invocations=26 (full 4):
 PSYoungGen      total 246784K, used 69602K [0x00000000e0000000, 0x00000000f3500000, 0x0000000100000000)
  eden space 177152K, 0% used [0x00000000e0000000,0x00000000e0000000,0x00000000ead00000)
  from space 69632K, 99% used [0x00000000ef100000,0x00000000f34f89a8,0x00000000f3500000)
  to   space 59904K, 0% used [0x00000000eb400000,0x00000000eb400000,0x00000000eee80000)
 ParOldGen       total 123392K, used 123067K [0x00000000a0000000, 0x00000000a7880000, 0x00000000e0000000)
  object space 123392K, 99% used [0x00000000a0000000,0x00000000a782ef30,0x00000000a7880000)
 Metaspace       used 86507K, capacity 90506K, committed 90840K, reserved 1128448K
  class space    used 11335K, capacity 12201K, committed 12288K, reserved 1048576K
Event: 3550.525 GC heap after
Heap after GC invocations=26 (full 4):
 PSYoungGen      total 246784K, used 15248K [0x00000000e0000000, 0x00000000f3500000, 0x0000000100000000)
  eden space 177152K, 0% used [0x00000000e0000000,0x00000000e0000000,0x00000000ead00000)
  from space 69632K, 21% used [0x00000000ef100000,0x00000000effe43f0,0x00000000f3500000)
  to   space 59904K, 0% used [0x00000000eb400000,0x00000000eb400000,0x00000000eee80000)
 ParOldGen       total 123392K, used 122856K [0x00000000a0000000, 0x00000000a7880000, 0x00000000e0000000)
  object space 123392K, 99% used [0x00000000a0000000,0x00000000a77fa1c0,0x00000000a7880000)
 Metaspace       used 85106K, capacity 88104K, committed 90840K, reserved 1128448K
  class space    used 11035K, capacity 11721K, committed 12288K, reserved 1048576K
}
Event: 3561.927 GC heap before
{Heap before GC invocations=27 (full 5):
 PSYoungGen      total 246784K, used 192400K [0x00000000e0000000, 0x00000000f3500000, 0x0000000100000000)
  eden space 177152K, 100% used [0x00000000e0000000,0x00000000ead00000,0x00000000ead00000)
  from space 69632K, 21% used [0x00000000ef100000,0x00000000effe43f0,0x00000000f3500000)
  to   space 59904K, 0% used [0x00000000eb400000,0x00000000eb400000,0x00000000eee80000)
 ParOldGen       total 123392K, used 122856K [0x00000000a0000000, 0x00000000a7880000, 0x00000000e0000000)
  object space 123392K, 99% used [0x00000000a0000000,0x00000000a77fa1c0,0x00000000a7880000)
 Metaspace       used 85963K, capacity 89016K, committed 91352K, reserved 1128448K
  class space    used 11118K, capacity 11799K, committed 12288K, reserved 1048576K
Event: 3562.242 GC heap after
Heap after GC invocations=27 (full 5):
 PSYoungGen      total 246784K, used 0K [0x00000000e0000000, 0x00000000f3500000, 0x0000000100000000)
  eden space 177152K, 0% used [0x00000000e0000000,0x00000000e0000000,0x00000000ead00000)
  from space 69632K, 0% used [0x00000000ef100000,0x00000000ef100000,0x00000000f3500000)
  to   space 59904K, 0% used [0x00000000eb400000,0x00000000eb400000,0x00000000eee80000)
 ParOldGen       total 186368K, used 72064K [0x00000000a0000000, 0x00000000ab600000, 0x00000000e0000000)
  object space 186368K, 38% used [0x00000000a0000000,0x00000000a4660148,0x00000000ab600000)
 Metaspace       used 85963K, capacity 89016K, committed 91352K, reserved 1128448K
  class space    used 11118K, capacity 11799K, committed 12288K, reserved 1048576K
}
Event: 3562.656 GC heap before
{Heap before GC invocations=28 (full 5):
 PSYoungGen      total 246784K, used 177152K [0x00000000e0000000, 0x00000000f3500000, 0x0000000100000000)
  eden space 177152K, 100% used [0x00000000e0000000,0x00000000ead00000,0x00000000ead00000)
  from space 69632K, 0% used [0x00000000ef100000,0x00000000ef100000,0x00000000f3500000)
  to   space 59904K, 0% used [0x00000000eb400000,0x00000000eb400000,0x00000000eee80000)
 ParOldGen       total 186368K, used 72064K [0x00000000a0000000, 0x00000000ab600000, 0x00000000e0000000)
  object space 186368K, 38% used [0x00000000a0000000,0x00000000a4660148,0x00000000ab600000)
 Metaspace       used 85996K, capacity 89040K, committed 91352K, reserved 1128448K
  class space    used 11121K, capacity 11803K, committed 12288K, reserved 1048576K
Event: 3562.666 GC heap after
Heap after GC invocations=28 (full 5):
 PSYoungGen      total 237056K, used 7840K [0x00000000e0000000, 0x00000000f3500000, 0x0000000100000000)
  eden space 177152K, 0% used [0x00000000e0000000,0x00000000e0000000,0x00000000ead00000)
  from space 59904K, 13% used [0x00000000eb400000,0x00000000ebba8000,0x00000000eee80000)
  to   space 69632K, 0% used [0x00000000ef100000,0x00000000ef100000,0x00000000f3500000)
 ParOldGen       total 186368K, used 72072K [0x00000000a0000000, 0x00000000ab600000, 0x00000000e0000000)
  object space 186368K, 38% used [0x00000000a0000000,0x00000000a4662148,0x00000000ab600000)
 Metaspace       used 85996K, capacity 89040K, committed 91352K, reserved 1128448K
  class space    used 11121K, capacity 11803K, committed 12288K, reserved 1048576K
}
Event: 3575.366 GC heap before
{Heap before GC invocations=29 (full 5):
 PSYoungGen      total 237056K, used 184992K [0x00000000e0000000, 0x00000000f3500000, 0x0000000100000000)
  eden space 177152K, 100% used [0x00000000e0000000,0x00000000ead00000,0x00000000ead00000)
  from space 59904K, 13% used [0x00000000eb400000,0x00000000ebba8000,0x00000000eee80000)
  to   space 69632K, 0% used [0x00000000ef100000,0x00000000ef100000,0x00000000f3500000)
 ParOldGen       total 186368K, used 72072K [0x00000000a0000000, 0x00000000ab600000, 0x00000000e0000000)
  object space 186368K, 38% used [0x00000000a0000000,0x00000000a4662148,0x00000000ab600000)
 Metaspace       used 87561K, capacity 90698K, committed 92888K, reserved 1130496K
  class space    used 11330K, capacity 12020K, committed 12544K, reserved 1048576K
Event: 3575.400 GC heap after
Heap after GC invocations=29 (full 5):
 PSYoungGen      total 246784K, used 14393K [0x00000000e0000000, 0x00000000f3500000, 0x0000000100000000)
  eden space 177152K, 0% used [0x00000000e0000000,0x00000000e0000000,0x00000000ead00000)
  from space 69632K, 20% used [0x00000000ef100000,0x00000000eff0e6b8,0x00000000f3500000)
  to   space 59904K, 0% used [0x00000000eb400000,0x00000000eb400000,0x00000000eee80000)
 ParOldGen       total 186368K, used 72080K [0x00000000a0000000, 0x00000000ab600000, 0x00000000e0000000)
  object space 186368K, 38% used [0x00000000a0000000,0x00000000a4664148,0x00000000ab600000)
 Metaspace       used 87561K, capacity 90698K, committed 92888K, reserved 1130496K
  class space    used 11330K, capacity 12020K, committed 12544K, reserved 1048576K
}

