# JRE version: Java(TM) SE Runtime Environment (8.0_121-b13) (build 1.8.0_121-b13)
# Java VM: Java HotSpot(TM) 64-Bit Server VM (25.121-b13 mixed mode windows-amd64 compressed oops)
Heap:
 PSYoungGen      total 276992K, used 38251K [0x00000000e0000000, 0x00000000f8b80000, 0x0000000100000000)
  eden space 238592K, 16% used [0x00000000e0000000,0x00000000e255ad78,0x00000000ee900000)
  from space 38400K, 0% used [0x00000000ee900000,0x00000000ee900000,0x00000000f0e80000)
  to   space 73216K, 0% used [0x00000000f4400000,0x00000000f4400000,0x00000000f8b80000)
 ParOldGen       total 218624K, used 171000K [0x00000000a0000000, 0x00000000ad580000, 0x00000000e0000000)
  object space 218624K, 78% used [0x00000000a0000000,0x00000000aa6fe158,0x00000000ad580000)
 Metaspace       used 86256K, capacity 89396K, committed 89728K, reserved 1126400K
  class space    used 11138K, capacity 11818K, committed 11904K, reserved 1048576K
GC Heap History (10 events):
Event: 263.343 GC heap before
{Heap before GC invocations=52 (full 5):
 PSYoungGen      total 254976K, used 246344K [0x00000000e0000000, 0x00000000f1380000, 0x0000000100000000)
  eden space 230912K, 100% used [0x00000000e0000000,0x00000000ee180000,0x00000000ee180000)
  from space 24064K, 64% used [0x00000000efc00000,0x00000000f0b123a8,0x00000000f1380000)
  to   space 25600K, 99% used [0x00000000ee180000,0x00000000efa7feb0,0x00000000efa80000)
 ParOldGen       total 163328K, used 163124K [0x00000000a0000000, 0x00000000a9f80000, 0x00000000e0000000)
  object space 163328K, 99% used [0x00000000a0000000,0x00000000a9f4d3c8,0x00000000a9f80000)
 Metaspace       used 80247K, capacity 83204K, committed 83328K, reserved 1122304K
  class space    used 10715K, capacity 11366K, committed 11392K, reserved 1048576K
Event: 264.353 GC heap after
Heap after GC invocations=52 (full 5):
 PSYoungGen      total 254976K, used 0K [0x00000000e0000000, 0x00000000f1380000, 0x0000000100000000)
  eden space 230912K, 0% used [0x00000000e0000000,0x00000000e0000000,0x00000000ee180000)
  from space 24064K, 0% used [0x00000000efc00000,0x00000000efc00000,0x00000000f1380000)
  to   space 25600K, 0% used [0x00000000ee180000,0x00000000ee180000,0x00000000efa80000)
 ParOldGen       total 204288K, used 127662K [0x00000000a0000000, 0x00000000ac780000, 0x00000000e0000000)
  object space 204288K, 62% used [0x00000000a0000000,0x00000000a7cab8a8,0x00000000ac780000)
 Metaspace       used 80243K, capacity 83198K, committed 83328K, reserved 1122304K
  class space    used 10715K, capacity 11365K, committed 11392K, reserved 1048576K
}
Event: 280.626 GC heap before
{Heap before GC invocations=53 (full 5):
 PSYoungGen      total 254976K, used 230912K [0x00000000e0000000, 0x00000000f1380000, 0x0000000100000000)
  eden space 230912K, 100% used [0x00000000e0000000,0x00000000ee180000,0x00000000ee180000)
  from space 24064K, 0% used [0x00000000efc00000,0x00000000efc00000,0x00000000f1380000)
  to   space 25600K, 0% used [0x00000000ee180000,0x00000000ee180000,0x00000000efa80000)
 ParOldGen       total 204288K, used 127662K [0x00000000a0000000, 0x00000000ac780000, 0x00000000e0000000)
  object space 204288K, 62% used [0x00000000a0000000,0x00000000a7cab8a8,0x00000000ac780000)
 Metaspace       used 83214K, capacity 86262K, committed 86400K, reserved 1124352K
  class space    used 10955K, capacity 11615K, committed 11648K, reserved 1048576K
Event: 280.707 GC heap after
Heap after GC invocations=53 (full 5):
 PSYoungGen      total 256512K, used 21510K [0x00000000e0000000, 0x00000000f2a00000, 0x0000000100000000)
  eden space 230912K, 0% used [0x00000000e0000000,0x00000000e0000000,0x00000000ee180000)
  from space 25600K, 84% used [0x00000000ee180000,0x00000000ef681b78,0x00000000efa80000)
  to   space 28160K, 0% used [0x00000000f0e80000,0x00000000f0e80000,0x00000000f2a00000)
 ParOldGen       total 204288K, used 127670K [0x00000000a0000000, 0x00000000ac780000, 0x00000000e0000000)
  object space 204288K, 62% used [0x00000000a0000000,0x00000000a7cad8a8,0x00000000ac780000)
 Metaspace       used 83214K, capacity 86262K, committed 86400K, reserved 1124352K
  class space    used 10955K, capacity 11615K, committed 11648K, reserved 1048576K
}
Event: 337.625 GC heap before
{Heap before GC invocations=54 (full 5):
 PSYoungGen      total 256512K, used 252400K [0x00000000e0000000, 0x00000000f2a00000, 0x0000000100000000)
  eden space 230912K, 99% used [0x00000000e0000000,0x00000000ee17a7a0,0x00000000ee180000)
  from space 25600K, 84% used [0x00000000ee180000,0x00000000ef681b78,0x00000000efa80000)
  to   space 28160K, 0% used [0x00000000f0e80000,0x00000000f0e80000,0x00000000f2a00000)
 ParOldGen       total 204288K, used 127670K [0x00000000a0000000, 0x00000000ac780000, 0x00000000e0000000)
  object space 204288K, 62% used [0x00000000a0000000,0x00000000a7cad8a8,0x00000000ac780000)
 Metaspace       used 86222K, capacity 89332K, committed 89472K, reserved 1126400K
  class space    used 11138K, capacity 11818K, committed 11904K, reserved 1048576K
Event: 337.747 GC heap after
Heap after GC invocations=54 (full 5):
 PSYoungGen      total 266752K, used 28149K [0x00000000e0000000, 0x00000000f3b00000, 0x0000000100000000)
  eden space 238592K, 0% used [0x00000000e0000000,0x00000000e0000000,0x00000000ee900000)
  from space 28160K, 99% used [0x00000000f0e80000,0x00000000f29fd7c8,0x00000000f2a00000)
  to   space 38400K, 0% used [0x00000000ee900000,0x00000000ee900000,0x00000000f0e80000)
 ParOldGen       total 204288K, used 141949K [0x00000000a0000000, 0x00000000ac780000, 0x00000000e0000000)
  object space 204288K, 69% used [0x00000000a0000000,0x00000000a8a9f5b8,0x00000000ac780000)
 Metaspace       used 86222K, capacity 89332K, committed 89472K, reserved 1126400K
  class space    used 11138K, capacity 11818K, committed 11904K, reserved 1048576K
}
Event: 346.285 GC heap before
{Heap before GC invocations=55 (full 5):
 PSYoungGen      total 266752K, used 266741K [0x00000000e0000000, 0x00000000f3b00000, 0x0000000100000000)
  eden space 238592K, 100% used [0x00000000e0000000,0x00000000ee900000,0x00000000ee900000)
  from space 28160K, 99% used [0x00000000f0e80000,0x00000000f29fd7c8,0x00000000f2a00000)
  to   space 38400K, 0% used [0x00000000ee900000,0x00000000ee900000,0x00000000f0e80000)
 ParOldGen       total 204288K, used 141949K [0x00000000a0000000, 0x00000000ac780000, 0x00000000e0000000)
  object space 204288K, 69% used [0x00000000a0000000,0x00000000a8a9f5b8,0x00000000ac780000)
 Metaspace       used 86224K, capacity 89332K, committed 89472K, reserved 1126400K
  class space    used 11138K, capacity 11818K, committed 11904K, reserved 1048576K
Event: 346.473 GC heap after
Heap after GC invocations=55 (full 5):
 PSYoungGen      total 276992K, used 38399K [0x00000000e0000000, 0x00000000f8b80000, 0x0000000100000000)
  eden space 238592K, 0% used [0x00000000e0000000,0x00000000e0000000,0x00000000ee900000)
  from space 38400K, 99% used [0x00000000ee900000,0x00000000f0e7ff28,0x00000000f0e80000)
  to   space 73216K, 0% used [0x00000000f4400000,0x00000000f4400000,0x00000000f8b80000)
 ParOldGen       total 218624K, used 218277K [0x00000000a0000000, 0x00000000ad580000, 0x00000000e0000000)
  object space 218624K, 99% used [0x00000000a0000000,0x00000000ad529660,0x00000000ad580000)
 Metaspace       used 86224K, capacity 89332K, committed 89472K, reserved 1126400K
  class space    used 11138K, capacity 11818K, committed 11904K, reserved 1048576K
}
Event: 346.473 GC heap before
{Heap before GC invocations=56 (full 6):
 PSYoungGen      total 276992K, used 38399K [0x00000000e0000000, 0x00000000f8b80000, 0x0000000100000000)
  eden space 238592K, 0% used [0x00000000e0000000,0x00000000e0000000,0x00000000ee900000)
  from space 38400K, 99% used [0x00000000ee900000,0x00000000f0e7ff28,0x00000000f0e80000)
  to   space 73216K, 0% used [0x00000000f4400000,0x00000000f4400000,0x00000000f8b80000)
 ParOldGen       total 218624K, used 218277K [0x00000000a0000000, 0x00000000ad580000, 0x00000000e0000000)
  object space 218624K, 99% used [0x00000000a0000000,0x00000000ad529660,0x00000000ad580000)
 Metaspace       used 86224K, capacity 89332K, committed 89472K, reserved 1126400K
  class space    used 11138K, capacity 11818K, committed 11904K, reserved 1048576K
Event: 347.744 GC heap after
Heap after GC invocations=56 (full 6):
 PSYoungGen      total 276992K, used 0K [0x00000000e0000000, 0x00000000f8b80000, 0x0000000100000000)
  eden space 238592K, 0% used [0x00000000e0000000,0x00000000e0000000,0x00000000ee900000)
  from space 38400K, 0% used [0x00000000ee900000,0x00000000ee900000,0x00000000f0e80000)
  to   space 73216K, 0% used [0x00000000f4400000,0x00000000f4400000,0x00000000f8b80000)
 ParOldGen       total 218624K, used 171000K [0x00000000a0000000, 0x00000000ad580000, 0x00000000e0000000)
  object space 218624K, 78% used [0x00000000a0000000,0x00000000aa6fe158,0x00000000ad580000)
 Metaspace       used 86224K, capacity 89332K, committed 89472K, reserved 1126400K
  class space    used 11138K, capacity 11818K, committed 11904K, reserved 1048576K
}

