# JRE version: OpenJDK Runtime Environment (8.0_202-b03) (build 1.8.0_202-release-1483-b03)
# Java VM: OpenJDK 64-Bit Server VM (25.202-b03 mixed mode windows-amd64 compressed oops)
Heap:
 PSYoungGen      total 431104K, used 119797K [0x00000000e0000000, 0x0000000100000000, 0x0000000100000000)
  eden space 370688K, 16% used [0x00000000e0000000,0x00000000e39ff4a8,0x00000000f6a00000)
  from space 60416K, 99% used [0x00000000fc500000,0x00000000ffffe058,0x0000000100000000)
  to   space 76800K, 0% used [0x00000000f6a00000,0x00000000f6a00000,0x00000000fb500000)
 ParOldGen       total 208896K, used 147265K [0x00000000a0000000, 0x00000000acc00000, 0x00000000e0000000)
  object space 208896K, 70% used [0x00000000a0000000,0x00000000a8fd0418,0x00000000acc00000)
 Metaspace       used 93665K, capacity 97740K, committed 98048K, reserved 1134592K
  class space    used 11899K, capacity 12684K, committed 12800K, reserved 1048576K
GC Heap History (10 events):
Event: 3464.817 GC heap before
{Heap before GC invocations=34 (full 4):
 PSYoungGen      total 352768K, used 327118K [0x00000000e0000000, 0x00000000fb680000, 0x0000000100000000)
  eden space 295936K, 100% used [0x00000000e0000000,0x00000000f2100000,0x00000000f2100000)
  from space 56832K, 54% used [0x00000000f2100000,0x00000000f3f73998,0x00000000f5880000)
  to   space 56832K, 0% used [0x00000000f7f00000,0x00000000f7f00000,0x00000000fb680000)
 ParOldGen       total 208896K, used 121694K [0x00000000a0000000, 0x00000000acc00000, 0x00000000e0000000)
  object space 208896K, 58% used [0x00000000a0000000,0x00000000a76d7b00,0x00000000acc00000)
 Metaspace       used 93181K, capacity 97126K, committed 97536K, reserved 1134592K
  class space    used 11848K, capacity 12633K, committed 12800K, reserved 1048576K
Event: 3464.876 GC heap after
Heap after GC invocations=34 (full 4):
 PSYoungGen      total 377856K, used 18400K [0x00000000e0000000, 0x00000000fac80000, 0x0000000100000000)
  eden space 331264K, 0% used [0x00000000e0000000,0x00000000e0000000,0x00000000f4380000)
  from space 46592K, 39% used [0x00000000f7f00000,0x00000000f90f82c0,0x00000000fac80000)
  to   space 53760K, 0% used [0x00000000f4380000,0x00000000f4380000,0x00000000f7800000)
 ParOldGen       total 208896K, used 121702K [0x00000000a0000000, 0x00000000acc00000, 0x00000000e0000000)
  object space 208896K, 58% used [0x00000000a0000000,0x00000000a76d9b00,0x00000000acc00000)
 Metaspace       used 93181K, capacity 97126K, committed 97536K, reserved 1134592K
  class space    used 11848K, capacity 12633K, committed 12800K, reserved 1048576K
}
Event: 3467.690 GC heap before
{Heap before GC invocations=35 (full 4):
 PSYoungGen      total 377856K, used 349664K [0x00000000e0000000, 0x00000000fac80000, 0x0000000100000000)
  eden space 331264K, 100% used [0x00000000e0000000,0x00000000f4380000,0x00000000f4380000)
  from space 46592K, 39% used [0x00000000f7f00000,0x00000000f90f82c0,0x00000000fac80000)
  to   space 53760K, 0% used [0x00000000f4380000,0x00000000f4380000,0x00000000f7800000)
 ParOldGen       total 208896K, used 121702K [0x00000000a0000000, 0x00000000acc00000, 0x00000000e0000000)
  object space 208896K, 58% used [0x00000000a0000000,0x00000000a76d9b00,0x00000000acc00000)
 Metaspace       used 93220K, capacity 97210K, committed 97792K, reserved 1134592K
  class space    used 11850K, capacity 12633K, committed 12800K, reserved 1048576K
Event: 3467.743 GC heap after
Heap after GC invocations=35 (full 4):
 PSYoungGen      total 385024K, used 16101K [0x00000000e0000000, 0x00000000fd280000, 0x0000000100000000)
  eden space 331264K, 0% used [0x00000000e0000000,0x00000000e0000000,0x00000000f4380000)
  from space 53760K, 29% used [0x00000000f4380000,0x00000000f5339758,0x00000000f7800000)
  to   space 51712K, 0% used [0x00000000fa000000,0x00000000fa000000,0x00000000fd280000)
 ParOldGen       total 208896K, used 121710K [0x00000000a0000000, 0x00000000acc00000, 0x00000000e0000000)
  object space 208896K, 58% used [0x00000000a0000000,0x00000000a76dbb00,0x00000000acc00000)
 Metaspace       used 93220K, capacity 97210K, committed 97792K, reserved 1134592K
  class space    used 11850K, capacity 12633K, committed 12800K, reserved 1048576K
}
Event: 3470.722 GC heap before
{Heap before GC invocations=36 (full 4):
 PSYoungGen      total 385024K, used 347365K [0x00000000e0000000, 0x00000000fd280000, 0x0000000100000000)
  eden space 331264K, 100% used [0x00000000e0000000,0x00000000f4380000,0x00000000f4380000)
  from space 53760K, 29% used [0x00000000f4380000,0x00000000f5339758,0x00000000f7800000)
  to   space 51712K, 0% used [0x00000000fa000000,0x00000000fa000000,0x00000000fd280000)
 ParOldGen       total 208896K, used 121710K [0x00000000a0000000, 0x00000000acc00000, 0x00000000e0000000)
  object space 208896K, 58% used [0x00000000a0000000,0x00000000a76dbb00,0x00000000acc00000)
 Metaspace       used 93248K, capacity 97228K, committed 97792K, reserved 1134592K
  class space    used 11854K, capacity 12638K, committed 12800K, reserved 1048576K
Event: 3470.763 GC heap after
Heap after GC invocations=36 (full 4):
 PSYoungGen      total 420864K, used 16392K [0x00000000e0000000, 0x00000000fce00000, 0x0000000100000000)
  eden space 373760K, 0% used [0x00000000e0000000,0x00000000e0000000,0x00000000f6d00000)
  from space 47104K, 34% used [0x00000000fa000000,0x00000000fb002340,0x00000000fce00000)
  to   space 49664K, 0% used [0x00000000f6d00000,0x00000000f6d00000,0x00000000f9d80000)
 ParOldGen       total 208896K, used 121718K [0x00000000a0000000, 0x00000000acc00000, 0x00000000e0000000)
  object space 208896K, 58% used [0x00000000a0000000,0x00000000a76ddb00,0x00000000acc00000)
 Metaspace       used 93248K, capacity 97228K, committed 97792K, reserved 1134592K
  class space    used 11854K, capacity 12638K, committed 12800K, reserved 1048576K
}
Event: 3484.498 GC heap before
{Heap before GC invocations=37 (full 4):
 PSYoungGen      total 420864K, used 390152K [0x00000000e0000000, 0x00000000fce00000, 0x0000000100000000)
  eden space 373760K, 100% used [0x00000000e0000000,0x00000000f6d00000,0x00000000f6d00000)
  from space 47104K, 34% used [0x00000000fa000000,0x00000000fb002340,0x00000000fce00000)
  to   space 49664K, 0% used [0x00000000f6d00000,0x00000000f6d00000,0x00000000f9d80000)
 ParOldGen       total 208896K, used 121718K [0x00000000a0000000, 0x00000000acc00000, 0x00000000e0000000)
  object space 208896K, 58% used [0x00000000a0000000,0x00000000a76ddb00,0x00000000acc00000)
 Metaspace       used 93293K, capacity 97248K, committed 97792K, reserved 1134592K
  class space    used 11856K, capacity 12640K, committed 12800K, reserved 1048576K
Event: 3484.615 GC heap after
Heap after GC invocations=37 (full 4):
 PSYoungGen      total 423424K, used 49647K [0x00000000e0000000, 0x0000000100000000, 0x0000000100000000)
  eden space 373760K, 0% used [0x00000000e0000000,0x00000000e0000000,0x00000000f6d00000)
  from space 49664K, 99% used [0x00000000f6d00000,0x00000000f9d7bf08,0x00000000f9d80000)
  to   space 60416K, 0% used [0x00000000fc500000,0x00000000fc500000,0x0000000100000000)
 ParOldGen       total 208896K, used 128854K [0x00000000a0000000, 0x00000000acc00000, 0x00000000e0000000)
  object space 208896K, 61% used [0x00000000a0000000,0x00000000a7dd5b78,0x00000000acc00000)
 Metaspace       used 93293K, capacity 97248K, committed 97792K, reserved 1134592K
  class space    used 11856K, capacity 12640K, committed 12800K, reserved 1048576K
}
Event: 3490.933 GC heap before
{Heap before GC invocations=38 (full 4):
 PSYoungGen      total 423424K, used 423407K [0x00000000e0000000, 0x0000000100000000, 0x0000000100000000)
  eden space 373760K, 100% used [0x00000000e0000000,0x00000000f6d00000,0x00000000f6d00000)
  from space 49664K, 99% used [0x00000000f6d00000,0x00000000f9d7bf08,0x00000000f9d80000)
  to   space 60416K, 0% used [0x00000000fc500000,0x00000000fc500000,0x0000000100000000)
 ParOldGen       total 208896K, used 128854K [0x00000000a0000000, 0x00000000acc00000, 0x00000000e0000000)
  object space 208896K, 61% used [0x00000000a0000000,0x00000000a7dd5b78,0x00000000acc00000)
 Metaspace       used 93406K, capacity 97386K, committed 97792K, reserved 1134592K
  class space    used 11861K, capacity 12641K, committed 12800K, reserved 1048576K
Event: 3491.024 GC heap after
Heap after GC invocations=38 (full 4):
 PSYoungGen      total 431104K, used 60408K [0x00000000e0000000, 0x0000000100000000, 0x0000000100000000)
  eden space 370688K, 0% used [0x00000000e0000000,0x00000000e0000000,0x00000000f6a00000)
  from space 60416K, 99% used [0x00000000fc500000,0x00000000ffffe058,0x0000000100000000)
  to   space 76800K, 0% used [0x00000000f6a00000,0x00000000f6a00000,0x00000000fb500000)
 ParOldGen       total 208896K, used 147265K [0x00000000a0000000, 0x00000000acc00000, 0x00000000e0000000)
  object space 208896K, 70% used [0x00000000a0000000,0x00000000a8fd0418,0x00000000acc00000)
 Metaspace       used 93406K, capacity 97386K, committed 97792K, reserved 1134592K
  class space    used 11861K, capacity 12641K, committed 12800K, reserved 1048576K
}

