# JRE version: Java(TM) SE Runtime Environment (8.0_121-b13) (build 1.8.0_121-b13)
# Java VM: Java HotSpot(TM) 64-Bit Server VM (25.121-b13 mixed mode windows-amd64 compressed oops)
Heap:
 PSYoungGen      total 168448K, used 80662K [0x00000000e0000000, 0x00000000efa00000, 0x0000000100000000)
  eden space 117248K, 25% used [0x00000000e0000000,0x00000000e1ccbfc0,0x00000000e7280000)
  from space 51200K, 99% used [0x00000000eb000000,0x00000000ee1f9bc0,0x00000000ee200000)
  to   space 62976K, 0% used [0x00000000e7280000,0x00000000e7280000,0x00000000eb000000)
 ParOldGen       total 151552K, used 90971K [0x00000000a0000000, 0x00000000a9400000, 0x00000000e0000000)
  object space 151552K, 60% used [0x00000000a0000000,0x00000000a58d6f20,0x00000000a9400000)
 Metaspace       used 70896K, capacity 73078K, committed 73432K, reserved 1112064K
  class space    used 9502K, capacity 10075K, committed 10200K, reserved 1048576K
GC Heap History (10 events):
Event: 130.827 GC heap before
{Heap before GC invocations=32 (full 3):
 PSYoungGen      total 130560K, used 123530K [0x00000000e0000000, 0x00000000e9f80000, 0x0000000100000000)
  eden space 102400K, 100% used [0x00000000e0000000,0x00000000e6400000,0x00000000e6400000)
  from space 28160K, 75% used [0x00000000e8180000,0x00000000e9622878,0x00000000e9d00000)
  to   space 30208K, 0% used [0x00000000e6400000,0x00000000e6400000,0x00000000e8180000)
 ParOldGen       total 80896K, used 57290K [0x00000000a0000000, 0x00000000a4f00000, 0x00000000e0000000)
  object space 80896K, 70% used [0x00000000a0000000,0x00000000a37f2bc8,0x00000000a4f00000)
 Metaspace       used 64547K, capacity 66798K, committed 67032K, reserved 1107968K
  class space    used 8825K, capacity 9353K, committed 9432K, reserved 1048576K
Event: 130.885 GC heap after
Heap after GC invocations=32 (full 3):
 PSYoungGen      total 132608K, used 18021K [0x00000000e0000000, 0x00000000eac00000, 0x0000000100000000)
  eden space 102400K, 0% used [0x00000000e0000000,0x00000000e0000000,0x00000000e6400000)
  from space 30208K, 59% used [0x00000000e6400000,0x00000000e7599580,0x00000000e8180000)
  to   space 30720K, 0% used [0x00000000e8e00000,0x00000000e8e00000,0x00000000eac00000)
 ParOldGen       total 80896K, used 57290K [0x00000000a0000000, 0x00000000a4f00000, 0x00000000e0000000)
  object space 80896K, 70% used [0x00000000a0000000,0x00000000a37f2bc8,0x00000000a4f00000)
 Metaspace       used 64547K, capacity 66798K, committed 67032K, reserved 1107968K
  class space    used 8825K, capacity 9353K, committed 9432K, reserved 1048576K
}
Event: 159.711 GC heap before
{Heap before GC invocations=33 (full 3):
 PSYoungGen      total 132608K, used 120421K [0x00000000e0000000, 0x00000000eac00000, 0x0000000100000000)
  eden space 102400K, 100% used [0x00000000e0000000,0x00000000e6400000,0x00000000e6400000)
  from space 30208K, 59% used [0x00000000e6400000,0x00000000e7599580,0x00000000e8180000)
  to   space 30720K, 0% used [0x00000000e8e00000,0x00000000e8e00000,0x00000000eac00000)
 ParOldGen       total 80896K, used 57290K [0x00000000a0000000, 0x00000000a4f00000, 0x00000000e0000000)
  object space 80896K, 70% used [0x00000000a0000000,0x00000000a37f2bc8,0x00000000a4f00000)
 Metaspace       used 69098K, capacity 71362K, committed 71384K, reserved 1110016K
  class space    used 9396K, capacity 9937K, committed 9944K, reserved 1048576K
Event: 159.765 GC heap after
Heap after GC invocations=33 (full 3):
 PSYoungGen      total 138240K, used 30718K [0x00000000e0000000, 0x00000000eb800000, 0x0000000100000000)
  eden space 107520K, 0% used [0x00000000e0000000,0x00000000e0000000,0x00000000e6900000)
  from space 30720K, 99% used [0x00000000e8e00000,0x00000000eabffaf8,0x00000000eac00000)
  to   space 37888K, 0% used [0x00000000e6900000,0x00000000e6900000,0x00000000e8e00000)
 ParOldGen       total 80896K, used 63100K [0x00000000a0000000, 0x00000000a4f00000, 0x00000000e0000000)
  object space 80896K, 78% used [0x00000000a0000000,0x00000000a3d9f098,0x00000000a4f00000)
 Metaspace       used 69098K, capacity 71362K, committed 71384K, reserved 1110016K
  class space    used 9396K, capacity 9937K, committed 9944K, reserved 1048576K
}
Event: 160.465 GC heap before
{Heap before GC invocations=34 (full 3):
 PSYoungGen      total 138240K, used 138238K [0x00000000e0000000, 0x00000000eb800000, 0x0000000100000000)
  eden space 107520K, 100% used [0x00000000e0000000,0x00000000e6900000,0x00000000e6900000)
  from space 30720K, 99% used [0x00000000e8e00000,0x00000000eabffaf8,0x00000000eac00000)
  to   space 37888K, 0% used [0x00000000e6900000,0x00000000e6900000,0x00000000e8e00000)
 ParOldGen       total 80896K, used 63100K [0x00000000a0000000, 0x00000000a4f00000, 0x00000000e0000000)
  object space 80896K, 78% used [0x00000000a0000000,0x00000000a3d9f098,0x00000000a4f00000)
 Metaspace       used 69169K, capacity 71426K, committed 71640K, reserved 1112064K
  class space    used 9400K, capacity 9937K, committed 9944K, reserved 1048576K
Event: 160.538 GC heap after
Heap after GC invocations=34 (full 3):
 PSYoungGen      total 145408K, used 37886K [0x00000000e0000000, 0x00000000ee200000, 0x0000000100000000)
  eden space 107520K, 0% used [0x00000000e0000000,0x00000000e0000000,0x00000000e6900000)
  from space 37888K, 99% used [0x00000000e6900000,0x00000000e8dff950,0x00000000e8e00000)
  to   space 51200K, 0% used [0x00000000eb000000,0x00000000eb000000,0x00000000ee200000)
 ParOldGen       total 82432K, used 82125K [0x00000000a0000000, 0x00000000a5080000, 0x00000000e0000000)
  object space 82432K, 99% used [0x00000000a0000000,0x00000000a5033490,0x00000000a5080000)
 Metaspace       used 69169K, capacity 71426K, committed 71640K, reserved 1112064K
  class space    used 9400K, capacity 9937K, committed 9944K, reserved 1048576K
}
Event: 160.538 GC heap before
{Heap before GC invocations=35 (full 4):
 PSYoungGen      total 145408K, used 37886K [0x00000000e0000000, 0x00000000ee200000, 0x0000000100000000)
  eden space 107520K, 0% used [0x00000000e0000000,0x00000000e0000000,0x00000000e6900000)
  from space 37888K, 99% used [0x00000000e6900000,0x00000000e8dff950,0x00000000e8e00000)
  to   space 51200K, 0% used [0x00000000eb000000,0x00000000eb000000,0x00000000ee200000)
 ParOldGen       total 82432K, used 82125K [0x00000000a0000000, 0x00000000a5080000, 0x00000000e0000000)
  object space 82432K, 99% used [0x00000000a0000000,0x00000000a5033490,0x00000000a5080000)
 Metaspace       used 69169K, capacity 71426K, committed 71640K, reserved 1112064K
  class space    used 9400K, capacity 9937K, committed 9944K, reserved 1048576K
Event: 161.197 GC heap after
Heap after GC invocations=35 (full 4):
 PSYoungGen      total 145408K, used 14141K [0x00000000e0000000, 0x00000000ee200000, 0x0000000100000000)
  eden space 107520K, 0% used [0x00000000e0000000,0x00000000e0000000,0x00000000e6900000)
  from space 37888K, 37% used [0x00000000e6900000,0x00000000e76cf418,0x00000000e8e00000)
  to   space 51200K, 0% used [0x00000000eb000000,0x00000000eb000000,0x00000000ee200000)
 ParOldGen       total 151552K, used 81726K [0x00000000a0000000, 0x00000000a9400000, 0x00000000e0000000)
  object space 151552K, 53% used [0x00000000a0000000,0x00000000a4fcfb90,0x00000000a9400000)
 Metaspace       used 69131K, capacity 71318K, committed 71640K, reserved 1112064K
  class space    used 9387K, capacity 9915K, committed 9944K, reserved 1048576K
}
Event: 166.519 GC heap before
{Heap before GC invocations=36 (full 4):
 PSYoungGen      total 145408K, used 121661K [0x00000000e0000000, 0x00000000ee200000, 0x0000000100000000)
  eden space 107520K, 100% used [0x00000000e0000000,0x00000000e6900000,0x00000000e6900000)
  from space 37888K, 37% used [0x00000000e6900000,0x00000000e76cf418,0x00000000e8e00000)
  to   space 51200K, 0% used [0x00000000eb000000,0x00000000eb000000,0x00000000ee200000)
 ParOldGen       total 151552K, used 81726K [0x00000000a0000000, 0x00000000a9400000, 0x00000000e0000000)
  object space 151552K, 53% used [0x00000000a0000000,0x00000000a4fcfb90,0x00000000a9400000)
 Metaspace       used 69639K, capacity 71798K, committed 72024K, reserved 1112064K
  class space    used 9407K, capacity 9947K, committed 10072K, reserved 1048576K
Event: 166.694 GC heap after
Heap after GC invocations=36 (full 4):
 PSYoungGen      total 168448K, used 51174K [0x00000000e0000000, 0x00000000efa00000, 0x0000000100000000)
  eden space 117248K, 0% used [0x00000000e0000000,0x00000000e0000000,0x00000000e7280000)
  from space 51200K, 99% used [0x00000000eb000000,0x00000000ee1f9bc0,0x00000000ee200000)
  to   space 62976K, 0% used [0x00000000e7280000,0x00000000e7280000,0x00000000eb000000)
 ParOldGen       total 151552K, used 90971K [0x00000000a0000000, 0x00000000a9400000, 0x00000000e0000000)
  object space 151552K, 60% used [0x00000000a0000000,0x00000000a58d6f20,0x00000000a9400000)
 Metaspace       used 69639K, capacity 71798K, committed 72024K, reserved 1112064K
  class space    used 9407K, capacity 9947K, committed 10072K, reserved 1048576K
}

