# JRE version: Java(TM) SE Runtime Environment (8.0_121-b13) (build 1.8.0_121-b13)
# Java VM: Java HotSpot(TM) 64-Bit Server VM (25.121-b13 mixed mode windows-amd64 compressed oops)
Heap:
 PSYoungGen      total 310272K, used 76243K [0x00000000e0000000, 0x00000000f8e00000, 0x0000000100000000)
  eden space 224256K, 7% used [0x00000000e0000000,0x00000000e1030928,0x00000000edb00000)
  from space 86016K, 69% used [0x00000000f3a00000,0x00000000f7444688,0x00000000f8e00000)
  to   space 91648K, 0% used [0x00000000edb00000,0x00000000edb00000,0x00000000f3480000)
 ParOldGen       total 163328K, used 106829K [0x00000000a0000000, 0x00000000a9f80000, 0x00000000e0000000)
  object space 163328K, 65% used [0x00000000a0000000,0x00000000a68534b8,0x00000000a9f80000)
 Metaspace       used 115087K, capacity 121084K, committed 121216K, reserved 1155072K
  class space    used 15256K, capacity 16470K, committed 16512K, reserved 1048576K
GC Heap History (10 events):
Event: 2229.200 GC heap before
{Heap before GC invocations=33 (full 5):
 PSYoungGen      total 309248K, used 308940K [0x00000000e0000000, 0x00000000f7d80000, 0x0000000100000000)
  eden space 276992K, 99% used [0x00000000e0000000,0x00000000f0e7da98,0x00000000f0e80000)
  from space 32256K, 99% used [0x00000000f1a80000,0x00000000f39b56a0,0x00000000f3a00000)
  to   space 56832K, 0% used [0x00000000f4600000,0x00000000f4600000,0x00000000f7d80000)
 ParOldGen       total 163328K, used 105642K [0x00000000a0000000, 0x00000000a9f80000, 0x00000000e0000000)
  object space 163328K, 64% used [0x00000000a0000000,0x00000000a672aa80,0x00000000a9f80000)
 Metaspace       used 107728K, capacity 113042K, committed 113280K, reserved 1146880K
  class space    used 14586K, capacity 15685K, committed 15744K, reserved 1048576K
Event: 2229.315 GC heap after
Heap after GC invocations=33 (full 5):
 PSYoungGen      total 322560K, used 51432K [0x00000000e0000000, 0x00000000f8080000, 0x0000000100000000)
  eden space 265728K, 0% used [0x00000000e0000000,0x00000000e0000000,0x00000000f0380000)
  from space 56832K, 90% used [0x00000000f4600000,0x00000000f783a330,0x00000000f7d80000)
  to   space 64000K, 0% used [0x00000000f0380000,0x00000000f0380000,0x00000000f4200000)
 ParOldGen       total 163328K, used 105650K [0x00000000a0000000, 0x00000000a9f80000, 0x00000000e0000000)
  object space 163328K, 64% used [0x00000000a0000000,0x00000000a672ca80,0x00000000a9f80000)
 Metaspace       used 107728K, capacity 113042K, committed 113280K, reserved 1146880K
  class space    used 14586K, capacity 15685K, committed 15744K, reserved 1048576K
}
Event: 2293.636 GC heap before
{Heap before GC invocations=34 (full 5):
 PSYoungGen      total 322560K, used 317160K [0x00000000e0000000, 0x00000000f8080000, 0x0000000100000000)
  eden space 265728K, 100% used [0x00000000e0000000,0x00000000f0380000,0x00000000f0380000)
  from space 56832K, 90% used [0x00000000f4600000,0x00000000f783a330,0x00000000f7d80000)
  to   space 64000K, 0% used [0x00000000f0380000,0x00000000f0380000,0x00000000f4200000)
 ParOldGen       total 163328K, used 105650K [0x00000000a0000000, 0x00000000a9f80000, 0x00000000e0000000)
  object space 163328K, 64% used [0x00000000a0000000,0x00000000a672ca80,0x00000000a9f80000)
 Metaspace       used 109772K, capacity 115394K, committed 115584K, reserved 1148928K
  class space    used 14821K, capacity 15963K, committed 16000K, reserved 1048576K
Event: 2293.724 GC heap after
Heap after GC invocations=34 (full 5):
 PSYoungGen      total 314368K, used 59384K [0x00000000e0000000, 0x00000000f8700000, 0x0000000100000000)
  eden space 254976K, 0% used [0x00000000e0000000,0x00000000e0000000,0x00000000ef900000)
  from space 59392K, 99% used [0x00000000f0380000,0x00000000f3d7e068,0x00000000f3d80000)
  to   space 72704K, 0% used [0x00000000f4000000,0x00000000f4000000,0x00000000f8700000)
 ParOldGen       total 163328K, used 105658K [0x00000000a0000000, 0x00000000a9f80000, 0x00000000e0000000)
  object space 163328K, 64% used [0x00000000a0000000,0x00000000a672ea80,0x00000000a9f80000)
 Metaspace       used 109772K, capacity 115394K, committed 115584K, reserved 1148928K
  class space    used 14821K, capacity 15963K, committed 16000K, reserved 1048576K
}
Event: 3336.564 GC heap before
{Heap before GC invocations=35 (full 5):
 PSYoungGen      total 314368K, used 314360K [0x00000000e0000000, 0x00000000f8700000, 0x0000000100000000)
  eden space 254976K, 100% used [0x00000000e0000000,0x00000000ef900000,0x00000000ef900000)
  from space 59392K, 99% used [0x00000000f0380000,0x00000000f3d7e068,0x00000000f3d80000)
  to   space 72704K, 0% used [0x00000000f4000000,0x00000000f4000000,0x00000000f8700000)
 ParOldGen       total 163328K, used 105658K [0x00000000a0000000, 0x00000000a9f80000, 0x00000000e0000000)
  object space 163328K, 64% used [0x00000000a0000000,0x00000000a672ea80,0x00000000a9f80000)
 Metaspace       used 113899K, capacity 119632K, committed 119808K, reserved 1153024K
  class space    used 15162K, capacity 16322K, committed 16384K, reserved 1048576K
Event: 3336.942 GC heap after
Heap after GC invocations=35 (full 5):
 PSYoungGen      total 315904K, used 72688K [0x00000000e0000000, 0x00000000f9400000, 0x0000000100000000)
  eden space 243200K, 0% used [0x00000000e0000000,0x00000000e0000000,0x00000000eed80000)
  from space 72704K, 99% used [0x00000000f4000000,0x00000000f86fc008,0x00000000f8700000)
  to   space 84480K, 0% used [0x00000000eed80000,0x00000000eed80000,0x00000000f4000000)
 ParOldGen       total 163328K, used 106629K [0x00000000a0000000, 0x00000000a9f80000, 0x00000000e0000000)
  object space 163328K, 65% used [0x00000000a0000000,0x00000000a68214b8,0x00000000a9f80000)
 Metaspace       used 113899K, capacity 119632K, committed 119808K, reserved 1153024K
  class space    used 15162K, capacity 16322K, committed 16384K, reserved 1048576K
}
Event: 3379.905 GC heap before
{Heap before GC invocations=36 (full 5):
 PSYoungGen      total 315904K, used 315888K [0x00000000e0000000, 0x00000000f9400000, 0x0000000100000000)
  eden space 243200K, 100% used [0x00000000e0000000,0x00000000eed80000,0x00000000eed80000)
  from space 72704K, 99% used [0x00000000f4000000,0x00000000f86fc008,0x00000000f8700000)
  to   space 84480K, 0% used [0x00000000eed80000,0x00000000eed80000,0x00000000f4000000)
 ParOldGen       total 163328K, used 106629K [0x00000000a0000000, 0x00000000a9f80000, 0x00000000e0000000)
  object space 163328K, 65% used [0x00000000a0000000,0x00000000a68214b8,0x00000000a9f80000)
 Metaspace       used 114719K, capacity 120704K, committed 120960K, reserved 1153024K
  class space    used 15249K, capacity 16462K, committed 16512K, reserved 1048576K
Event: 3380.103 GC heap after
Heap after GC invocations=36 (full 5):
 PSYoungGen      total 289792K, used 56255K [0x00000000e0000000, 0x00000000f9000000, 0x0000000100000000)
  eden space 233472K, 0% used [0x00000000e0000000,0x00000000e0000000,0x00000000ee400000)
  from space 56320K, 99% used [0x00000000eed80000,0x00000000f246fe20,0x00000000f2480000)
  to   space 88064K, 0% used [0x00000000f3a00000,0x00000000f3a00000,0x00000000f9000000)
 ParOldGen       total 163328K, used 106821K [0x00000000a0000000, 0x00000000a9f80000, 0x00000000e0000000)
  object space 163328K, 65% used [0x00000000a0000000,0x00000000a68514b8,0x00000000a9f80000)
 Metaspace       used 114719K, capacity 120704K, committed 120960K, reserved 1153024K
  class space    used 15249K, capacity 16462K, committed 16512K, reserved 1048576K
}
Event: 3407.009 GC heap before
{Heap before GC invocations=37 (full 5):
 PSYoungGen      total 289792K, used 289727K [0x00000000e0000000, 0x00000000f9000000, 0x0000000100000000)
  eden space 233472K, 100% used [0x00000000e0000000,0x00000000ee400000,0x00000000ee400000)
  from space 56320K, 99% used [0x00000000eed80000,0x00000000f246fe20,0x00000000f2480000)
  to   space 88064K, 0% used [0x00000000f3a00000,0x00000000f3a00000,0x00000000f9000000)
 ParOldGen       total 163328K, used 106821K [0x00000000a0000000, 0x00000000a9f80000, 0x00000000e0000000)
  object space 163328K, 65% used [0x00000000a0000000,0x00000000a68514b8,0x00000000a9f80000)
 Metaspace       used 115021K, capacity 121016K, committed 121216K, reserved 1155072K
  class space    used 15256K, capacity 16470K, committed 16512K, reserved 1048576K
Event: 3407.096 GC heap after
Heap after GC invocations=37 (full 5):
 PSYoungGen      total 310272K, used 59665K [0x00000000e0000000, 0x00000000f8e00000, 0x0000000100000000)
  eden space 224256K, 0% used [0x00000000e0000000,0x00000000e0000000,0x00000000edb00000)
  from space 86016K, 69% used [0x00000000f3a00000,0x00000000f7444688,0x00000000f8e00000)
  to   space 91648K, 0% used [0x00000000edb00000,0x00000000edb00000,0x00000000f3480000)
 ParOldGen       total 163328K, used 106829K [0x00000000a0000000, 0x00000000a9f80000, 0x00000000e0000000)
  object space 163328K, 65% used [0x00000000a0000000,0x00000000a68534b8,0x00000000a9f80000)
 Metaspace       used 115021K, capacity 121016K, committed 121216K, reserved 1155072K
  class space    used 15256K, capacity 16470K, committed 16512K, reserved 1048576K
}

